<Event xmlns='http://schemas.microsoft.com/win/2004/08/events/event'>
  <System>
    <Provider Name='Microsoft-Windows-AppXDeployment-Server' Guid='{3f471139-acb7-4a01-b7a7-ff5da4ba2d43}'></Provider>
    <EventID>5507</EventID>
    <Version>0</Version>
    <Level>5</Level>
    <Task>0</Task>
    <Opcode>0</Opcode>
    <Keywords>0x4000000000100000</Keywords>
    <TimeCreated SystemTime='2026-07-01T14:15:18.7949610Z'></TimeCreated>
    <EventRecordID>236331</EventRecordID>
    <Correlation ActivityID='{de445442-0963-0006-dca4-44de6309dd01}'></Correlation>
    <Execution ProcessID='6460' ThreadID='12848'></Execution>
    <Channel>Microsoft-Windows-AppXDeploymentServer/Operational</Channel>
    <Computer>DESKTOP-JE7NNEN</Computer>
    <Security UserID='S-1-12-1-1924906136-1125473986-2706025896-676455228'></Security>
  </System>
  <EventData>
    <Data Name='PackageName'>Microsoft.PowerToys.PowerRenameContextMenu_0.100.1.0_neutral__8wekyb3d8bbwe</Data>
    <Data Name='FilePath'>C:\Program Files\WindowsApps\Microsoft.PowerToys.PowerRenameContextMenu_0.100.1.0_neutral__8wekyb3d8bbwe\microsoft.system.package.metadata\Resources.????????.pri</Data>
    <Data Name='Message'>No shared merged files found</Data>
  </EventData>
</Event>


<Event xmlns='http://schemas.microsoft.com/win/2004/08/events/event'>
  <System>
    <Provider Name='Microsoft-Windows-AppXDeployment-Server' Guid='{3f471139-acb7-4a01-b7a7-ff5da4ba2d43}'></Provider>
    <EventID>5507</EventID>
    <Version>0</Version>
    <Level>5</Level>
    <Task>0</Task>
    <Opcode>0</Opcode>
    <Keywords>0x4000000000100000</Keywords>
    <TimeCreated SystemTime='2026-07-01T14:15:18.7952452Z'></TimeCreated>
    <EventRecordID>236332</EventRecordID>
    <Correlation ActivityID='{de445442-0963-0006-dca4-44de6309dd01}'></Correlation>
    <Execution ProcessID='6460' ThreadID='12848'></Execution>
    <Channel>Microsoft-Windows-AppXDeploymentServer/Operational</Channel>
    <Computer>DESKTOP-JE7NNEN</Computer>
    <Security UserID='S-1-12-1-1924906136-1125473986-2706025896-676455228'></Security>
  </System>
  <EventData>
    <Data Name='PackageName'>Microsoft.PowerToys.PowerRenameContextMenu_0.100.1.0_neutral__8wekyb3d8bbwe</Data>
    <Data Name='FilePath'>C:\Program Files\WindowsApps\Microsoft.PowerToys.PowerRenameContextMenu_0.100.1.0_neutral__8wekyb3d8bbwe\microsoft.system.package.metadata\S-1-12-1-1924906136-1125473986-2706025896-676455228-MergedResources-*.pri</Data>
    <Data Name='Message'>No user-specific merged files found</Data>
  </EventData>
</Event>


<Event xmlns='http://schemas.microsoft.com/win/2004/08/events/event'>
  <System>
    <Provider Name='Microsoft-Windows-AppXDeployment-Server' Guid='{3f471139-acb7-4a01-b7a7-ff5da4ba2d43}'></Provider>
    <EventID>5507</EventID>
    <Version>0</Version>
    <Level>5</Level>
    <Task>0</Task>
    <Opcode>0</Opcode>
    <Keywords>0x4000000000100000</Keywords>
    <TimeCreated SystemTime='2026-07-01T14:15:18.7954409Z'></TimeCreated>
    <EventRecordID>236333</EventRecordID>
    <Correlation ActivityID='{de445442-0963-0006-dca4-44de6309dd01}'></Correlation>
    <Execution ProcessID='6460' ThreadID='12848'></Execution>
    <Channel>Microsoft-Windows-AppXDeploymentServer/Operational</Channel>
    <Computer>DESKTOP-JE7NNEN</Computer>
    <Security UserID='S-1-12-1-1924906136-1125473986-2706025896-676455228'></Security>
  </System>
  <EventData>
    <Data Name='PackageName'>Microsoft.PowerToys.PowerRenameContextMenu_0.100.1.0_neutral__8wekyb3d8bbwe</Data>
    <Data Name='FilePath'>C:\Program Files\WindowsApps\Microsoft.PowerToys.PowerRenameContextMenu_0.100.1.0_neutral__8wekyb3d8bbwe\microsoft.system.package.metadata\Resources.????????.pri</Data>
    <Data Name='Message'>No shared merged files found</Data>
  </EventData>
</Event>


<Event xmlns='http://schemas.microsoft.com/win/2004/08/events/event'>
  <System>
    <Provider Name='Microsoft-Windows-AppXDeployment-Server' Guid='{3f471139-acb7-4a01-b7a7-ff5da4ba2d43}'></Provider>
    <EventID>10001</EventID>
    <Version>0</Version>
    <Level>5</Level>
    <Task>4</Task>
    <Opcode>0</Opcode>
    <Keywords>0x4000000000000001</Keywords>
    <TimeCreated SystemTime='2026-07-01T14:15:19.0497378Z'></TimeCreated>
    <EventRecordID>236334</EventRecordID>
    <Correlation ActivityID='{de445442-0963-0006-dca4-44de6309dd01}'></Correlation>
    <Execution ProcessID='6460' ThreadID='12848'></Execution>
    <Channel>Microsoft-Windows-AppXDeploymentServer/Operational</Channel>
    <Computer>DESKTOP-JE7NNEN</Computer>
    <Security UserID='S-1-5-18'></Security>
  </System>
  <EventData>
    <Data Name='PackageFullName'>Microsoft.PowerToys.PowerRenameContextMenu_0.100.1.0_neutral__8wekyb3d8bbwe</Data>
    <Data Name='ErrorCode'>0x0</Data>
  </EventData>
</Event>


<Event xmlns='http://schemas.microsoft.com/win/2004/08/events/event'>
  <System>
    <Provider Name='Microsoft-Windows-AppXDeployment-Server' Guid='{3f471139-acb7-4a01-b7a7-ff5da4ba2d43}'></Provider>
    <EventID>10001</EventID>
    <Version>0</Version>
    <Level>5</Level>
    <Task>4</Task>
    <Opcode>0</Opcode>
    <Keywords>0x4000000000000001</Keywords>
    <TimeCreated SystemTime='2026-07-01T14:15:19.0498789Z'></TimeCreated>
    <EventRecordID>236335</EventRecordID>
    <Correlation ActivityID='{de445442-0963-0006-dca4-44de6309dd01}'></Correlation>
    <Execution ProcessID='6460' ThreadID='12848'></Execution>
    <Channel>Microsoft-Windows-AppXDeploymentServer/Operational</Channel>
    <Computer>DESKTOP-JE7NNEN</Computer>
    <Security UserID='S-1-5-18'></Security>
  </System>
  <EventData>
    <Data Name='PackageFullName'>Microsoft.PowerToys.PowerRenameContextMenu_0.100.1.0_neutral__8wekyb3d8bbwe</Data>
    <Data Name='ErrorCode'>0x0</Data>
  </EventData>
</Event>


<Event xmlns='http://schemas.microsoft.com/win/2004/08/events/event'>
  <System>
    <Provider Name='Microsoft-Windows-AppXDeployment-Server' Guid='{3f471139-acb7-4a01-b7a7-ff5da4ba2d43}'></Provider>
    <EventID>728</EventID>
    <Version>0</Version>
    <Level>3</Level>
    <Task>3</Task>
    <Opcode>0</Opcode>
    <Keywords>0x4000000000000001</Keywords>
    <TimeCreated SystemTime='2026-07-01T14:15:19.1348446Z'></TimeCreated>
    <EventRecordID>236336</EventRecordID>
    <Correlation ActivityID='{de445442-0963-0006-dca4-44de6309dd01}'></Correlation>
    <Execution ProcessID='6460' ThreadID='12848'></Execution>
    <Channel>Microsoft-Windows-AppXDeploymentServer/Operational</Channel>
    <Computer>DESKTOP-JE7NNEN</Computer>
    <Security UserID='S-1-12-1-1924906136-1125473986-2706025896-676455228'></Security>
  </System>
  <EventData>
    <Data Name='ApplicationUserModelId'>Microsoft.PowerToys.PowerRenameContextMenu_8wekyb3d8bbwe!Microsoft.PowerToys.PowerRenameContextMenu</Data>
    <Data Name='ErrorCode'>0x80070015</Data>
  </EventData>
</Event>


<Event xmlns='http://schemas.microsoft.com/win/2004/08/events/event'>
  <System>
    <Provider Name='Microsoft-Windows-AppXDeployment-Server' Guid='{3f471139-acb7-4a01-b7a7-ff5da4ba2d43}'></Provider>
    <EventID>400</EventID>
    <Version>0</Version>
    <Level>4</Level>
    <Task>3</Task>
    <Opcode>2</Opcode>
    <Keywords>0x4000000000000001</Keywords>
    <TimeCreated SystemTime='2026-07-01T14:15:19.1356900Z'></TimeCreated>
    <EventRecordID>236337</EventRecordID>
    <Correlation ActivityID='{de445442-0963-0006-dca4-44de6309dd01}'></Correlation>
    <Execution ProcessID='6460' ThreadID='12848'></Execution>
    <Channel>Microsoft-Windows-AppXDeploymentServer/Operational</Channel>
    <Computer>DESKTOP-JE7NNEN</Computer>
    <Security UserID='S-1-12-1-1924906136-1125473986-2706025896-676455228'></Security>
  </System>
  <EventData>
    <Data Name='DeploymentOperation'>1</Data>
    <Data Name='PackageFullName'>Microsoft.PowerToys.PowerRenameContextMenu_0.100.1.0_neutral__8wekyb3d8bbwe</Data>
    <Data Name='Path'> (PowerRenameContextMenuPackage.msix) </Data>
    <Data Name='MountPoint'>C:</Data>
    <Data Name='TargetPlatform'>0x3</Data>
    <Data Name='SystemVolume'>true</Data>
    <Data Name='StorageId'>\\?\Volume{a148554c-efac-4b17-b694-ad743f18daf6}</Data>
    <Data Name='IsCentennial'>true</Data>
    <Data Name='PackageType'>0x1</Data>
    <Data Name='IsPackageEncrypted'>false</Data>
    <Data Name='DeploymentOptions'>0x40000000040000</Data>
    <Data Name='IsStreamingPackage'>false</Data>
    <Data Name='IsInRelatedSet'>false</Data>
    <Data Name='IsPackageUsingBDC'>false</Data>
    <Data Name='MainPackageFamilyName'>NULL</Data>
    <Data Name='CallingProcess'>PowerToys.exe</Data>
    <Data Name='IsOptional'>false</Data>
    <Data Name='PackageFlags'>0xb0044c</Data>
    <Data Name='PackageFlags2'>0x0</Data>
    <Data Name='HasWin32alacarte'>true</Data>
    <Data Name='HasFullTrust'>true</Data>
    <Data Name='ExternalLocation'>WinUI3Apps</Data>
    <Data Name='PackageSourceUri'>file:///C:/Users/mimichalis/AppData/Local/PowerToys/WinUI3Apps/PowerRenameContextMenuPackage.msix</Data>
    <Data Name='PackageDisplayName'>PowerToys PowerRename Context Menu</Data>
  </EventData>
</Event>


<Event xmlns='http://schemas.microsoft.com/win/2004/08/events/event'>
  <System>
    <Provider Name='Microsoft-Windows-AppXDeployment-Server' Guid='{3f471139-acb7-4a01-b7a7-ff5da4ba2d43}'></Provider>
    <EventID>613</EventID>
    <Version>0</Version>
    <Level>4</Level>
    <Task>3</Task>
    <Opcode>0</Opcode>
    <Keywords>0x4000000000000001</Keywords>
    <TimeCreated SystemTime='2026-07-01T14:15:19.2340748Z'></TimeCreated>
    <EventRecordID>236338</EventRecordID>
    <Correlation ActivityID='{de445442-0963-0006-dca4-44de6309dd01}'></Correlation>
    <Execution ProcessID='6460' ThreadID='12848'></Execution>
    <Channel>Microsoft-Windows-AppXDeploymentServer/Operational</Channel>
    <Computer>DESKTOP-JE7NNEN</Computer>
    <Security UserID='S-1-12-1-1924906136-1125473986-2706025896-676455228'></Security>
  </System>
  <EventData>
    <Data Name='DeploymentOperation'>1</Data>
    <Data Name='PackageFullName'>Microsoft.PowerToys.PowerRenameContextMenu_0.100.1.0_neutral__8wekyb3d8bbwe</Data>
    <Data Name='Summary'>
Overall time: 1000 ms
Enqueue cost: 188 ms
Dequeue delay: 0 ms
Gap: 15 ms
Bundle processing cost: 0 ms
Indexing cost: 16 ms
Resolve dependency cost: 31 ms
Gap: 16 ms
Check approval cost: 0 ms
Evaluation cost: 15 ms
Hardlinking evaluation cost: 0 ms
Stage required cost: 0 ms
Flushing and closing files cost: 0 ms
Gap: 94 ms
Machine register cost: 0 ms
Stage user data cost: 0 ms
Registration cost: 203 ms
Gap: 16 ms
Repository commit transaction cost: 219 ms
Gap: 109 ms
Data flush cost: 0 ms
Post DeStage repository commit transaction cost: 47 ms
Remaining cost: 31 ms
</Data>
  </EventData>
</Event>


<Event xmlns='http://schemas.microsoft.com/win/2004/08/events/event'>
  <System>
    <Provider Name='Microsoft-Windows-AppXDeployment-Server' Guid='{3f471139-acb7-4a01-b7a7-ff5da4ba2d43}'></Provider>
    <EventID>603</EventID>
    <Version>0</Version>
    <Level>4</Level>
    <Task>3</Task>
    <Opcode>0</Opcode>
    <Keywords>0x4000000000000001</Keywords>
    <TimeCreated SystemTime='2026-07-03T07:07:58.1828205Z'></TimeCreated>
    <EventRecordID>236598</EventRecordID>
    <Correlation ActivityID='{de445442-0963-000d-c6a4-46de6309dd01}'></Correlation>
    <Execution ProcessID='12792' ThreadID='4912'></Execution>
    <Channel>Microsoft-Windows-AppXDeploymentServer/Operational</Channel>
    <Computer>DESKTOP-JE7NNEN</Computer>
    <Security UserID='S-1-12-1-1924906136-1125473986-2706025896-676455228'></Security>
  </System>
  <EventData>
    <Data Name='DeploymentOperation'>1</Data>
    <Data Name='Path'>FileLocksmithContextMenuPackage.msix</Data>
    <Data Name='Flags'>262144</Data>
    <Data Name='FlagsHigh'>0</Data>
    <Data Name='CallingProcess'>PowerToys.exe</Data>
    <Data Name='ExternalLocation'>WinUI3Apps</Data>
  </EventData>
</Event>


<Event xmlns='http://schemas.microsoft.com/win/2004/08/events/event'>
  <System>
    <Provider Name='Microsoft-Windows-AppXDeployment-Server' Guid='{3f471139-acb7-4a01-b7a7-ff5da4ba2d43}'></Provider>
    <EventID>10002</EventID>
    <Version>0</Version>
    <Level>5</Level>
    <Task>3</Task>
    <Opcode>0</Opcode>
    <Keywords>0x4000000000000001</Keywords>
    <TimeCreated SystemTime='2026-07-03T07:07:58.8144562Z'></TimeCreated>
    <EventRecordID>236601</EventRecordID>
    <Correlation ActivityID='{de445442-0963-000d-c6a4-46de6309dd01}'></Correlation>
    <Execution ProcessID='12792' ThreadID='24152'></Execution>
    <Channel>Microsoft-Windows-AppXDeploymentServer/Operational</Channel>
    <Computer>DESKTOP-JE7NNEN</Computer>
    <Security UserID='S-1-5-18'></Security>
  </System>
  <EventData>
    <Data Name='DeploymentOperation'>1</Data>
    <Data Name='MainPackageMoniker'>Microsoft.PowerToys.FileLocksmithContextMenu_0.100.1.0_neutral__8wekyb3d8bbwe</Data>
    <Data Name='ResiliencyFilePath'>C:\ProgramData\Microsoft\Windows\AppRepository\c1f1e916-e1be-4321-b644-271a379e606f_S-1-12-1-1924906136-1125473986-2706025896-676455228_7.rslc</Data>
  </EventData>
</Event>


<Event xmlns='http://schemas.microsoft.com/win/2004/08/events/event'>
  <System>
    <Provider Name='Microsoft-Windows-AppXDeployment-Server' Guid='{3f471139-acb7-4a01-b7a7-ff5da4ba2d43}'></Provider>
    <EventID>607</EventID>
    <Version>0</Version>
    <Level>4</Level>
    <Task>0</Task>
    <Opcode>0</Opcode>
    <Keywords>0x4000000000000001</Keywords>
    <TimeCreated SystemTime='2026-07-03T07:07:58.8178227Z'></TimeCreated>
    <EventRecordID>236602</EventRecordID>
    <Correlation ActivityID='{de445442-0963-000d-c6a4-46de6309dd01}'></Correlation>
    <Execution ProcessID='12792' ThreadID='24152'></Execution>
    <Channel>Microsoft-Windows-AppXDeploymentServer/Operational</Channel>
    <Computer>DESKTOP-JE7NNEN</Computer>
    <Security UserID='S-1-12-1-1924906136-1125473986-2706025896-676455228'></Security>
  </System>
  <EventData>
    <Data Name='DeploymentOperation'>1</Data>
    <Data Name='PackageFullName'>Microsoft.PowerToys.FileLocksmithContextMenu_0.100.1.0_neutral__8wekyb3d8bbwe</Data>
    <Data Name='UserSid'>S-1-12-1-1924906136-1125473986-2706025896-676455228</Data>
    <Data Name='CallingProcess'>PowerToys.exe</Data>
  </EventData>
</Event>


<Event xmlns='http://schemas.microsoft.com/win/2004/08/events/event'>
  <System>
    <Provider Name='Microsoft-Windows-AppXDeployment-Server' Guid='{3f471139-acb7-4a01-b7a7-ff5da4ba2d43}'></Provider>
    <EventID>854</EventID>
    <Version>0</Version>
    <Level>4</Level>
    <Task>3</Task>
    <Opcode>0</Opcode>
    <Keywords>0x4000000000000001</Keywords>
    <TimeCreated SystemTime='2026-07-03T07:07:58.8190892Z'></TimeCreated>
    <EventRecordID>236603</EventRecordID>
    <Correlation ActivityID='{de445442-0963-000d-c6a4-46de6309dd01}'></Correlation>
    <Execution ProcessID='12792' ThreadID='24152'></Execution>
    <Channel>Microsoft-Windows-AppXDeploymentServer/Operational</Channel>
    <Computer>DESKTOP-JE7NNEN</Computer>
    <Security UserID='S-1-12-1-1924906136-1125473986-2706025896-676455228'></Security>
  </System>
  <EventData>
    <Data Name='Path'> file:///C:/Users/mimichalis/AppData/Local/PowerToys/WinUI3Apps/FileLocksmithContextMenuPackage.msix</Data>
  </EventData>
</Event>


<Event xmlns='http://schemas.microsoft.com/win/2004/08/events/event'>
  <System>
    <Provider Name='Microsoft-Windows-AppXDeployment-Server' Guid='{3f471139-acb7-4a01-b7a7-ff5da4ba2d43}'></Provider>
    <EventID>855</EventID>
    <Version>0</Version>
    <Level>4</Level>
    <Task>4</Task>
    <Opcode>0</Opcode>
    <Keywords>0x4000000000000001</Keywords>
    <TimeCreated SystemTime='2026-07-03T07:07:58.9412080Z'></TimeCreated>
    <EventRecordID>236604</EventRecordID>
    <Correlation ActivityID='{de445442-0963-000d-c6a4-46de6309dd01}'></Correlation>
    <Execution ProcessID='12792' ThreadID='24152'></Execution>
    <Channel>Microsoft-Windows-AppXDeploymentServer/Operational</Channel>
    <Computer>DESKTOP-JE7NNEN</Computer>
    <Security UserID='S-1-12-1-1924906136-1125473986-2706025896-676455228'></Security>
  </System>
  <EventData>
    <Data Name='PackageMoniker'> addPackageList: Microsoft.PowerToys.FileLocksmithContextMenu_0.100.1.0_neutral__8wekyb3d8bbwe</Data>
  </EventData>
</Event>


<Event xmlns='http://schemas.microsoft.com/win/2004/08/events/event'>
  <System>
    <Provider Name='Microsoft-Windows-AppXDeployment-Server' Guid='{3f471139-acb7-4a01-b7a7-ff5da4ba2d43}'></Provider>
    <EventID>10000</EventID>
    <Version>0</Version>
    <Level>5</Level>
    <Task>4</Task>
    <Opcode>0</Opcode>
    <Keywords>0x4000000000000001</Keywords>
    <TimeCreated SystemTime='2026-07-03T07:07:59.1283715Z'></TimeCreated>
    <EventRecordID>236605</EventRecordID>
    <Correlation ActivityID='{de445442-0963-000d-c6a4-46de6309dd01}'></Correlation>
    <Execution ProcessID='12792' ThreadID='24152'></Execution>
    <Channel>Microsoft-Windows-AppXDeploymentServer/Operational</Channel>
    <Computer>DESKTOP-JE7NNEN</Computer>
    <Security UserID='S-1-5-18'></Security>
  </System>
  <EventData>
    <Data Name='PackageFullName'>Microsoft.PowerToys.FileLocksmithContextMenu_0.100.1.0_neutral__8wekyb3d8bbwe</Data>
    <Data Name='ErrorCode'>0x0</Data>
  </EventData>
</Event>


<Event xmlns='http://schemas.microsoft.com/win/2004/08/events/event'>
  <System>
    <Provider Name='Microsoft-Windows-AppXDeployment-Server' Guid='{3f471139-acb7-4a01-b7a7-ff5da4ba2d43}'></Provider>
    <EventID>5507</EventID>
    <Version>0</Version>
    <Level>5</Level>
    <Task>0</Task>
    <Opcode>0</Opcode>
    <Keywords>0x4000000000100000</Keywords>
    <TimeCreated SystemTime='2026-07-03T07:07:59.6080603Z'></TimeCreated>
    <EventRecordID>236606</EventRecordID>
    <Correlation ActivityID='{de445442-0963-000d-c6a4-46de6309dd01}'></Correlation>
    <Execution ProcessID='12792' ThreadID='24152'></Execution>
    <Channel>Microsoft-Windows-AppXDeploymentServer/Operational</Channel>
    <Computer>DESKTOP-JE7NNEN</Computer>
    <Security UserID='S-1-12-1-1924906136-1125473986-2706025896-676455228'></Security>
  </System>
  <EventData>
    <Data Name='PackageName'>Microsoft.PowerToys.FileLocksmithContextMenu_0.100.1.0_neutral__8wekyb3d8bbwe</Data>
    <Data Name='FilePath'>C:\Program Files\WindowsApps\Microsoft.PowerToys.FileLocksmithContextMenu_0.100.1.0_neutral__8wekyb3d8bbwe\microsoft.system.package.metadata\S-1-12-1-1924906136-1125473986-2706025896-676455228-MergedResources-*.pri</Data>
    <Data Name='Message'>No user-specific merged files found</Data>
  </EventData>
</Event>


<Event xmlns='http://schemas.microsoft.com/win/2004/08/events/event'>
  <System>
    <Provider Name='Microsoft-Windows-AppXDeployment-Server' Guid='{3f471139-acb7-4a01-b7a7-ff5da4ba2d43}'></Provider>
    <EventID>5507</EventID>
    <Version>0</Version>
    <Level>5</Level>
    <Task>0</Task>
    <Opcode>0</Opcode>
    <Keywords>0x4000000000100000</Keywords>
    <TimeCreated SystemTime='2026-07-03T07:07:59.6084162Z'></TimeCreated>
    <EventRecordID>236607</EventRecordID>
    <Correlation ActivityID='{de445442-0963-000d-c6a4-46de6309dd01}'></Correlation>
    <Execution ProcessID='12792' ThreadID='24152'></Execution>
    <Channel>Microsoft-Windows-AppXDeploymentServer/Operational</Channel>
    <Computer>DESKTOP-JE7NNEN</Computer>
    <Security UserID='S-1-12-1-1924906136-1125473986-2706025896-676455228'></Security>
  </System>
  <EventData>
    <Data Name='PackageName'>Microsoft.PowerToys.FileLocksmithContextMenu_0.100.1.0_neutral__8wekyb3d8bbwe</Data>
    <Data Name='FilePath'>C:\Program Files\WindowsApps\Microsoft.PowerToys.FileLocksmithContextMenu_0.100.1.0_neutral__8wekyb3d8bbwe\microsoft.system.package.metadata\Resources.????????.pri</Data>
    <Data Name='Message'>No shared merged files found</Data>
  </EventData>
</Event>


<Event xmlns='http://schemas.microsoft.com/win/2004/08/events/event'>
  <System>
    <Provider Name='Microsoft-Windows-AppXDeployment-Server' Guid='{3f471139-acb7-4a01-b7a7-ff5da4ba2d43}'></Provider>
    <EventID>5507</EventID>
    <Version>0</Version>
    <Level>5</Level>
    <Task>0</Task>
    <Opcode>0</Opcode>
    <Keywords>0x4000000000100000</Keywords>
    <TimeCreated SystemTime='2026-07-03T07:07:59.6087638Z'></TimeCreated>
    <EventRecordID>236608</EventRecordID>
    <Correlation ActivityID='{de445442-0963-000d-c6a4-46de6309dd01}'></Correlation>
    <Execution ProcessID='12792' ThreadID='24152'></Execution>
    <Channel>Microsoft-Windows-AppXDeploymentServer/Operational</Channel>
    <Computer>DESKTOP-JE7NNEN</Computer>
    <Security UserID='S-1-12-1-1924906136-1125473986-2706025896-676455228'></Security>
  </System>
  <EventData>
    <Data Name='PackageName'>Microsoft.PowerToys.FileLocksmithContextMenu_0.100.1.0_neutral__8wekyb3d8bbwe</Data>
    <Data Name='FilePath'>C:\Program Files\WindowsApps\Microsoft.PowerToys.FileLocksmithContextMenu_0.100.1.0_neutral__8wekyb3d8bbwe\microsoft.system.package.metadata\S-1-12-1-1924906136-1125473986-2706025896-676455228-MergedResources-*.pri</Data>
    <Data Name='Message'>No user-specific merged files found</Data>
  </EventData>
</Event>


<Event xmlns='http://schemas.microsoft.com/win/2004/08/events/event'>
  <System>
    <Provider Name='Microsoft-Windows-AppXDeployment-Server' Guid='{3f471139-acb7-4a01-b7a7-ff5da4ba2d43}'></Provider>
    <EventID>5507</EventID>
    <Version>0</Version>
    <Level>5</Level>
    <Task>0</Task>
    <Opcode>0</Opcode>
    <Keywords>0x4000000000100000</Keywords>
    <TimeCreated SystemTime='2026-07-03T07:07:59.6090425Z'></TimeCreated>
    <EventRecordID>236609</EventRecordID>
    <Correlation ActivityID='{de445442-0963-000d-c6a4-46de6309dd01}'></Correlation>
    <Execution ProcessID='12792' ThreadID='24152'></Execution>
    <Channel>Microsoft-Windows-AppXDeploymentServer/Operational</Channel>
    <Computer>DESKTOP-JE7NNEN</Computer>
    <Security UserID='S-1-12-1-1924906136-1125473986-2706025896-676455228'></Security>
  </System>
  <EventData>
    <Data Name='PackageName'>Microsoft.PowerToys.FileLocksmithContextMenu_0.100.1.0_neutral__8wekyb3d8bbwe</Data>
    <Data Name='FilePath'>C:\Program Files\WindowsApps\Microsoft.PowerToys.FileLocksmithContextMenu_0.100.1.0_neutral__8wekyb3d8bbwe\microsoft.system.package.metadata\Resources.????????.pri</Data>
    <Data Name='Message'>No shared merged files found</Data>
  </EventData>
</Event>


<Event xmlns='http://schemas.microsoft.com/win/2004/08/events/event'>
  <System>
    <Provider Name='Microsoft-Windows-AppXDeployment-Server' Guid='{3f471139-acb7-4a01-b7a7-ff5da4ba2d43}'></Provider>
    <EventID>10001</EventID>
    <Version>0</Version>
    <Level>5</Level>
    <Task>4</Task>
    <Opcode>0</Opcode>
    <Keywords>0x4000000000000001</Keywords>
    <TimeCreated SystemTime='2026-07-03T07:07:59.9699062Z'></TimeCreated>
    <EventRecordID>236610</EventRecordID>
    <Correlation ActivityID='{de445442-0963-000d-c6a4-46de6309dd01}'></Correlation>
    <Execution ProcessID='12792' ThreadID='24152'></Execution>
    <Channel>Microsoft-Windows-AppXDeploymentServer/Operational</Channel>
    <Computer>DESKTOP-JE7NNEN</Computer>
    <Security UserID='S-1-5-18'></Security>
  </System>
  <EventData>
    <Data Name='PackageFullName'>Microsoft.PowerToys.FileLocksmithContextMenu_0.100.1.0_neutral__8wekyb3d8bbwe</Data>
    <Data Name='ErrorCode'>0x0</Data>
  </EventData>
</Event>


<Event xmlns='http://schemas.microsoft.com/win/2004/08/events/event'>
  <System>
    <Provider Name='Microsoft-Windows-AppXDeployment-Server' Guid='{3f471139-acb7-4a01-b7a7-ff5da4ba2d43}'></Provider>
    <EventID>10001</EventID>
    <Version>0</Version>
    <Level>5</Level>
    <Task>4</Task>
    <Opcode>0</Opcode>
    <Keywords>0x4000000000000001</Keywords>
    <TimeCreated SystemTime='2026-07-03T07:07:59.9700858Z'></TimeCreated>
    <EventRecordID>236611</EventRecordID>
    <Correlation ActivityID='{de445442-0963-000d-c6a4-46de6309dd01}'></Correlation>
    <Execution ProcessID='12792' ThreadID='24152'></Execution>
    <Channel>Microsoft-Windows-AppXDeploymentServer/Operational</Channel>
    <Computer>DESKTOP-JE7NNEN</Computer>
    <Security UserID='S-1-5-18'></Security>
  </System>
  <EventData>
    <Data Name='PackageFullName'>Microsoft.PowerToys.FileLocksmithContextMenu_0.100.1.0_neutral__8wekyb3d8bbwe</Data>
    <Data Name='ErrorCode'>0x0</Data>
  </EventData>
</Event>


<Event xmlns='http://schemas.microsoft.com/win/2004/08/events/event'>
  <System>
    <Provider Name='Microsoft-Windows-AppXDeployment-Server' Guid='{3f471139-acb7-4a01-b7a7-ff5da4ba2d43}'></Provider>
    <EventID>400</EventID>
    <Version>0</Version>
    <Level>4</Level>
    <Task>3</Task>
    <Opcode>2</Opcode>
    <Keywords>0x4000000000000001</Keywords>
    <TimeCreated SystemTime='2026-07-03T07:08:00.1058458Z'></TimeCreated>
    <EventRecordID>236612</EventRecordID>
    <Correlation ActivityID='{de445442-0963-000d-c6a4-46de6309dd01}'></Correlation>
    <Execution ProcessID='12792' ThreadID='24152'></Execution>
    <Channel>Microsoft-Windows-AppXDeploymentServer/Operational</Channel>
    <Computer>DESKTOP-JE7NNEN</Computer>
    <Security UserID='S-1-12-1-1924906136-1125473986-2706025896-676455228'></Security>
  </System>
  <EventData>
    <Data Name='DeploymentOperation'>1</Data>
    <Data Name='PackageFullName'>Microsoft.PowerToys.FileLocksmithContextMenu_0.100.1.0_neutral__8wekyb3d8bbwe</Data>
    <Data Name='Path'> (FileLocksmithContextMenuPackage.msix) </Data>
    <Data Name='MountPoint'>C:</Data>
    <Data Name='TargetPlatform'>0x3</Data>
    <Data Name='SystemVolume'>true</Data>
    <Data Name='StorageId'>\\?\Volume{a148554c-efac-4b17-b694-ad743f18daf6}</Data>
    <Data Name='IsCentennial'>true</Data>
    <Data Name='PackageType'>0x1</Data>
    <Data Name='IsPackageEncrypted'>false</Data>
    <Data Name='DeploymentOptions'>0x40000000040000</Data>
    <Data Name='IsStreamingPackage'>false</Data>
    <Data Name='IsInRelatedSet'>false</Data>
    <Data Name='IsPackageUsingBDC'>false</Data>
    <Data Name='MainPackageFamilyName'>NULL</Data>
    <Data Name='CallingProcess'>PowerToys.exe</Data>
    <Data Name='IsOptional'>false</Data>
    <Data Name='PackageFlags'>0xb0044c</Data>
    <Data Name='PackageFlags2'>0x0</Data>
    <Data Name='HasWin32alacarte'>true</Data>
    <Data Name='HasFullTrust'>true</Data>
    <Data Name='ExternalLocation'>WinUI3Apps</Data>
    <Data Name='PackageSourceUri'>file:///C:/Users/mimichalis/AppData/Local/PowerToys/WinUI3Apps/FileLocksmithContextMenuPackage.msix</Data>
    <Data Name='PackageDisplayName'>PowerToys FileLocksmith Context Menu</Data>
  </EventData>
</Event>


<Event xmlns='http://schemas.microsoft.com/win/2004/08/events/event'>
  <System>
    <Provider Name='Microsoft-Windows-AppXDeployment-Server' Guid='{3f471139-acb7-4a01-b7a7-ff5da4ba2d43}'></Provider>
    <EventID>613</EventID>
    <Version>0</Version>
    <Level>4</Level>
    <Task>3</Task>
    <Opcode>0</Opcode>
    <Keywords>0x4000000000000001</Keywords>
    <TimeCreated SystemTime='2026-07-03T07:08:00.2242304Z'></TimeCreated>
    <EventRecordID>236613</EventRecordID>
    <Correlation ActivityID='{de445442-0963-000d-c6a4-46de6309dd01}'></Correlation>
    <Execution ProcessID='12792' ThreadID='24152'></Execution>
    <Channel>Microsoft-Windows-AppXDeploymentServer/Operational</Channel>
    <Computer>DESKTOP-JE7NNEN</Computer>
    <Security UserID='S-1-12-1-1924906136-1125473986-2706025896-676455228'></Security>
  </System>
  <EventData>
    <Data Name='DeploymentOperation'>1</Data>
    <Data Name='PackageFullName'>Microsoft.PowerToys.FileLocksmithContextMenu_0.100.1.0_neutral__8wekyb3d8bbwe</Data>
    <Data Name='Summary'>
Overall time: 2031 ms
Enqueue cost: 500 ms
Dequeue delay: 125 ms
Bundle processing cost: 0 ms
Indexing cost: 62 ms
Resolve dependency cost: 63 ms
Check approval cost: 16 ms
Evaluation cost: 15 ms
Hardlinking evaluation cost: 0 ms
Gap: 16 ms
Stage required cost: 15 ms
Flushing and closing files cost: 0 ms
Gap: 204 ms
Machine register cost: 0 ms
Stage user data cost: 0 ms
Registration cost: 406 ms
Gap: 15 ms
Repository commit transaction cost: 313 ms
Gap: 187 ms
Data flush cost: 0 ms
Post DeStage repository commit transaction cost: 63 ms
Remaining cost: 31 ms
</Data>
  </EventData>
</Event>


<Event xmlns='http://schemas.microsoft.com/win/2004/08/events/event'>
  <System>
    <Provider Name='Microsoft-Windows-AppXDeployment-Server' Guid='{3f471139-acb7-4a01-b7a7-ff5da4ba2d43}'></Provider>
    <EventID>603</EventID>
    <Version>0</Version>
    <Level>4</Level>
    <Task>3</Task>
    <Opcode>0</Opcode>
    <Keywords>0x4000000000000001</Keywords>
    <TimeCreated SystemTime='2026-07-03T07:08:00.2770859Z'></TimeCreated>
    <EventRecordID>236619</EventRecordID>
    <Correlation ActivityID='{de445442-0963-000e-9583-46de6309dd01}'></Correlation>
    <Execution ProcessID='12792' ThreadID='10572'></Execution>
    <Channel>Microsoft-Windows-AppXDeploymentServer/Operational</Channel>
    <Computer>DESKTOP-JE7NNEN</Computer>
    <Security UserID='S-1-12-1-1924906136-1125473986-2706025896-676455228'></Security>
  </System>
  <EventData>
    <Data Name='DeploymentOperation'>1</Data>
    <Data Name='Path'>ImageResizerContextMenuPackage.msix</Data>
    <Data Name='Flags'>262144</Data>
    <Data Name='FlagsHigh'>0</Data>
    <Data Name='CallingProcess'>PowerToys.exe</Data>
    <Data Name='ExternalLocation'>WinUI3Apps</Data>
  </EventData>
</Event>


<Event xmlns='http://schemas.microsoft.com/win/2004/08/events/event'>
  <System>
    <Provider Name='Microsoft-Windows-AppXDeployment-Server' Guid='{3f471139-acb7-4a01-b7a7-ff5da4ba2d43}'></Provider>
    <EventID>10002</EventID>
    <Version>0</Version>
    <Level>5</Level>
    <Task>3</Task>
    <Opcode>0</Opcode>
    <Keywords>0x4000000000000001</Keywords>
    <TimeCreated SystemTime='2026-07-03T07:08:00.5363350Z'></TimeCreated>
    <EventRecordID>236622</EventRecordID>
    <Correlation ActivityID='{de445442-0963-000e-9583-46de6309dd01}'></Correlation>
    <Execution ProcessID='12792' ThreadID='24152'></Execution>
    <Channel>Microsoft-Windows-AppXDeploymentServer/Operational</Channel>
    <Computer>DESKTOP-JE7NNEN</Computer>
    <Security UserID='S-1-5-18'></Security>
  </System>
  <EventData>
    <Data Name='DeploymentOperation'>1</Data>
    <Data Name='MainPackageMoniker'>Microsoft.PowerToys.ImageResizerContextMenu_0.100.1.0_neutral__8wekyb3d8bbwe</Data>
    <Data Name='ResiliencyFilePath'>C:\ProgramData\Microsoft\Windows\AppRepository\c1f1e916-e1be-4321-b644-271a379e606f_S-1-12-1-1924906136-1125473986-2706025896-676455228_9.rslc</Data>
  </EventData>
</Event>


<Event xmlns='http://schemas.microsoft.com/win/2004/08/events/event'>
  <System>
    <Provider Name='Microsoft-Windows-AppXDeployment-Server' Guid='{3f471139-acb7-4a01-b7a7-ff5da4ba2d43}'></Provider>
    <EventID>607</EventID>
    <Version>0</Version>
    <Level>4</Level>
    <Task>0</Task>
    <Opcode>0</Opcode>
    <Keywords>0x4000000000000001</Keywords>
    <TimeCreated SystemTime='2026-07-03T07:08:00.5391963Z'></TimeCreated>
    <EventRecordID>236623</EventRecordID>
    <Correlation ActivityID='{de445442-0963-000e-9583-46de6309dd01}'></Correlation>
    <Execution ProcessID='12792' ThreadID='24152'></Execution>
    <Channel>Microsoft-Windows-AppXDeploymentServer/Operational</Channel>
    <Computer>DESKTOP-JE7NNEN</Computer>
    <Security UserID='S-1-12-1-1924906136-1125473986-2706025896-676455228'></Security>
  </System>
  <EventData>
    <Data Name='DeploymentOperation'>1</Data>
    <Data Name='PackageFullName'>Microsoft.PowerToys.ImageResizerContextMenu_0.100.1.0_neutral__8wekyb3d8bbwe</Data>
    <Data Name='UserSid'>S-1-12-1-1924906136-1125473986-2706025896-676455228</Data>
    <Data Name='CallingProcess'>PowerToys.exe</Data>
  </EventData>
</Event>


<Event xmlns='http://schemas.microsoft.com/win/2004/08/events/event'>
  <System>
    <Provider Name='Microsoft-Windows-AppXDeployment-Server' Guid='{3f471139-acb7-4a01-b7a7-ff5da4ba2d43}'></Provider>
    <EventID>854</EventID>
    <Version>0</Version>
    <Level>4</Level>
    <Task>3</Task>
    <Opcode>0</Opcode>
    <Keywords>0x4000000000000001</Keywords>
    <TimeCreated SystemTime='2026-07-03T07:08:00.5404831Z'></TimeCreated>
    <EventRecordID>236624</EventRecordID>
    <Correlation ActivityID='{de445442-0963-000e-9583-46de6309dd01}'></Correlation>
    <Execution ProcessID='12792' ThreadID='24152'></Execution>
    <Channel>Microsoft-Windows-AppXDeploymentServer/Operational</Channel>
    <Computer>DESKTOP-JE7NNEN</Computer>
    <Security UserID='S-1-12-1-1924906136-1125473986-2706025896-676455228'></Security>
  </System>
  <EventData>
    <Data Name='Path'> file:///C:/Users/mimichalis/AppData/Local/PowerToys/WinUI3Apps/ImageResizerContextMenuPackage.msix</Data>
  </EventData>
</Event>


<Event xmlns='http://schemas.microsoft.com/win/2004/08/events/event'>
  <System>
    <Provider Name='Microsoft-Windows-AppXDeployment-Server' Guid='{3f471139-acb7-4a01-b7a7-ff5da4ba2d43}'></Provider>
    <EventID>855</EventID>
    <Version>0</Version>
    <Level>4</Level>
    <Task>4</Task>
    <Opcode>0</Opcode>
    <Keywords>0x4000000000000001</Keywords>
    <TimeCreated SystemTime='2026-07-03T07:08:00.6251304Z'></TimeCreated>
    <EventRecordID>236625</EventRecordID>
    <Correlation ActivityID='{de445442-0963-000e-9583-46de6309dd01}'></Correlation>
    <Execution ProcessID='12792' ThreadID='24152'></Execution>
    <Channel>Microsoft-Windows-AppXDeploymentServer/Operational</Channel>
    <Computer>DESKTOP-JE7NNEN</Computer>
    <Security UserID='S-1-12-1-1924906136-1125473986-2706025896-676455228'></Security>
  </System>
  <EventData>
    <Data Name='PackageMoniker'> addPackageList: Microsoft.PowerToys.ImageResizerContextMenu_0.100.1.0_neutral__8wekyb3d8bbwe</Data>
  </EventData>
</Event>


<Event xmlns='http://schemas.microsoft.com/win/2004/08/events/event'>
  <System>
    <Provider Name='Microsoft-Windows-AppXDeployment-Server' Guid='{3f471139-acb7-4a01-b7a7-ff5da4ba2d43}'></Provider>
    <EventID>10000</EventID>
    <Version>0</Version>
    <Level>5</Level>
    <Task>4</Task>
    <Opcode>0</Opcode>
    <Keywords>0x4000000000000001</Keywords>
    <TimeCreated SystemTime='2026-07-03T07:08:00.7359307Z'></TimeCreated>
    <EventRecordID>236630</EventRecordID>
    <Correlation ActivityID='{de445442-0963-000e-9583-46de6309dd01}'></Correlation>
    <Execution ProcessID='12792' ThreadID='24152'></Execution>
    <Channel>Microsoft-Windows-AppXDeploymentServer/Operational</Channel>
    <Computer>DESKTOP-JE7NNEN</Computer>
    <Security UserID='S-1-5-18'></Security>
  </System>
  <EventData>
    <Data Name='PackageFullName'>Microsoft.PowerToys.ImageResizerContextMenu_0.100.1.0_neutral__8wekyb3d8bbwe</Data>
    <Data Name='ErrorCode'>0x0</Data>
  </EventData>
</Event>


<Event xmlns='http://schemas.microsoft.com/win/2004/08/events/event'>
  <System>
    <Provider Name='Microsoft-Windows-AppXDeployment-Server' Guid='{3f471139-acb7-4a01-b7a7-ff5da4ba2d43}'></Provider>
    <EventID>5507</EventID>
    <Version>0</Version>
    <Level>5</Level>
    <Task>0</Task>
    <Opcode>0</Opcode>
    <Keywords>0x4000000000100000</Keywords>
    <TimeCreated SystemTime='2026-07-03T07:08:01.0615708Z'></TimeCreated>
    <EventRecordID>236633</EventRecordID>
    <Correlation ActivityID='{de445442-0963-000e-9583-46de6309dd01}'></Correlation>
    <Execution ProcessID='12792' ThreadID='24152'></Execution>
    <Channel>Microsoft-Windows-AppXDeploymentServer/Operational</Channel>
    <Computer>DESKTOP-JE7NNEN</Computer>
    <Security UserID='S-1-12-1-1924906136-1125473986-2706025896-676455228'></Security>
  </System>
  <EventData>
    <Data Name='PackageName'>Microsoft.PowerToys.ImageResizerContextMenu_0.100.1.0_neutral__8wekyb3d8bbwe</Data>
    <Data Name='FilePath'>C:\Program Files\WindowsApps\Microsoft.PowerToys.ImageResizerContextMenu_0.100.1.0_neutral__8wekyb3d8bbwe\microsoft.system.package.metadata\S-1-12-1-1924906136-1125473986-2706025896-676455228-MergedResources-*.pri</Data>
    <Data Name='Message'>No user-specific merged files found</Data>
  </EventData>
</Event>


<Event xmlns='http://schemas.microsoft.com/win/2004/08/events/event'>
  <System>
    <Provider Name='Microsoft-Windows-AppXDeployment-Server' Guid='{3f471139-acb7-4a01-b7a7-ff5da4ba2d43}'></Provider>
    <EventID>5507</EventID>
    <Version>0</Version>
    <Level>5</Level>
    <Task>0</Task>
    <Opcode>0</Opcode>
    <Keywords>0x4000000000100000</Keywords>
    <TimeCreated SystemTime='2026-07-03T07:08:01.0618940Z'></TimeCreated>
    <EventRecordID>236634</EventRecordID>
    <Correlation ActivityID='{de445442-0963-000e-9583-46de6309dd01}'></Correlation>
    <Execution ProcessID='12792' ThreadID='24152'></Execution>
    <Channel>Microsoft-Windows-AppXDeploymentServer/Operational</Channel>
    <Computer>DESKTOP-JE7NNEN</Computer>
    <Security UserID='S-1-12-1-1924906136-1125473986-2706025896-676455228'></Security>
  </System>
  <EventData>
    <Data Name='PackageName'>Microsoft.PowerToys.ImageResizerContextMenu_0.100.1.0_neutral__8wekyb3d8bbwe</Data>
    <Data Name='FilePath'>C:\Program Files\WindowsApps\Microsoft.PowerToys.ImageResizerContextMenu_0.100.1.0_neutral__8wekyb3d8bbwe\microsoft.system.package.metadata\Resources.????????.pri</Data>
    <Data Name='Message'>No shared merged files found</Data>
  </EventData>
</Event>


<Event xmlns='http://schemas.microsoft.com/win/2004/08/events/event'>
  <System>
    <Provider Name='Microsoft-Windows-AppXDeployment-Server' Guid='{3f471139-acb7-4a01-b7a7-ff5da4ba2d43}'></Provider>
    <EventID>5507</EventID>
    <Version>0</Version>
    <Level>5</Level>
    <Task>0</Task>
    <Opcode>0</Opcode>
    <Keywords>0x4000000000100000</Keywords>
    <TimeCreated SystemTime='2026-07-03T07:08:01.0622585Z'></TimeCreated>
    <EventRecordID>236635</EventRecordID>
    <Correlation ActivityID='{de445442-0963-000e-9583-46de6309dd01}'></Correlation>
    <Execution ProcessID='12792' ThreadID='24152'></Execution>
    <Channel>Microsoft-Windows-AppXDeploymentServer/Operational</Channel>
    <Computer>DESKTOP-JE7NNEN</Computer>
    <Security UserID='S-1-12-1-1924906136-1125473986-2706025896-676455228'></Security>
  </System>
  <EventData>
    <Data Name='PackageName'>Microsoft.PowerToys.ImageResizerContextMenu_0.100.1.0_neutral__8wekyb3d8bbwe</Data>
    <Data Name='FilePath'>C:\Program Files\WindowsApps\Microsoft.PowerToys.ImageResizerContextMenu_0.100.1.0_neutral__8wekyb3d8bbwe\microsoft.system.package.metadata\S-1-12-1-1924906136-1125473986-2706025896-676455228-MergedResources-*.pri</Data>
    <Data Name='Message'>No user-specific merged files found</Data>
  </EventData>
</Event>


<Event xmlns='http://schemas.microsoft.com/win/2004/08/events/event'>
  <System>
    <Provider Name='Microsoft-Windows-AppXDeployment-Server' Guid='{3f471139-acb7-4a01-b7a7-ff5da4ba2d43}'></Provider>
    <EventID>5507</EventID>
    <Version>0</Version>
    <Level>5</Level>
    <Task>0</Task>
    <Opcode>0</Opcode>
    <Keywords>0x4000000000100000</Keywords>
    <TimeCreated SystemTime='2026-07-03T07:08:01.0625831Z'></TimeCreated>
    <EventRecordID>236636</EventRecordID>
    <Correlation ActivityID='{de445442-0963-000e-9583-46de6309dd01}'></Correlation>
    <Execution ProcessID='12792' ThreadID='24152'></Execution>
    <Channel>Microsoft-Windows-AppXDeploymentServer/Operational</Channel>
    <Computer>DESKTOP-JE7NNEN</Computer>
    <Security UserID='S-1-12-1-1924906136-1125473986-2706025896-676455228'></Security>
  </System>
  <EventData>
    <Data Name='PackageName'>Microsoft.PowerToys.ImageResizerContextMenu_0.100.1.0_neutral__8wekyb3d8bbwe</Data>
    <Data Name='FilePath'>C:\Program Files\WindowsApps\Microsoft.PowerToys.ImageResizerContextMenu_0.100.1.0_neutral__8wekyb3d8bbwe\microsoft.system.package.metadata\Resources.????????.pri</Data>
    <Data Name='Message'>No shared merged files found</Data>
  </EventData>
</Event>


<Event xmlns='http://schemas.microsoft.com/win/2004/08/events/event'>
  <System>
    <Provider Name='Microsoft-Windows-AppXDeployment-Server' Guid='{3f471139-acb7-4a01-b7a7-ff5da4ba2d43}'></Provider>
    <EventID>10001</EventID>
    <Version>0</Version>
    <Level>5</Level>
    <Task>4</Task>
    <Opcode>0</Opcode>
    <Keywords>0x4000000000000001</Keywords>
    <TimeCreated SystemTime='2026-07-03T07:08:01.4007285Z'></TimeCreated>
    <EventRecordID>236637</EventRecordID>
    <Correlation ActivityID='{de445442-0963-000e-9583-46de6309dd01}'></Correlation>
    <Execution ProcessID='12792' ThreadID='24152'></Execution>
    <Channel>Microsoft-Windows-AppXDeploymentServer/Operational</Channel>
    <Computer>DESKTOP-JE7NNEN</Computer>
    <Security UserID='S-1-5-18'></Security>
  </System>
  <EventData>
    <Data Name='PackageFullName'>Microsoft.PowerToys.ImageResizerContextMenu_0.100.1.0_neutral__8wekyb3d8bbwe</Data>
    <Data Name='ErrorCode'>0x0</Data>
  </EventData>
</Event>


<Event xmlns='http://schemas.microsoft.com/win/2004/08/events/event'>
  <System>
    <Provider Name='Microsoft-Windows-AppXDeployment-Server' Guid='{3f471139-acb7-4a01-b7a7-ff5da4ba2d43}'></Provider>
    <EventID>10001</EventID>
    <Version>0</Version>
    <Level>5</Level>
    <Task>4</Task>
    <Opcode>0</Opcode>
    <Keywords>0x4000000000000001</Keywords>
    <TimeCreated SystemTime='2026-07-03T07:08:01.4009173Z'></TimeCreated>
    <EventRecordID>236638</EventRecordID>
    <Correlation ActivityID='{de445442-0963-000e-9583-46de6309dd01}'></Correlation>
    <Execution ProcessID='12792' ThreadID='24152'></Execution>
    <Channel>Microsoft-Windows-AppXDeploymentServer/Operational</Channel>
    <Computer>DESKTOP-JE7NNEN</Computer>
    <Security UserID='S-1-5-18'></Security>
  </System>
  <EventData>
    <Data Name='PackageFullName'>Microsoft.PowerToys.ImageResizerContextMenu_0.100.1.0_neutral__8wekyb3d8bbwe</Data>
    <Data Name='ErrorCode'>0x0</Data>
  </EventData>
</Event>


<Event xmlns='http://schemas.microsoft.com/win/2004/08/events/event'>
  <System>
    <Provider Name='Microsoft-Windows-AppXDeployment-Server' Guid='{3f471139-acb7-4a01-b7a7-ff5da4ba2d43}'></Provider>
    <EventID>400</EventID>
    <Version>0</Version>
    <Level>4</Level>
    <Task>3</Task>
    <Opcode>2</Opcode>
    <Keywords>0x4000000000000001</Keywords>
    <TimeCreated SystemTime='2026-07-03T07:08:01.4817324Z'></TimeCreated>
    <EventRecordID>236639</EventRecordID>
    <Correlation ActivityID='{de445442-0963-000e-9583-46de6309dd01}'></Correlation>
    <Execution ProcessID='12792' ThreadID='24152'></Execution>
    <Channel>Microsoft-Windows-AppXDeploymentServer/Operational</Channel>
    <Computer>DESKTOP-JE7NNEN</Computer>
    <Security UserID='S-1-12-1-1924906136-1125473986-2706025896-676455228'></Security>
  </System>
  <EventData>
    <Data Name='DeploymentOperation'>1</Data>
    <Data Name='PackageFullName'>Microsoft.PowerToys.ImageResizerContextMenu_0.100.1.0_neutral__8wekyb3d8bbwe</Data>
    <Data Name='Path'> (ImageResizerContextMenuPackage.msix) </Data>
    <Data Name='MountPoint'>C:</Data>
    <Data Name='TargetPlatform'>0x3</Data>
    <Data Name='SystemVolume'>true</Data>
    <Data Name='StorageId'>\\?\Volume{a148554c-efac-4b17-b694-ad743f18daf6}</Data>
    <Data Name='IsCentennial'>true</Data>
    <Data Name='PackageType'>0x1</Data>
    <Data Name='IsPackageEncrypted'>false</Data>
    <Data Name='DeploymentOptions'>0x40000000040000</Data>
    <Data Name='IsStreamingPackage'>false</Data>
    <Data Name='IsInRelatedSet'>false</Data>
    <Data Name='IsPackageUsingBDC'>false</Data>
    <Data Name='MainPackageFamilyName'>NULL</Data>
    <Data Name='CallingProcess'>PowerToys.exe</Data>
    <Data Name='IsOptional'>false</Data>
    <Data Name='PackageFlags'>0xb0044c</Data>
    <Data Name='PackageFlags2'>0x0</Data>
    <Data Name='HasWin32alacarte'>true</Data>
    <Data Name='HasFullTrust'>true</Data>
    <Data Name='ExternalLocation'>WinUI3Apps</Data>
    <Data Name='PackageSourceUri'>file:///C:/Users/mimichalis/AppData/Local/PowerToys/WinUI3Apps/ImageResizerContextMenuPackage.msix</Data>
    <Data Name='PackageDisplayName'>PowerToys ImageResizer Context Menu</Data>
  </EventData>
</Event>


<Event xmlns='http://schemas.microsoft.com/win/2004/08/events/event'>
  <System>
    <Provider Name='Microsoft-Windows-AppXDeployment-Server' Guid='{3f471139-acb7-4a01-b7a7-ff5da4ba2d43}'></Provider>
    <EventID>613</EventID>
    <Version>0</Version>
    <Level>4</Level>
    <Task>3</Task>
    <Opcode>0</Opcode>
    <Keywords>0x4000000000000001</Keywords>
    <TimeCreated SystemTime='2026-07-03T07:08:01.6136759Z'></TimeCreated>
    <EventRecordID>236640</EventRecordID>
    <Correlation ActivityID='{de445442-0963-000e-9583-46de6309dd01}'></Correlation>
    <Execution ProcessID='12792' ThreadID='24152'></Execution>
    <Channel>Microsoft-Windows-AppXDeploymentServer/Operational</Channel>
    <Computer>DESKTOP-JE7NNEN</Computer>
    <Security UserID='S-1-12-1-1924906136-1125473986-2706025896-676455228'></Security>
  </System>
  <EventData>
    <Data Name='DeploymentOperation'>1</Data>
    <Data Name='PackageFullName'>Microsoft.PowerToys.ImageResizerContextMenu_0.100.1.0_neutral__8wekyb3d8bbwe</Data>
    <Data Name='Summary'>
Overall time: 1328 ms
Enqueue cost: 218 ms
Dequeue delay: 32 ms
Bundle processing cost: 0 ms
Indexing cost: 31 ms
Resolve dependency cost: 62 ms
Check approval cost: 0 ms
Evaluation cost: 16 ms
Hardlinking evaluation cost: 0 ms
Stage required cost: 0 ms
Flushing and closing files cost: 0 ms
Gap: 125 ms
Machine register cost: 0 ms
Stage user data cost: 0 ms
Registration cost: 297 ms
Gap: 16 ms
Repository commit transaction cost: 296 ms
Gap: 125 ms
Data flush cost: 0 ms
Post DeStage repository commit transaction cost: 79 ms
Remaining cost: 31 ms
</Data>
  </EventData>
</Event>


<Event xmlns='http://schemas.microsoft.com/win/2004/08/events/event'>
  <System>
    <Provider Name='Microsoft-Windows-AppXDeployment-Server' Guid='{3f471139-acb7-4a01-b7a7-ff5da4ba2d43}'></Provider>
    <EventID>603</EventID>
    <Version>0</Version>
    <Level>4</Level>
    <Task>3</Task>
    <Opcode>0</Opcode>
    <Keywords>0x4000000000000001</Keywords>
    <TimeCreated SystemTime='2026-07-03T07:08:02.3811792Z'></TimeCreated>
    <EventRecordID>236661</EventRecordID>
    <Correlation ActivityID='{de445442-0963-000d-76a9-46de6309dd01}'></Correlation>
    <Execution ProcessID='12792' ThreadID='22888'></Execution>
    <Channel>Microsoft-Windows-AppXDeploymentServer/Operational</Channel>
    <Computer>DESKTOP-JE7NNEN</Computer>
    <Security UserID='S-1-12-1-1924906136-1125473986-2706025896-676455228'></Security>
  </System>
  <EventData>
    <Data Name='DeploymentOperation'>1</Data>
    <Data Name='Path'>PowerRenameContextMenuPackage.msix</Data>
    <Data Name='Flags'>262144</Data>
    <Data Name='FlagsHigh'>0</Data>
    <Data Name='CallingProcess'>PowerToys.exe</Data>
    <Data Name='ExternalLocation'>WinUI3Apps</Data>
  </EventData>
</Event>


<Event xmlns='http://schemas.microsoft.com/win/2004/08/events/event'>
  <System>
    <Provider Name='Microsoft-Windows-AppXDeployment-Server' Guid='{3f471139-acb7-4a01-b7a7-ff5da4ba2d43}'></Provider>
    <EventID>10002</EventID>
    <Version>0</Version>
    <Level>5</Level>
    <Task>3</Task>
    <Opcode>0</Opcode>
    <Keywords>0x4000000000000001</Keywords>
    <TimeCreated SystemTime='2026-07-03T07:08:02.6068405Z'></TimeCreated>
    <EventRecordID>236662</EventRecordID>
    <Correlation ActivityID='{de445442-0963-000d-76a9-46de6309dd01}'></Correlation>
    <Execution ProcessID='12792' ThreadID='24152'></Execution>
    <Channel>Microsoft-Windows-AppXDeploymentServer/Operational</Channel>
    <Computer>DESKTOP-JE7NNEN</Computer>
    <Security UserID='S-1-5-18'></Security>
  </System>
  <EventData>
    <Data Name='DeploymentOperation'>1</Data>
    <Data Name='MainPackageMoniker'>Microsoft.PowerToys.PowerRenameContextMenu_0.100.1.0_neutral__8wekyb3d8bbwe</Data>
    <Data Name='ResiliencyFilePath'>C:\ProgramData\Microsoft\Windows\AppRepository\c1f1e916-e1be-4321-b644-271a379e606f_S-1-12-1-1924906136-1125473986-2706025896-676455228_12.rslc</Data>
  </EventData>
</Event>


<Event xmlns='http://schemas.microsoft.com/win/2004/08/events/event'>
  <System>
    <Provider Name='Microsoft-Windows-AppXDeployment-Server' Guid='{3f471139-acb7-4a01-b7a7-ff5da4ba2d43}'></Provider>
    <EventID>607</EventID>
    <Version>0</Version>
    <Level>4</Level>
    <Task>0</Task>
    <Opcode>0</Opcode>
    <Keywords>0x4000000000000001</Keywords>
    <TimeCreated SystemTime='2026-07-03T07:08:02.6103173Z'></TimeCreated>
    <EventRecordID>236663</EventRecordID>
    <Correlation ActivityID='{de445442-0963-000d-76a9-46de6309dd01}'></Correlation>
    <Execution ProcessID='12792' ThreadID='24152'></Execution>
    <Channel>Microsoft-Windows-AppXDeploymentServer/Operational</Channel>
    <Computer>DESKTOP-JE7NNEN</Computer>
    <Security UserID='S-1-12-1-1924906136-1125473986-2706025896-676455228'></Security>
  </System>
  <EventData>
    <Data Name='DeploymentOperation'>1</Data>
    <Data Name='PackageFullName'>Microsoft.PowerToys.PowerRenameContextMenu_0.100.1.0_neutral__8wekyb3d8bbwe</Data>
    <Data Name='UserSid'>S-1-12-1-1924906136-1125473986-2706025896-676455228</Data>
    <Data Name='CallingProcess'>PowerToys.exe</Data>
  </EventData>
</Event>


