
<Event xmlns='http://schemas.microsoft.com/win/2004/08/events/event'>
  <System>
    <Provider Name='Microsoft-Windows-AppXDeployment-Server' Guid='{3f471139-acb7-4a01-b7a7-ff5da4ba2d43}'></Provider>
    <EventID>603</EventID>
    <Version>0</Version>
    <Level>4</Level>
    <Task>3</Task>
    <Opcode>0</Opcode>
    <Keywords>0x4000000000000001</Keywords>
    <TimeCreated SystemTime='2026-06-25T09:18:26.4203789Z'></TimeCreated>
    <EventRecordID>233266</EventRecordID>
    <Correlation ActivityID='{f3813d9a-03cc-0013-3432-97f3cc03dd01}'></Correlation>
    <Execution ProcessID='21068' ThreadID='32548'></Execution>
    <Channel>Microsoft-Windows-AppXDeploymentServer/Operational</Channel>
    <Computer>DESKTOP-JE7NNEN</Computer>
    <Security UserID='S-1-12-1-1924906136-1125473986-2706025896-676455228'></Security>
  </System>
  <EventData>
    <Data Name='DeploymentOperation'>2</Data>
    <Data Name='Path'>Microsoft.PowerToys.SparseApp_0.100.0.0_neutral__8wekyb3d8bbwe</Data>
    <Data Name='Flags'>0</Data>
    <Data Name='FlagsHigh'>0</Data>
    <Data Name='CallingProcess'>msiexec.exe</Data>
    <Data Name='ExternalLocation'></Data>
  </EventData>
</Event>


<Event xmlns='http://schemas.microsoft.com/win/2004/08/events/event'>
  <System>
    <Provider Name='Microsoft-Windows-AppXDeployment-Server' Guid='{3f471139-acb7-4a01-b7a7-ff5da4ba2d43}'></Provider>
    <EventID>10002</EventID>
    <Version>0</Version>
    <Level>5</Level>
    <Task>3</Task>
    <Opcode>0</Opcode>
    <Keywords>0x4000000000000001</Keywords>
    <TimeCreated SystemTime='2026-06-25T09:18:26.4792762Z'></TimeCreated>
    <EventRecordID>233267</EventRecordID>
    <Correlation ActivityID='{f3813d9a-03cc-0013-3432-97f3cc03dd01}'></Correlation>
    <Execution ProcessID='21068' ThreadID='32548'></Execution>
    <Channel>Microsoft-Windows-AppXDeploymentServer/Operational</Channel>
    <Computer>DESKTOP-JE7NNEN</Computer>
    <Security UserID='S-1-5-18'></Security>
  </System>
  <EventData>
    <Data Name='DeploymentOperation'>2</Data>
    <Data Name='MainPackageMoniker'>Microsoft.PowerToys.SparseApp_0.100.0.0_neutral__8wekyb3d8bbwe</Data>
    <Data Name='ResiliencyFilePath'>C:\ProgramData\Microsoft\Windows\AppRepository\bd2a2f2f-b4a4-48e6-bffc-848602648dc4_S-1-12-1-1924906136-1125473986-2706025896-676455228_1.rslc</Data>
  </EventData>
</Event>


<Event xmlns='http://schemas.microsoft.com/win/2004/08/events/event'>
  <System>
    <Provider Name='Microsoft-Windows-AppXDeployment-Server' Guid='{3f471139-acb7-4a01-b7a7-ff5da4ba2d43}'></Provider>
    <EventID>607</EventID>
    <Version>0</Version>
    <Level>4</Level>
    <Task>0</Task>
    <Opcode>0</Opcode>
    <Keywords>0x4000000000000001</Keywords>
    <TimeCreated SystemTime='2026-06-25T09:18:26.4842599Z'></TimeCreated>
    <EventRecordID>233268</EventRecordID>
    <Correlation ActivityID='{f3813d9a-03cc-0013-3432-97f3cc03dd01}'></Correlation>
    <Execution ProcessID='21068' ThreadID='17576'></Execution>
    <Channel>Microsoft-Windows-AppXDeploymentServer/Operational</Channel>
    <Computer>DESKTOP-JE7NNEN</Computer>
    <Security UserID='S-1-12-1-1924906136-1125473986-2706025896-676455228'></Security>
  </System>
  <EventData>
    <Data Name='DeploymentOperation'>2</Data>
    <Data Name='PackageFullName'>Microsoft.PowerToys.SparseApp_0.100.0.0_neutral__8wekyb3d8bbwe</Data>
    <Data Name='UserSid'>S-1-12-1-1924906136-1125473986-2706025896-676455228</Data>
    <Data Name='CallingProcess'>msiexec.exe</Data>
  </EventData>
</Event>


<Event xmlns='http://schemas.microsoft.com/win/2004/08/events/event'>
  <System>
    <Provider Name='Microsoft-Windows-AppXDeployment-Server' Guid='{3f471139-acb7-4a01-b7a7-ff5da4ba2d43}'></Provider>
    <EventID>855</EventID>
    <Version>0</Version>
    <Level>4</Level>
    <Task>4</Task>
    <Opcode>0</Opcode>
    <Keywords>0x4000000000000001</Keywords>
    <TimeCreated SystemTime='2026-06-25T09:18:26.6695401Z'></TimeCreated>
    <EventRecordID>233269</EventRecordID>
    <Correlation ActivityID='{f3813d9a-03cc-0013-3432-97f3cc03dd01}'></Correlation>
    <Execution ProcessID='21068' ThreadID='17576'></Execution>
    <Channel>Microsoft-Windows-AppXDeploymentServer/Operational</Channel>
    <Computer>DESKTOP-JE7NNEN</Computer>
    <Security UserID='S-1-12-1-1924906136-1125473986-2706025896-676455228'></Security>
  </System>
  <EventData>
    <Data Name='PackageMoniker'> removePackageList: Microsoft.PowerToys.SparseApp_0.100.0.0_neutral__8wekyb3d8bbwe</Data>
  </EventData>
</Event>


<Event xmlns='http://schemas.microsoft.com/win/2004/08/events/event'>
  <System>
    <Provider Name='Microsoft-Windows-AppXDeployment-Server' Guid='{3f471139-acb7-4a01-b7a7-ff5da4ba2d43}'></Provider>
    <EventID>10000</EventID>
    <Version>0</Version>
    <Level>5</Level>
    <Task>4</Task>
    <Opcode>0</Opcode>
    <Keywords>0x4000000000000001</Keywords>
    <TimeCreated SystemTime='2026-06-25T09:18:26.7404417Z'></TimeCreated>
    <EventRecordID>233270</EventRecordID>
    <Correlation ActivityID='{f3813d9a-03cc-0013-3432-97f3cc03dd01}'></Correlation>
    <Execution ProcessID='21068' ThreadID='17576'></Execution>
    <Channel>Microsoft-Windows-AppXDeploymentServer/Operational</Channel>
    <Computer>DESKTOP-JE7NNEN</Computer>
    <Security UserID='S-1-5-18'></Security>
  </System>
  <EventData>
    <Data Name='PackageFullName'>Microsoft.PowerToys.SparseApp_0.100.0.0_neutral__8wekyb3d8bbwe</Data>
    <Data Name='ErrorCode'>0x0</Data>
  </EventData>
</Event>


<Event xmlns='http://schemas.microsoft.com/win/2004/08/events/event'>
  <System>
    <Provider Name='Microsoft-Windows-AppXDeployment-Server' Guid='{3f471139-acb7-4a01-b7a7-ff5da4ba2d43}'></Provider>
    <EventID>9644</EventID>
    <Version>0</Version>
    <Level>5</Level>
    <Task>1</Task>
    <Opcode>0</Opcode>
    <Keywords>0x4000080000000004</Keywords>
    <TimeCreated SystemTime='2026-06-25T09:18:26.8444277Z'></TimeCreated>
    <EventRecordID>233271</EventRecordID>
    <Correlation ActivityID='{f3813d9a-03cc-0013-3432-97f3cc03dd01}'></Correlation>
    <Execution ProcessID='21068' ThreadID='17576'></Execution>
    <Channel>Microsoft-Windows-AppXDeploymentServer/Operational</Channel>
    <Computer>DESKTOP-JE7NNEN</Computer>
    <Security UserID='S-1-12-1-1924906136-1125473986-2706025896-676455228'></Security>
  </System>
  <EventData>
    <Data Name='ErrorCode'>0x0</Data>
    <Data Name='String'>Microsoft.PowerToys.SparseApp_0.100.0.0_neutral__8wekyb3d8bbwe</Data>
  </EventData>
</Event>


<Event xmlns='http://schemas.microsoft.com/win/2004/08/events/event'>
  <System>
    <Provider Name='Microsoft-Windows-AppXDeployment-Server' Guid='{3f471139-acb7-4a01-b7a7-ff5da4ba2d43}'></Provider>
    <EventID>400</EventID>
    <Version>0</Version>
    <Level>4</Level>
    <Task>3</Task>
    <Opcode>2</Opcode>
    <Keywords>0x4000000000000001</Keywords>
    <TimeCreated SystemTime='2026-06-25T09:18:29.7697541Z'></TimeCreated>
    <EventRecordID>233273</EventRecordID>
    <Correlation ActivityID='{f3813d9a-03cc-0013-3432-97f3cc03dd01}'></Correlation>
    <Execution ProcessID='21068' ThreadID='17576'></Execution>
    <Channel>Microsoft-Windows-AppXDeploymentServer/Operational</Channel>
    <Computer>DESKTOP-JE7NNEN</Computer>
    <Security UserID='S-1-12-1-1924906136-1125473986-2706025896-676455228'></Security>
  </System>
  <EventData>
    <Data Name='DeploymentOperation'>2</Data>
    <Data Name='PackageFullName'>Microsoft.PowerToys.SparseApp_0.100.0.0_neutral__8wekyb3d8bbwe</Data>
    <Data Name='Path'> (Microsoft.PowerToys.SparseApp_0.100.0.0_neutral__8wekyb3d8bbwe) </Data>
    <Data Name='MountPoint'>C:</Data>
    <Data Name='TargetPlatform'>0x3</Data>
    <Data Name='SystemVolume'>true</Data>
    <Data Name='StorageId'>\\?\Volume{a148554c-efac-4b17-b694-ad743f18daf6}</Data>
    <Data Name='IsCentennial'>true</Data>
    <Data Name='PackageType'>0x1</Data>
    <Data Name='IsPackageEncrypted'>false</Data>
    <Data Name='DeploymentOptions'>0x0</Data>
    <Data Name='IsStreamingPackage'>false</Data>
    <Data Name='IsInRelatedSet'>false</Data>
    <Data Name='IsPackageUsingBDC'>false</Data>
    <Data Name='MainPackageFamilyName'>NULL</Data>
    <Data Name='CallingProcess'>msiexec.exe</Data>
    <Data Name='IsOptional'>false</Data>
    <Data Name='PackageFlags'>0xa00444</Data>
    <Data Name='PackageFlags2'>0x0</Data>
    <Data Name='HasWin32alacarte'>false</Data>
    <Data Name='HasFullTrust'>true</Data>
    <Data Name='ExternalLocation'></Data>
    <Data Name='PackageSourceUri'>file:///C:/Users/mimichalis/AppData/Local/PowerToys/PowerToysSparse.msix</Data>
    <Data Name='PackageDisplayName'>NULL</Data>
  </EventData>
</Event>


<Event xmlns='http://schemas.microsoft.com/win/2004/08/events/event'>
  <System>
    <Provider Name='Microsoft-Windows-AppXDeployment-Server' Guid='{3f471139-acb7-4a01-b7a7-ff5da4ba2d43}'></Provider>
    <EventID>472</EventID>
    <Version>0</Version>
    <Level>5</Level>
    <Task>5</Task>
    <Opcode>0</Opcode>
    <Keywords>0x4000000000000001</Keywords>
    <TimeCreated SystemTime='2026-06-25T09:18:29.8384687Z'></TimeCreated>
    <EventRecordID>233274</EventRecordID>
    <Correlation ActivityID='{f3813d9a-03cc-0013-3432-97f3cc03dd01}'></Correlation>
    <Execution ProcessID='21068' ThreadID='17576'></Execution>
    <Channel>Microsoft-Windows-AppXDeploymentServer/Operational</Channel>
    <Computer>DESKTOP-JE7NNEN</Computer>
    <Security UserID='S-1-5-18'></Security>
  </System>
  <EventData>
    <Data Name='SourceFolderPath'>\\?\C:\Program Files\WindowsApps\Microsoft.PowerToys.SparseApp_0.100.0.0_neutral__8wekyb3d8bbwe</Data>
    <Data Name='DestinationFolderPath'>\\?\C:\Program Files\WindowsApps\Deleted\Microsoft.PowerToys.SparseApp_0.100.0.0_neutral__8wekyb3d8bbwe465559df-cb2a-4d44-b6b9-10104a8ddad5</Data>
    <Data Name='ErrorCode'>0x0</Data>
  </EventData>
</Event>


<Event xmlns='http://schemas.microsoft.com/win/2004/08/events/event'>
  <System>
    <Provider Name='Microsoft-Windows-AppXDeployment-Server' Guid='{3f471139-acb7-4a01-b7a7-ff5da4ba2d43}'></Provider>
    <EventID>603</EventID>
    <Version>0</Version>
    <Level>4</Level>
    <Task>3</Task>
    <Opcode>0</Opcode>
    <Keywords>0x4000000000000001</Keywords>
    <TimeCreated SystemTime='2026-06-25T09:18:43.8811183Z'></TimeCreated>
    <EventRecordID>233275</EventRecordID>
    <Correlation ActivityID='{f3813d9a-03cc-000d-8afc-acf3cc03dd01}'></Correlation>
    <Execution ProcessID='21068' ThreadID='30348'></Execution>
    <Channel>Microsoft-Windows-AppXDeploymentServer/Operational</Channel>
    <Computer>DESKTOP-JE7NNEN</Computer>
    <Security UserID='S-1-12-1-1924906136-1125473986-2706025896-676455228'></Security>
  </System>
  <EventData>
    <Data Name='DeploymentOperation'>2</Data>
    <Data Name='Path'>Microsoft.PowerToys.PowerRenameContextMenu_0.100.0.0_neutral__8wekyb3d8bbwe</Data>
    <Data Name='Flags'>0</Data>
    <Data Name='FlagsHigh'>0</Data>
    <Data Name='CallingProcess'>msiexec.exe</Data>
    <Data Name='ExternalLocation'></Data>
  </EventData>
</Event>


<Event xmlns='http://schemas.microsoft.com/win/2004/08/events/event'>
  <System>
    <Provider Name='Microsoft-Windows-AppXDeployment-Server' Guid='{3f471139-acb7-4a01-b7a7-ff5da4ba2d43}'></Provider>
    <EventID>10002</EventID>
    <Version>0</Version>
    <Level>5</Level>
    <Task>3</Task>
    <Opcode>0</Opcode>
    <Keywords>0x4000000000000001</Keywords>
    <TimeCreated SystemTime='2026-06-25T09:18:43.9019071Z'></TimeCreated>
    <EventRecordID>233276</EventRecordID>
    <Correlation ActivityID='{f3813d9a-03cc-000d-8afc-acf3cc03dd01}'></Correlation>
    <Execution ProcessID='21068' ThreadID='30348'></Execution>
    <Channel>Microsoft-Windows-AppXDeploymentServer/Operational</Channel>
    <Computer>DESKTOP-JE7NNEN</Computer>
    <Security UserID='S-1-5-18'></Security>
  </System>
  <EventData>
    <Data Name='DeploymentOperation'>2</Data>
    <Data Name='MainPackageMoniker'>Microsoft.PowerToys.PowerRenameContextMenu_0.100.0.0_neutral__8wekyb3d8bbwe</Data>
    <Data Name='ResiliencyFilePath'>C:\ProgramData\Microsoft\Windows\AppRepository\bd2a2f2f-b4a4-48e6-bffc-848602648dc4_S-1-12-1-1924906136-1125473986-2706025896-676455228_2.rslc</Data>
  </EventData>
</Event>


<Event xmlns='http://schemas.microsoft.com/win/2004/08/events/event'>
  <System>
    <Provider Name='Microsoft-Windows-AppXDeployment-Server' Guid='{3f471139-acb7-4a01-b7a7-ff5da4ba2d43}'></Provider>
    <EventID>607</EventID>
    <Version>0</Version>
    <Level>4</Level>
    <Task>0</Task>
    <Opcode>0</Opcode>
    <Keywords>0x4000000000000001</Keywords>
    <TimeCreated SystemTime='2026-06-25T09:18:43.9046407Z'></TimeCreated>
    <EventRecordID>233277</EventRecordID>
    <Correlation ActivityID='{f3813d9a-03cc-000d-8afc-acf3cc03dd01}'></Correlation>
    <Execution ProcessID='21068' ThreadID='17576'></Execution>
    <Channel>Microsoft-Windows-AppXDeploymentServer/Operational</Channel>
    <Computer>DESKTOP-JE7NNEN</Computer>
    <Security UserID='S-1-12-1-1924906136-1125473986-2706025896-676455228'></Security>
  </System>
  <EventData>
    <Data Name='DeploymentOperation'>2</Data>
    <Data Name='PackageFullName'>Microsoft.PowerToys.PowerRenameContextMenu_0.100.0.0_neutral__8wekyb3d8bbwe</Data>
    <Data Name='UserSid'>S-1-12-1-1924906136-1125473986-2706025896-676455228</Data>
    <Data Name='CallingProcess'>msiexec.exe</Data>
  </EventData>
</Event>


<Event xmlns='http://schemas.microsoft.com/win/2004/08/events/event'>
  <System>
    <Provider Name='Microsoft-Windows-AppXDeployment-Server' Guid='{3f471139-acb7-4a01-b7a7-ff5da4ba2d43}'></Provider>
    <EventID>855</EventID>
    <Version>0</Version>
    <Level>4</Level>
    <Task>4</Task>
    <Opcode>0</Opcode>
    <Keywords>0x4000000000000001</Keywords>
    <TimeCreated SystemTime='2026-06-25T09:18:44.3468805Z'></TimeCreated>
    <EventRecordID>233278</EventRecordID>
    <Correlation ActivityID='{f3813d9a-03cc-000d-8afc-acf3cc03dd01}'></Correlation>
    <Execution ProcessID='21068' ThreadID='17576'></Execution>
    <Channel>Microsoft-Windows-AppXDeploymentServer/Operational</Channel>
    <Computer>DESKTOP-JE7NNEN</Computer>
    <Security UserID='S-1-12-1-1924906136-1125473986-2706025896-676455228'></Security>
  </System>
  <EventData>
    <Data Name='PackageMoniker'> removePackageList: Microsoft.PowerToys.PowerRenameContextMenu_0.100.0.0_neutral__8wekyb3d8bbwe</Data>
  </EventData>
</Event>


<Event xmlns='http://schemas.microsoft.com/win/2004/08/events/event'>
  <System>
    <Provider Name='Microsoft-Windows-AppXDeployment-Server' Guid='{3f471139-acb7-4a01-b7a7-ff5da4ba2d43}'></Provider>
    <EventID>10000</EventID>
    <Version>0</Version>
    <Level>5</Level>
    <Task>4</Task>
    <Opcode>0</Opcode>
    <Keywords>0x4000000000000001</Keywords>
    <TimeCreated SystemTime='2026-06-25T09:18:44.4136231Z'></TimeCreated>
    <EventRecordID>233279</EventRecordID>
    <Correlation ActivityID='{f3813d9a-03cc-000d-8afc-acf3cc03dd01}'></Correlation>
    <Execution ProcessID='21068' ThreadID='17576'></Execution>
    <Channel>Microsoft-Windows-AppXDeploymentServer/Operational</Channel>
    <Computer>DESKTOP-JE7NNEN</Computer>
    <Security UserID='S-1-5-18'></Security>
  </System>
  <EventData>
    <Data Name='PackageFullName'>Microsoft.PowerToys.PowerRenameContextMenu_0.100.0.0_neutral__8wekyb3d8bbwe</Data>
    <Data Name='ErrorCode'>0x0</Data>
  </EventData>
</Event>


<Event xmlns='http://schemas.microsoft.com/win/2004/08/events/event'>
  <System>
    <Provider Name='Microsoft-Windows-AppXDeployment-Server' Guid='{3f471139-acb7-4a01-b7a7-ff5da4ba2d43}'></Provider>
    <EventID>9644</EventID>
    <Version>0</Version>
    <Level>5</Level>
    <Task>1</Task>
    <Opcode>0</Opcode>
    <Keywords>0x4000080000000004</Keywords>
    <TimeCreated SystemTime='2026-06-25T09:18:44.4833634Z'></TimeCreated>
    <EventRecordID>233280</EventRecordID>
    <Correlation ActivityID='{f3813d9a-03cc-000d-8afc-acf3cc03dd01}'></Correlation>
    <Execution ProcessID='21068' ThreadID='17576'></Execution>
    <Channel>Microsoft-Windows-AppXDeploymentServer/Operational</Channel>
    <Computer>DESKTOP-JE7NNEN</Computer>
    <Security UserID='S-1-12-1-1924906136-1125473986-2706025896-676455228'></Security>
  </System>
  <EventData>
    <Data Name='ErrorCode'>0x0</Data>
    <Data Name='String'>Microsoft.PowerToys.PowerRenameContextMenu_0.100.0.0_neutral__8wekyb3d8bbwe</Data>
  </EventData>
</Event>


<Event xmlns='http://schemas.microsoft.com/win/2004/08/events/event'>
  <System>
    <Provider Name='Microsoft-Windows-AppXDeployment-Server' Guid='{3f471139-acb7-4a01-b7a7-ff5da4ba2d43}'></Provider>
    <EventID>10001</EventID>
    <Version>0</Version>
    <Level>5</Level>
    <Task>4</Task>
    <Opcode>0</Opcode>
    <Keywords>0x4000000000000001</Keywords>
    <TimeCreated SystemTime='2026-06-25T09:18:46.0442846Z'></TimeCreated>
    <EventRecordID>233282</EventRecordID>
    <Correlation ActivityID='{f3813d9a-03cc-000d-8afc-acf3cc03dd01}'></Correlation>
    <Execution ProcessID='21068' ThreadID='17576'></Execution>
    <Channel>Microsoft-Windows-AppXDeploymentServer/Operational</Channel>
    <Computer>DESKTOP-JE7NNEN</Computer>
    <Security UserID='S-1-5-18'></Security>
  </System>
  <EventData>
    <Data Name='PackageFullName'>Microsoft.PowerToys.PowerRenameContextMenu_0.100.0.0_neutral__8wekyb3d8bbwe</Data>
    <Data Name='ErrorCode'>0x0</Data>
  </EventData>
</Event>


<Event xmlns='http://schemas.microsoft.com/win/2004/08/events/event'>
  <System>
    <Provider Name='Microsoft-Windows-AppXDeployment-Server' Guid='{3f471139-acb7-4a01-b7a7-ff5da4ba2d43}'></Provider>
    <EventID>400</EventID>
    <Version>0</Version>
    <Level>4</Level>
    <Task>3</Task>
    <Opcode>2</Opcode>
    <Keywords>0x4000000000000001</Keywords>
    <TimeCreated SystemTime='2026-06-25T09:18:46.0549146Z'></TimeCreated>
    <EventRecordID>233283</EventRecordID>
    <Correlation ActivityID='{f3813d9a-03cc-000d-8afc-acf3cc03dd01}'></Correlation>
    <Execution ProcessID='21068' ThreadID='17576'></Execution>
    <Channel>Microsoft-Windows-AppXDeploymentServer/Operational</Channel>
    <Computer>DESKTOP-JE7NNEN</Computer>
    <Security UserID='S-1-12-1-1924906136-1125473986-2706025896-676455228'></Security>
  </System>
  <EventData>
    <Data Name='DeploymentOperation'>2</Data>
    <Data Name='PackageFullName'>Microsoft.PowerToys.PowerRenameContextMenu_0.100.0.0_neutral__8wekyb3d8bbwe</Data>
    <Data Name='Path'> (Microsoft.PowerToys.PowerRenameContextMenu_0.100.0.0_neutral__8wekyb3d8bbwe) </Data>
    <Data Name='MountPoint'>C:</Data>
    <Data Name='TargetPlatform'>0x3</Data>
    <Data Name='SystemVolume'>true</Data>
    <Data Name='StorageId'>\\?\Volume{a148554c-efac-4b17-b694-ad743f18daf6}</Data>
    <Data Name='IsCentennial'>true</Data>
    <Data Name='PackageType'>0x1</Data>
    <Data Name='IsPackageEncrypted'>false</Data>
    <Data Name='DeploymentOptions'>0x0</Data>
    <Data Name='IsStreamingPackage'>false</Data>
    <Data Name='IsInRelatedSet'>false</Data>
    <Data Name='IsPackageUsingBDC'>false</Data>
    <Data Name='MainPackageFamilyName'>NULL</Data>
    <Data Name='CallingProcess'>msiexec.exe</Data>
    <Data Name='IsOptional'>false</Data>
    <Data Name='PackageFlags'>0xb0044c</Data>
    <Data Name='PackageFlags2'>0x0</Data>
    <Data Name='HasWin32alacarte'>true</Data>
    <Data Name='HasFullTrust'>true</Data>
    <Data Name='ExternalLocation'>WinUI3Apps</Data>
    <Data Name='PackageSourceUri'>file:///C:/Users/mimichalis/AppData/Local/PowerToys/WinUI3Apps/PowerRenameContextMenuPackage.msix</Data>
    <Data Name='PackageDisplayName'>NULL</Data>
  </EventData>
</Event>


<Event xmlns='http://schemas.microsoft.com/win/2004/08/events/event'>
  <System>
    <Provider Name='Microsoft-Windows-AppXDeployment-Server' Guid='{3f471139-acb7-4a01-b7a7-ff5da4ba2d43}'></Provider>
    <EventID>603</EventID>
    <Version>0</Version>
    <Level>4</Level>
    <Task>3</Task>
    <Opcode>0</Opcode>
    <Keywords>0x4000000000000001</Keywords>
    <TimeCreated SystemTime='2026-06-25T09:18:46.2064202Z'></TimeCreated>
    <EventRecordID>233284</EventRecordID>
    <Correlation ActivityID='{f3813d9a-03cc-0010-d8ca-aff3cc03dd01}'></Correlation>
    <Execution ProcessID='21068' ThreadID='23508'></Execution>
    <Channel>Microsoft-Windows-AppXDeploymentServer/Operational</Channel>
    <Computer>DESKTOP-JE7NNEN</Computer>
    <Security UserID='S-1-12-1-1924906136-1125473986-2706025896-676455228'></Security>
  </System>
  <EventData>
    <Data Name='DeploymentOperation'>2</Data>
    <Data Name='Path'>Microsoft.PowerToys.ImageResizerContextMenu_0.100.0.0_neutral__8wekyb3d8bbwe</Data>
    <Data Name='Flags'>0</Data>
    <Data Name='FlagsHigh'>0</Data>
    <Data Name='CallingProcess'>msiexec.exe</Data>
    <Data Name='ExternalLocation'></Data>
  </EventData>
</Event>


<Event xmlns='http://schemas.microsoft.com/win/2004/08/events/event'>
  <System>
    <Provider Name='Microsoft-Windows-AppXDeployment-Server' Guid='{3f471139-acb7-4a01-b7a7-ff5da4ba2d43}'></Provider>
    <EventID>10002</EventID>
    <Version>0</Version>
    <Level>5</Level>
    <Task>3</Task>
    <Opcode>0</Opcode>
    <Keywords>0x4000000000000001</Keywords>
    <TimeCreated SystemTime='2026-06-25T09:18:46.2289260Z'></TimeCreated>
    <EventRecordID>233285</EventRecordID>
    <Correlation ActivityID='{f3813d9a-03cc-0010-d8ca-aff3cc03dd01}'></Correlation>
    <Execution ProcessID='21068' ThreadID='23508'></Execution>
    <Channel>Microsoft-Windows-AppXDeploymentServer/Operational</Channel>
    <Computer>DESKTOP-JE7NNEN</Computer>
    <Security UserID='S-1-5-18'></Security>
  </System>
  <EventData>
    <Data Name='DeploymentOperation'>2</Data>
    <Data Name='MainPackageMoniker'>Microsoft.PowerToys.ImageResizerContextMenu_0.100.0.0_neutral__8wekyb3d8bbwe</Data>
    <Data Name='ResiliencyFilePath'>C:\ProgramData\Microsoft\Windows\AppRepository\bd2a2f2f-b4a4-48e6-bffc-848602648dc4_S-1-12-1-1924906136-1125473986-2706025896-676455228_3.rslc</Data>
  </EventData>
</Event>


<Event xmlns='http://schemas.microsoft.com/win/2004/08/events/event'>
  <System>
    <Provider Name='Microsoft-Windows-AppXDeployment-Server' Guid='{3f471139-acb7-4a01-b7a7-ff5da4ba2d43}'></Provider>
    <EventID>607</EventID>
    <Version>0</Version>
    <Level>4</Level>
    <Task>0</Task>
    <Opcode>0</Opcode>
    <Keywords>0x4000000000000001</Keywords>
    <TimeCreated SystemTime='2026-06-25T09:18:46.2312291Z'></TimeCreated>
    <EventRecordID>233286</EventRecordID>
    <Correlation ActivityID='{f3813d9a-03cc-0010-d8ca-aff3cc03dd01}'></Correlation>
    <Execution ProcessID='21068' ThreadID='17576'></Execution>
    <Channel>Microsoft-Windows-AppXDeploymentServer/Operational</Channel>
    <Computer>DESKTOP-JE7NNEN</Computer>
    <Security UserID='S-1-12-1-1924906136-1125473986-2706025896-676455228'></Security>
  </System>
  <EventData>
    <Data Name='DeploymentOperation'>2</Data>
    <Data Name='PackageFullName'>Microsoft.PowerToys.ImageResizerContextMenu_0.100.0.0_neutral__8wekyb3d8bbwe</Data>
    <Data Name='UserSid'>S-1-12-1-1924906136-1125473986-2706025896-676455228</Data>
    <Data Name='CallingProcess'>msiexec.exe</Data>
  </EventData>
</Event>


<Event xmlns='http://schemas.microsoft.com/win/2004/08/events/event'>
  <System>
    <Provider Name='Microsoft-Windows-AppXDeployment-Server' Guid='{3f471139-acb7-4a01-b7a7-ff5da4ba2d43}'></Provider>
    <EventID>855</EventID>
    <Version>0</Version>
    <Level>4</Level>
    <Task>4</Task>
    <Opcode>0</Opcode>
    <Keywords>0x4000000000000001</Keywords>
    <TimeCreated SystemTime='2026-06-25T09:18:46.7474496Z'></TimeCreated>
    <EventRecordID>233287</EventRecordID>
    <Correlation ActivityID='{f3813d9a-03cc-0010-d8ca-aff3cc03dd01}'></Correlation>
    <Execution ProcessID='21068' ThreadID='17576'></Execution>
    <Channel>Microsoft-Windows-AppXDeploymentServer/Operational</Channel>
    <Computer>DESKTOP-JE7NNEN</Computer>
    <Security UserID='S-1-12-1-1924906136-1125473986-2706025896-676455228'></Security>
  </System>
  <EventData>
    <Data Name='PackageMoniker'> removePackageList: Microsoft.PowerToys.ImageResizerContextMenu_0.100.0.0_neutral__8wekyb3d8bbwe</Data>
  </EventData>
</Event>


<Event xmlns='http://schemas.microsoft.com/win/2004/08/events/event'>
  <System>
    <Provider Name='Microsoft-Windows-AppXDeployment-Server' Guid='{3f471139-acb7-4a01-b7a7-ff5da4ba2d43}'></Provider>
    <EventID>10000</EventID>
    <Version>0</Version>
    <Level>5</Level>
    <Task>4</Task>
    <Opcode>0</Opcode>
    <Keywords>0x4000000000000001</Keywords>
    <TimeCreated SystemTime='2026-06-25T09:18:46.8336661Z'></TimeCreated>
    <EventRecordID>233288</EventRecordID>
    <Correlation ActivityID='{f3813d9a-03cc-0010-d8ca-aff3cc03dd01}'></Correlation>
    <Execution ProcessID='21068' ThreadID='17576'></Execution>
    <Channel>Microsoft-Windows-AppXDeploymentServer/Operational</Channel>
    <Computer>DESKTOP-JE7NNEN</Computer>
    <Security UserID='S-1-5-18'></Security>
  </System>
  <EventData>
    <Data Name='PackageFullName'>Microsoft.PowerToys.ImageResizerContextMenu_0.100.0.0_neutral__8wekyb3d8bbwe</Data>
    <Data Name='ErrorCode'>0x0</Data>
  </EventData>
</Event>


<Event xmlns='http://schemas.microsoft.com/win/2004/08/events/event'>
  <System>
    <Provider Name='Microsoft-Windows-AppXDeployment-Server' Guid='{3f471139-acb7-4a01-b7a7-ff5da4ba2d43}'></Provider>
    <EventID>9644</EventID>
    <Version>0</Version>
    <Level>5</Level>
    <Task>1</Task>
    <Opcode>0</Opcode>
    <Keywords>0x4000080000000004</Keywords>
    <TimeCreated SystemTime='2026-06-25T09:18:46.9229952Z'></TimeCreated>
    <EventRecordID>233289</EventRecordID>
    <Correlation ActivityID='{f3813d9a-03cc-0010-d8ca-aff3cc03dd01}'></Correlation>
    <Execution ProcessID='21068' ThreadID='17576'></Execution>
    <Channel>Microsoft-Windows-AppXDeploymentServer/Operational</Channel>
    <Computer>DESKTOP-JE7NNEN</Computer>
    <Security UserID='S-1-12-1-1924906136-1125473986-2706025896-676455228'></Security>
  </System>
  <EventData>
    <Data Name='ErrorCode'>0x0</Data>
    <Data Name='String'>Microsoft.PowerToys.ImageResizerContextMenu_0.100.0.0_neutral__8wekyb3d8bbwe</Data>
  </EventData>
</Event>


<Event xmlns='http://schemas.microsoft.com/win/2004/08/events/event'>
  <System>
    <Provider Name='Microsoft-Windows-AppXDeployment-Server' Guid='{3f471139-acb7-4a01-b7a7-ff5da4ba2d43}'></Provider>
    <EventID>10001</EventID>
    <Version>0</Version>
    <Level>5</Level>
    <Task>4</Task>
    <Opcode>0</Opcode>
    <Keywords>0x4000000000000001</Keywords>
    <TimeCreated SystemTime='2026-06-25T09:18:48.3351274Z'></TimeCreated>
    <EventRecordID>233291</EventRecordID>
    <Correlation ActivityID='{f3813d9a-03cc-0010-d8ca-aff3cc03dd01}'></Correlation>
    <Execution ProcessID='21068' ThreadID='17576'></Execution>
    <Channel>Microsoft-Windows-AppXDeploymentServer/Operational</Channel>
    <Computer>DESKTOP-JE7NNEN</Computer>
    <Security UserID='S-1-5-18'></Security>
  </System>
  <EventData>
    <Data Name='PackageFullName'>Microsoft.PowerToys.ImageResizerContextMenu_0.100.0.0_neutral__8wekyb3d8bbwe</Data>
    <Data Name='ErrorCode'>0x0</Data>
  </EventData>
</Event>


<Event xmlns='http://schemas.microsoft.com/win/2004/08/events/event'>
  <System>
    <Provider Name='Microsoft-Windows-AppXDeployment-Server' Guid='{3f471139-acb7-4a01-b7a7-ff5da4ba2d43}'></Provider>
    <EventID>400</EventID>
    <Version>0</Version>
    <Level>4</Level>
    <Task>3</Task>
    <Opcode>2</Opcode>
    <Keywords>0x4000000000000001</Keywords>
    <TimeCreated SystemTime='2026-06-25T09:18:48.3436867Z'></TimeCreated>
    <EventRecordID>233292</EventRecordID>
    <Correlation ActivityID='{f3813d9a-03cc-0010-d8ca-aff3cc03dd01}'></Correlation>
    <Execution ProcessID='21068' ThreadID='17576'></Execution>
    <Channel>Microsoft-Windows-AppXDeploymentServer/Operational</Channel>
    <Computer>DESKTOP-JE7NNEN</Computer>
    <Security UserID='S-1-12-1-1924906136-1125473986-2706025896-676455228'></Security>
  </System>
  <EventData>
    <Data Name='DeploymentOperation'>2</Data>
    <Data Name='PackageFullName'>Microsoft.PowerToys.ImageResizerContextMenu_0.100.0.0_neutral__8wekyb3d8bbwe</Data>
    <Data Name='Path'> (Microsoft.PowerToys.ImageResizerContextMenu_0.100.0.0_neutral__8wekyb3d8bbwe) </Data>
    <Data Name='MountPoint'>C:</Data>
    <Data Name='TargetPlatform'>0x3</Data>
    <Data Name='SystemVolume'>true</Data>
    <Data Name='StorageId'>\\?\Volume{a148554c-efac-4b17-b694-ad743f18daf6}</Data>
    <Data Name='IsCentennial'>true</Data>
    <Data Name='PackageType'>0x1</Data>
    <Data Name='IsPackageEncrypted'>false</Data>
    <Data Name='DeploymentOptions'>0x0</Data>
    <Data Name='IsStreamingPackage'>false</Data>
    <Data Name='IsInRelatedSet'>false</Data>
    <Data Name='IsPackageUsingBDC'>false</Data>
    <Data Name='MainPackageFamilyName'>NULL</Data>
    <Data Name='CallingProcess'>msiexec.exe</Data>
    <Data Name='IsOptional'>false</Data>
    <Data Name='PackageFlags'>0xb0044c</Data>
    <Data Name='PackageFlags2'>0x0</Data>
    <Data Name='HasWin32alacarte'>true</Data>
    <Data Name='HasFullTrust'>true</Data>
    <Data Name='ExternalLocation'>WinUI3Apps</Data>
    <Data Name='PackageSourceUri'>file:///C:/Users/mimichalis/AppData/Local/PowerToys/WinUI3Apps/ImageResizerContextMenuPackage.msix</Data>
    <Data Name='PackageDisplayName'>NULL</Data>
  </EventData>
</Event>


<Event xmlns='http://schemas.microsoft.com/win/2004/08/events/event'>
  <System>
    <Provider Name='Microsoft-Windows-AppXDeployment-Server' Guid='{3f471139-acb7-4a01-b7a7-ff5da4ba2d43}'></Provider>
    <EventID>603</EventID>
    <Version>0</Version>
    <Level>4</Level>
    <Task>3</Task>
    <Opcode>0</Opcode>
    <Keywords>0x4000000000000001</Keywords>
    <TimeCreated SystemTime='2026-06-25T09:18:48.4955287Z'></TimeCreated>
    <EventRecordID>233293</EventRecordID>
    <Correlation ActivityID='{f3813d9a-03cc-000c-dcde-b2f3cc03dd01}'></Correlation>
    <Execution ProcessID='21068' ThreadID='29828'></Execution>
    <Channel>Microsoft-Windows-AppXDeploymentServer/Operational</Channel>
    <Computer>DESKTOP-JE7NNEN</Computer>
    <Security UserID='S-1-12-1-1924906136-1125473986-2706025896-676455228'></Security>
  </System>
  <EventData>
    <Data Name='DeploymentOperation'>2</Data>
    <Data Name='Path'>Microsoft.PowerToys.FileLocksmithContextMenu_0.100.0.0_neutral__8wekyb3d8bbwe</Data>
    <Data Name='Flags'>0</Data>
    <Data Name='FlagsHigh'>0</Data>
    <Data Name='CallingProcess'>msiexec.exe</Data>
    <Data Name='ExternalLocation'></Data>
  </EventData>
</Event>


<Event xmlns='http://schemas.microsoft.com/win/2004/08/events/event'>
  <System>
    <Provider Name='Microsoft-Windows-AppXDeployment-Server' Guid='{3f471139-acb7-4a01-b7a7-ff5da4ba2d43}'></Provider>
    <EventID>10002</EventID>
    <Version>0</Version>
    <Level>5</Level>
    <Task>3</Task>
    <Opcode>0</Opcode>
    <Keywords>0x4000000000000001</Keywords>
    <TimeCreated SystemTime='2026-06-25T09:18:48.5152034Z'></TimeCreated>
    <EventRecordID>233294</EventRecordID>
    <Correlation ActivityID='{f3813d9a-03cc-000c-dcde-b2f3cc03dd01}'></Correlation>
    <Execution ProcessID='21068' ThreadID='29828'></Execution>
    <Channel>Microsoft-Windows-AppXDeploymentServer/Operational</Channel>
    <Computer>DESKTOP-JE7NNEN</Computer>
    <Security UserID='S-1-5-18'></Security>
  </System>
  <EventData>
    <Data Name='DeploymentOperation'>2</Data>
    <Data Name='MainPackageMoniker'>Microsoft.PowerToys.FileLocksmithContextMenu_0.100.0.0_neutral__8wekyb3d8bbwe</Data>
    <Data Name='ResiliencyFilePath'>C:\ProgramData\Microsoft\Windows\AppRepository\bd2a2f2f-b4a4-48e6-bffc-848602648dc4_S-1-12-1-1924906136-1125473986-2706025896-676455228_4.rslc</Data>
  </EventData>
</Event>


<Event xmlns='http://schemas.microsoft.com/win/2004/08/events/event'>
  <System>
    <Provider Name='Microsoft-Windows-AppXDeployment-Server' Guid='{3f471139-acb7-4a01-b7a7-ff5da4ba2d43}'></Provider>
    <EventID>607</EventID>
    <Version>0</Version>
    <Level>4</Level>
    <Task>0</Task>
    <Opcode>0</Opcode>
    <Keywords>0x4000000000000001</Keywords>
    <TimeCreated SystemTime='2026-06-25T09:18:48.5165659Z'></TimeCreated>
    <EventRecordID>233295</EventRecordID>
    <Correlation ActivityID='{f3813d9a-03cc-000c-dcde-b2f3cc03dd01}'></Correlation>
    <Execution ProcessID='21068' ThreadID='17576'></Execution>
    <Channel>Microsoft-Windows-AppXDeploymentServer/Operational</Channel>
    <Computer>DESKTOP-JE7NNEN</Computer>
    <Security UserID='S-1-12-1-1924906136-1125473986-2706025896-676455228'></Security>
  </System>
  <EventData>
    <Data Name='DeploymentOperation'>2</Data>
    <Data Name='PackageFullName'>Microsoft.PowerToys.FileLocksmithContextMenu_0.100.0.0_neutral__8wekyb3d8bbwe</Data>
    <Data Name='UserSid'>S-1-12-1-1924906136-1125473986-2706025896-676455228</Data>
    <Data Name='CallingProcess'>msiexec.exe</Data>
  </EventData>
</Event>


<Event xmlns='http://schemas.microsoft.com/win/2004/08/events/event'>
  <System>
    <Provider Name='Microsoft-Windows-AppXDeployment-Server' Guid='{3f471139-acb7-4a01-b7a7-ff5da4ba2d43}'></Provider>
    <EventID>855</EventID>
    <Version>0</Version>
    <Level>4</Level>
    <Task>4</Task>
    <Opcode>0</Opcode>
    <Keywords>0x4000000000000001</Keywords>
    <TimeCreated SystemTime='2026-06-25T09:18:49.0908400Z'></TimeCreated>
    <EventRecordID>233296</EventRecordID>
    <Correlation ActivityID='{f3813d9a-03cc-000c-dcde-b2f3cc03dd01}'></Correlation>
    <Execution ProcessID='21068' ThreadID='17576'></Execution>
    <Channel>Microsoft-Windows-AppXDeploymentServer/Operational</Channel>
    <Computer>DESKTOP-JE7NNEN</Computer>
    <Security UserID='S-1-12-1-1924906136-1125473986-2706025896-676455228'></Security>
  </System>
  <EventData>
    <Data Name='PackageMoniker'> removePackageList: Microsoft.PowerToys.FileLocksmithContextMenu_0.100.0.0_neutral__8wekyb3d8bbwe</Data>
  </EventData>
</Event>


<Event xmlns='http://schemas.microsoft.com/win/2004/08/events/event'>
  <System>
    <Provider Name='Microsoft-Windows-AppXDeployment-Server' Guid='{3f471139-acb7-4a01-b7a7-ff5da4ba2d43}'></Provider>
    <EventID>10000</EventID>
    <Version>0</Version>
    <Level>5</Level>
    <Task>4</Task>
    <Opcode>0</Opcode>
    <Keywords>0x4000000000000001</Keywords>
    <TimeCreated SystemTime='2026-06-25T09:18:49.1226303Z'></TimeCreated>
    <EventRecordID>233297</EventRecordID>
    <Correlation ActivityID='{f3813d9a-03cc-000c-dcde-b2f3cc03dd01}'></Correlation>
    <Execution ProcessID='21068' ThreadID='17576'></Execution>
    <Channel>Microsoft-Windows-AppXDeploymentServer/Operational</Channel>
    <Computer>DESKTOP-JE7NNEN</Computer>
    <Security UserID='S-1-5-18'></Security>
  </System>
  <EventData>
    <Data Name='PackageFullName'>Microsoft.PowerToys.FileLocksmithContextMenu_0.100.0.0_neutral__8wekyb3d8bbwe</Data>
    <Data Name='ErrorCode'>0x0</Data>
  </EventData>
</Event>


<Event xmlns='http://schemas.microsoft.com/win/2004/08/events/event'>
  <System>
    <Provider Name='Microsoft-Windows-AppXDeployment-Server' Guid='{3f471139-acb7-4a01-b7a7-ff5da4ba2d43}'></Provider>
    <EventID>9644</EventID>
    <Version>0</Version>
    <Level>5</Level>
    <Task>1</Task>
    <Opcode>0</Opcode>
    <Keywords>0x4000080000000004</Keywords>
    <TimeCreated SystemTime='2026-06-25T09:18:49.1500080Z'></TimeCreated>
    <EventRecordID>233298</EventRecordID>
    <Correlation ActivityID='{f3813d9a-03cc-000c-dcde-b2f3cc03dd01}'></Correlation>
    <Execution ProcessID='21068' ThreadID='17576'></Execution>
    <Channel>Microsoft-Windows-AppXDeploymentServer/Operational</Channel>
    <Computer>DESKTOP-JE7NNEN</Computer>
    <Security UserID='S-1-12-1-1924906136-1125473986-2706025896-676455228'></Security>
  </System>
  <EventData>
    <Data Name='ErrorCode'>0x0</Data>
    <Data Name='String'>Microsoft.PowerToys.FileLocksmithContextMenu_0.100.0.0_neutral__8wekyb3d8bbwe</Data>
  </EventData>
</Event>


<Event xmlns='http://schemas.microsoft.com/win/2004/08/events/event'>
  <System>
    <Provider Name='Microsoft-Windows-AppXDeployment-Server' Guid='{3f471139-acb7-4a01-b7a7-ff5da4ba2d43}'></Provider>
    <EventID>10001</EventID>
    <Version>0</Version>
    <Level>5</Level>
    <Task>4</Task>
    <Opcode>0</Opcode>
    <Keywords>0x4000000000000001</Keywords>
    <TimeCreated SystemTime='2026-06-25T09:18:50.7083333Z'></TimeCreated>
    <EventRecordID>233300</EventRecordID>
    <Correlation ActivityID='{f3813d9a-03cc-000c-dcde-b2f3cc03dd01}'></Correlation>
    <Execution ProcessID='21068' ThreadID='17576'></Execution>
    <Channel>Microsoft-Windows-AppXDeploymentServer/Operational</Channel>
    <Computer>DESKTOP-JE7NNEN</Computer>
    <Security UserID='S-1-5-18'></Security>
  </System>
  <EventData>
    <Data Name='PackageFullName'>Microsoft.PowerToys.FileLocksmithContextMenu_0.100.0.0_neutral__8wekyb3d8bbwe</Data>
    <Data Name='ErrorCode'>0x0</Data>
  </EventData>
</Event>


<Event xmlns='http://schemas.microsoft.com/win/2004/08/events/event'>
  <System>
    <Provider Name='Microsoft-Windows-AppXDeployment-Server' Guid='{3f471139-acb7-4a01-b7a7-ff5da4ba2d43}'></Provider>
    <EventID>400</EventID>
    <Version>0</Version>
    <Level>4</Level>
    <Task>3</Task>
    <Opcode>2</Opcode>
    <Keywords>0x4000000000000001</Keywords>
    <TimeCreated SystemTime='2026-06-25T09:18:50.7182491Z'></TimeCreated>
    <EventRecordID>233301</EventRecordID>
    <Correlation ActivityID='{f3813d9a-03cc-000c-dcde-b2f3cc03dd01}'></Correlation>
    <Execution ProcessID='21068' ThreadID='17576'></Execution>
    <Channel>Microsoft-Windows-AppXDeploymentServer/Operational</Channel>
    <Computer>DESKTOP-JE7NNEN</Computer>
    <Security UserID='S-1-12-1-1924906136-1125473986-2706025896-676455228'></Security>
  </System>
  <EventData>
    <Data Name='DeploymentOperation'>2</Data>
    <Data Name='PackageFullName'>Microsoft.PowerToys.FileLocksmithContextMenu_0.100.0.0_neutral__8wekyb3d8bbwe</Data>
    <Data Name='Path'> (Microsoft.PowerToys.FileLocksmithContextMenu_0.100.0.0_neutral__8wekyb3d8bbwe) </Data>
    <Data Name='MountPoint'>C:</Data>
    <Data Name='TargetPlatform'>0x3</Data>
    <Data Name='SystemVolume'>true</Data>
    <Data Name='StorageId'>\\?\Volume{a148554c-efac-4b17-b694-ad743f18daf6}</Data>
    <Data Name='IsCentennial'>true</Data>
    <Data Name='PackageType'>0x1</Data>
    <Data Name='IsPackageEncrypted'>false</Data>
    <Data Name='DeploymentOptions'>0x0</Data>
    <Data Name='IsStreamingPackage'>false</Data>
    <Data Name='IsInRelatedSet'>false</Data>
    <Data Name='IsPackageUsingBDC'>false</Data>
    <Data Name='MainPackageFamilyName'>NULL</Data>
    <Data Name='CallingProcess'>msiexec.exe</Data>
    <Data Name='IsOptional'>false</Data>
    <Data Name='PackageFlags'>0xb0044c</Data>
    <Data Name='PackageFlags2'>0x0</Data>
    <Data Name='HasWin32alacarte'>true</Data>
    <Data Name='HasFullTrust'>true</Data>
    <Data Name='ExternalLocation'>WinUI3Apps</Data>
    <Data Name='PackageSourceUri'>file:///C:/Users/mimichalis/AppData/Local/PowerToys/WinUI3Apps/FileLocksmithContextMenuPackage.msix</Data>
    <Data Name='PackageDisplayName'>NULL</Data>
  </EventData>
</Event>


<Event xmlns='http://schemas.microsoft.com/win/2004/08/events/event'>
  <System>
    <Provider Name='Microsoft-Windows-AppXDeployment-Server' Guid='{3f471139-acb7-4a01-b7a7-ff5da4ba2d43}'></Provider>
    <EventID>10002</EventID>
    <Version>0</Version>
    <Level>5</Level>
    <Task>3</Task>
    <Opcode>0</Opcode>
    <Keywords>0x4000000000000001</Keywords>
    <TimeCreated SystemTime='2026-06-25T09:21:55.8570075Z'></TimeCreated>
    <EventRecordID>233309</EventRecordID>
    <Correlation ActivityID='{f3813d9a-03cc-000d-b123-aef3cc03dd01}'></Correlation>
    <Execution ProcessID='21068' ThreadID='17576'></Execution>
    <Channel>Microsoft-Windows-AppXDeploymentServer/Operational</Channel>
    <Computer>DESKTOP-JE7NNEN</Computer>
    <Security UserID='S-1-5-18'></Security>
  </System>
  <EventData>
    <Data Name='DeploymentOperation'>1</Data>
    <Data Name='MainPackageMoniker'>Microsoft.CommandPalette_0.11.11733.0_x64__8wekyb3d8bbwe</Data>
    <Data Name='ResiliencyFilePath'>C:\ProgramData\Microsoft\Windows\AppRepository\bd2a2f2f-b4a4-48e6-bffc-848602648dc4_S-1-12-1-1924906136-1125473986-2706025896-676455228_5.rslc</Data>
  </EventData>
</Event>


<Event xmlns='http://schemas.microsoft.com/win/2004/08/events/event'>
  <System>
    <Provider Name='Microsoft-Windows-AppXDeployment-Server' Guid='{3f471139-acb7-4a01-b7a7-ff5da4ba2d43}'></Provider>
    <EventID>607</EventID>
    <Version>0</Version>
    <Level>4</Level>
    <Task>0</Task>
    <Opcode>0</Opcode>
    <Keywords>0x4000000000000001</Keywords>
    <TimeCreated SystemTime='2026-06-25T09:21:55.8636217Z'></TimeCreated>
    <EventRecordID>233310</EventRecordID>
    <Correlation ActivityID='{f3813d9a-03cc-000d-b123-aef3cc03dd01}'></Correlation>
    <Execution ProcessID='21068' ThreadID='17576'></Execution>
    <Channel>Microsoft-Windows-AppXDeploymentServer/Operational</Channel>
    <Computer>DESKTOP-JE7NNEN</Computer>
    <Security UserID='S-1-12-1-1924906136-1125473986-2706025896-676455228'></Security>
  </System>
  <EventData>
    <Data Name='DeploymentOperation'>1</Data>
    <Data Name='PackageFullName'>Microsoft.CommandPalette_0.11.11733.0_x64__8wekyb3d8bbwe</Data>
    <Data Name='UserSid'>S-1-12-1-1924906136-1125473986-2706025896-676455228</Data>
    <Data Name='CallingProcess'>msiexec.exe</Data>
  </EventData>
</Event>


<Event xmlns='http://schemas.microsoft.com/win/2004/08/events/event'>
  <System>
    <Provider Name='Microsoft-Windows-AppXDeployment-Server' Guid='{3f471139-acb7-4a01-b7a7-ff5da4ba2d43}'></Provider>
    <EventID>854</EventID>
    <Version>0</Version>
    <Level>4</Level>
    <Task>3</Task>
    <Opcode>0</Opcode>
    <Keywords>0x4000000000000001</Keywords>
    <TimeCreated SystemTime='2026-06-25T09:21:55.8667311Z'></TimeCreated>
    <EventRecordID>233311</EventRecordID>
    <Correlation ActivityID='{f3813d9a-03cc-000d-b123-aef3cc03dd01}'></Correlation>
    <Execution ProcessID='21068' ThreadID='17576'></Execution>
    <Channel>Microsoft-Windows-AppXDeploymentServer/Operational</Channel>
    <Computer>DESKTOP-JE7NNEN</Computer>
    <Security UserID='S-1-12-1-1924906136-1125473986-2706025896-676455228'></Security>
  </System>
  <EventData>
    <Data Name='Path'> file:///C:/Users/mimichalis/AppData/Local/PowerToys//WinUI3Apps/CmdPal/Microsoft.CmdPal.UI_0.11.11733.0_x64.msix</Data>
  </EventData>
</Event>


<Event xmlns='http://schemas.microsoft.com/win/2004/08/events/event'>
  <System>
    <Provider Name='Microsoft-Windows-AppXDeployment-Server' Guid='{3f471139-acb7-4a01-b7a7-ff5da4ba2d43}'></Provider>
    <EventID>455</EventID>
    <Version>0</Version>
    <Level>5</Level>
    <Task>3</Task>
    <Opcode>0</Opcode>
    <Keywords>0x4000000000000001</Keywords>
    <TimeCreated SystemTime='2026-06-25T09:21:56.8167992Z'></TimeCreated>
    <EventRecordID>233312</EventRecordID>
    <Correlation ActivityID='{f3813d9a-03cc-000d-b123-aef3cc03dd01}'></Correlation>
    <Execution ProcessID='21068' ThreadID='17576'></Execution>
    <Channel>Microsoft-Windows-AppXDeploymentServer/Operational</Channel>
    <Computer>DESKTOP-JE7NNEN</Computer>
    <Security UserID='S-1-12-1-1924906136-1125473986-2706025896-676455228'></Security>
  </System>
  <EventData>
    <Data Name='UserSid'>S-1-5-21-2882281261-4152687898-2581907220-1003</Data>
    <Data Name='NewMainPackageFullName'>Microsoft.CommandPalette_0.11.11733.0_x64__8wekyb3d8bbwe</Data>
    <Data Name='OldMainPackageFullName'>Microsoft.CommandPalette_0.11.11601.0_x64__8wekyb3d8bbwe</Data>
    <Data Name='ErrorCode'>0x0</Data>
    <Data Name='Online'>false</Data>
  </EventData>
</Event>


<Event xmlns='http://schemas.microsoft.com/win/2004/08/events/event'>
  <System>
    <Provider Name='Microsoft-Windows-AppXDeployment-Server' Guid='{3f471139-acb7-4a01-b7a7-ff5da4ba2d43}'></Provider>
    <EventID>855</EventID>
    <Version>0</Version>
    <Level>4</Level>
    <Task>4</Task>
    <Opcode>0</Opcode>
    <Keywords>0x4000000000000001</Keywords>
    <TimeCreated SystemTime='2026-06-25T09:21:56.8314156Z'></TimeCreated>
    <EventRecordID>233313</EventRecordID>
    <Correlation ActivityID='{f3813d9a-03cc-000d-b123-aef3cc03dd01}'></Correlation>
    <Execution ProcessID='21068' ThreadID='17576'></Execution>
    <Channel>Microsoft-Windows-AppXDeploymentServer/Operational</Channel>
    <Computer>DESKTOP-JE7NNEN</Computer>
    <Security UserID='S-1-12-1-1924906136-1125473986-2706025896-676455228'></Security>
  </System>
  <EventData>
    <Data Name='PackageMoniker'> updateList: Microsoft.CommandPalette_0.11.11601.0_x64__8wekyb3d8bbwe is updating to Microsoft.CommandPalette_0.11.11733.0_x64__8wekyb3d8bbwe</Data>
  </EventData>
</Event>


<Event xmlns='http://schemas.microsoft.com/win/2004/08/events/event'>
  <System>
    <Provider Name='Microsoft-Windows-AppXDeployment-Server' Guid='{3f471139-acb7-4a01-b7a7-ff5da4ba2d43}'></Provider>
    <EventID>10000</EventID>
    <Version>0</Version>
    <Level>5</Level>
    <Task>4</Task>
    <Opcode>0</Opcode>
    <Keywords>0x4000000000000001</Keywords>
    <TimeCreated SystemTime='2026-06-25T09:22:10.2520986Z'></TimeCreated>
    <EventRecordID>233316</EventRecordID>
    <Correlation ActivityID='{f3813d9a-03cc-000d-b123-aef3cc03dd01}'></Correlation>
    <Execution ProcessID='21068' ThreadID='17576'></Execution>
    <Channel>Microsoft-Windows-AppXDeploymentServer/Operational</Channel>
    <Computer>DESKTOP-JE7NNEN</Computer>
    <Security UserID='S-1-5-18'></Security>
  </System>
  <EventData>
    <Data Name='PackageFullName'>Microsoft.CommandPalette_0.11.11601.0_x64__8wekyb3d8bbwe</Data>
    <Data Name='ErrorCode'>0x0</Data>
  </EventData>
</Event>


<Event xmlns='http://schemas.microsoft.com/win/2004/08/events/event'>
  <System>
    <Provider Name='Microsoft-Windows-AppXDeployment-Server' Guid='{3f471139-acb7-4a01-b7a7-ff5da4ba2d43}'></Provider>
    <EventID>10000</EventID>
    <Version>0</Version>
    <Level>5</Level>
    <Task>4</Task>
    <Opcode>0</Opcode>
    <Keywords>0x4000000000000001</Keywords>
    <TimeCreated SystemTime='2026-06-25T09:22:10.2642120Z'></TimeCreated>
    <EventRecordID>233317</EventRecordID>
    <Correlation ActivityID='{f3813d9a-03cc-000d-b123-aef3cc03dd01}'></Correlation>
    <Execution ProcessID='21068' ThreadID='17576'></Execution>
    <Channel>Microsoft-Windows-AppXDeploymentServer/Operational</Channel>
    <Computer>DESKTOP-JE7NNEN</Computer>
    <Security UserID='S-1-5-18'></Security>
  </System>
  <EventData>
    <Data Name='PackageFullName'>Microsoft.CommandPalette_0.11.11733.0_x64__8wekyb3d8bbwe</Data>
    <Data Name='ErrorCode'>0x0</Data>
  </EventData>
</Event>


<Event xmlns='http://schemas.microsoft.com/win/2004/08/events/event'>
  <System>
    <Provider Name='Microsoft-Windows-AppXDeployment-Server' Guid='{3f471139-acb7-4a01-b7a7-ff5da4ba2d43}'></Provider>
    <EventID>5507</EventID>
    <Version>0</Version>
    <Level>5</Level>
    <Task>0</Task>
    <Opcode>0</Opcode>
    <Keywords>0x4000000000100000</Keywords>
    <TimeCreated SystemTime='2026-06-25T09:22:10.6512429Z'></TimeCreated>
    <EventRecordID>233320</EventRecordID>
    <Correlation ActivityID='{f3813d9a-03cc-000d-b123-aef3cc03dd01}'></Correlation>
    <Execution ProcessID='21068' ThreadID='17576'></Execution>
    <Channel>Microsoft-Windows-AppXDeploymentServer/Operational</Channel>
    <Computer>DESKTOP-JE7NNEN</Computer>
    <Security UserID='S-1-12-1-1924906136-1125473986-2706025896-676455228'></Security>
  </System>
  <EventData>
    <Data Name='PackageName'>Microsoft.CommandPalette_0.11.11733.0_x64__8wekyb3d8bbwe</Data>
    <Data Name='FilePath'>C:\Program Files\WindowsApps\Microsoft.CommandPalette_0.11.11733.0_x64__8wekyb3d8bbwe\microsoft.system.package.metadata\S-1-12-1-1924906136-1125473986-2706025896-676455228-MergedResources-*.pri</Data>
    <Data Name='Message'>No user-specific merged files found</Data>
  </EventData>
</Event>


<Event xmlns='http://schemas.microsoft.com/win/2004/08/events/event'>
  <System>
    <Provider Name='Microsoft-Windows-AppXDeployment-Server' Guid='{3f471139-acb7-4a01-b7a7-ff5da4ba2d43}'></Provider>
    <EventID>5507</EventID>
    <Version>0</Version>
    <Level>5</Level>
    <Task>0</Task>
    <Opcode>0</Opcode>
    <Keywords>0x4000000000100000</Keywords>
    <TimeCreated SystemTime='2026-06-25T09:22:10.6514796Z'></TimeCreated>
    <EventRecordID>233321</EventRecordID>
    <Correlation ActivityID='{f3813d9a-03cc-000d-b123-aef3cc03dd01}'></Correlation>
    <Execution ProcessID='21068' ThreadID='17576'></Execution>
    <Channel>Microsoft-Windows-AppXDeploymentServer/Operational</Channel>
    <Computer>DESKTOP-JE7NNEN</Computer>
    <Security UserID='S-1-12-1-1924906136-1125473986-2706025896-676455228'></Security>
  </System>
  <EventData>
    <Data Name='PackageName'>Microsoft.CommandPalette_0.11.11733.0_x64__8wekyb3d8bbwe</Data>
    <Data Name='FilePath'>C:\Program Files\WindowsApps\Microsoft.CommandPalette_0.11.11733.0_x64__8wekyb3d8bbwe\microsoft.system.package.metadata\Resources.????????.pri</Data>
    <Data Name='Message'>No shared merged files found</Data>
  </EventData>
</Event>


