<Event xmlns='http://schemas.microsoft.com/win/2004/08/events/event'>
  <System>
    <Provider Name='Microsoft-Windows-AppXDeployment-Server' Guid='{3f471139-acb7-4a01-b7a7-ff5da4ba2d43}'></Provider>
    <EventID>855</EventID>
    <Version>0</Version>
    <Level>4</Level>
    <Task>4</Task>
    <Opcode>0</Opcode>
    <Keywords>0x4000000000000001</Keywords>
    <TimeCreated SystemTime='2026-07-03T11:20:07.0941054Z'></TimeCreated>
    <EventRecordID>237607</EventRecordID>
    <Correlation ActivityID='{de445442-0963-0010-4924-4dde6309dd01}'></Correlation>
    <Execution ProcessID='34024' ThreadID='34400'></Execution>
    <Channel>Microsoft-Windows-AppXDeploymentServer/Operational</Channel>
    <Computer>DESKTOP-JE7NNEN</Computer>
    <Security UserID='S-1-12-1-1924906136-1125473986-2706025896-676455228'></Security>
  </System>
  <EventData>
    <Data Name='PackageMoniker'> updateList: Microsoft.PowerToys.PowerRenameContextMenu_0.100.1.0_neutral__8wekyb3d8bbwe is updating to Microsoft.PowerToys.PowerRenameContextMenu_0.100.2.0_neutral__8wekyb3d8bbwe</Data>
  </EventData>
</Event>


<Event xmlns='http://schemas.microsoft.com/win/2004/08/events/event'>
  <System>
    <Provider Name='Microsoft-Windows-AppXDeployment-Server' Guid='{3f471139-acb7-4a01-b7a7-ff5da4ba2d43}'></Provider>
    <EventID>9645</EventID>
    <Version>0</Version>
    <Level>5</Level>
    <Task>1</Task>
    <Opcode>0</Opcode>
    <Keywords>0x4000080000000004</Keywords>
    <TimeCreated SystemTime='2026-07-03T11:20:08.2179956Z'></TimeCreated>
    <EventRecordID>237608</EventRecordID>
    <Correlation ActivityID='{de445442-0963-0010-4924-4dde6309dd01}'></Correlation>
    <Execution ProcessID='34024' ThreadID='34400'></Execution>
    <Channel>Microsoft-Windows-AppXDeploymentServer/Operational</Channel>
    <Computer>DESKTOP-JE7NNEN</Computer>
    <Security UserID='S-1-12-1-1924906136-1125473986-2706025896-676455228'></Security>
  </System>
  <EventData>
    <Data Name='ErrorCode'>0x0</Data>
    <Data Name='String'>Microsoft.PowerToys.PowerRenameContextMenu_0.100.1.0_neutral__8wekyb3d8bbwe</Data>
  </EventData>
</Event>


<Event xmlns='http://schemas.microsoft.com/win/2004/08/events/event'>
  <System>
    <Provider Name='Microsoft-Windows-AppXDeployment-Server' Guid='{3f471139-acb7-4a01-b7a7-ff5da4ba2d43}'></Provider>
    <EventID>10000</EventID>
    <Version>0</Version>
    <Level>5</Level>
    <Task>4</Task>
    <Opcode>0</Opcode>
    <Keywords>0x4000000000000001</Keywords>
    <TimeCreated SystemTime='2026-07-03T11:20:08.2534768Z'></TimeCreated>
    <EventRecordID>237609</EventRecordID>
    <Correlation ActivityID='{de445442-0963-0010-4924-4dde6309dd01}'></Correlation>
    <Execution ProcessID='34024' ThreadID='34400'></Execution>
    <Channel>Microsoft-Windows-AppXDeploymentServer/Operational</Channel>
    <Computer>DESKTOP-JE7NNEN</Computer>
    <Security UserID='S-1-5-18'></Security>
  </System>
  <EventData>
    <Data Name='PackageFullName'>Microsoft.PowerToys.PowerRenameContextMenu_0.100.1.0_neutral__8wekyb3d8bbwe</Data>
    <Data Name='ErrorCode'>0x0</Data>
  </EventData>
</Event>


<Event xmlns='http://schemas.microsoft.com/win/2004/08/events/event'>
  <System>
    <Provider Name='Microsoft-Windows-AppXDeployment-Server' Guid='{3f471139-acb7-4a01-b7a7-ff5da4ba2d43}'></Provider>
    <EventID>10000</EventID>
    <Version>0</Version>
    <Level>5</Level>
    <Task>4</Task>
    <Opcode>0</Opcode>
    <Keywords>0x4000000000000001</Keywords>
    <TimeCreated SystemTime='2026-07-03T11:20:08.2754108Z'></TimeCreated>
    <EventRecordID>237610</EventRecordID>
    <Correlation ActivityID='{de445442-0963-0010-4924-4dde6309dd01}'></Correlation>
    <Execution ProcessID='34024' ThreadID='34400'></Execution>
    <Channel>Microsoft-Windows-AppXDeploymentServer/Operational</Channel>
    <Computer>DESKTOP-JE7NNEN</Computer>
    <Security UserID='S-1-5-18'></Security>
  </System>
  <EventData>
    <Data Name='PackageFullName'>Microsoft.PowerToys.PowerRenameContextMenu_0.100.2.0_neutral__8wekyb3d8bbwe</Data>
    <Data Name='ErrorCode'>0x0</Data>
  </EventData>
</Event>


<Event xmlns='http://schemas.microsoft.com/win/2004/08/events/event'>
  <System>
    <Provider Name='Microsoft-Windows-AppXDeployment-Server' Guid='{3f471139-acb7-4a01-b7a7-ff5da4ba2d43}'></Provider>
    <EventID>9645</EventID>
    <Version>0</Version>
    <Level>5</Level>
    <Task>1</Task>
    <Opcode>0</Opcode>
    <Keywords>0x4000080000000004</Keywords>
    <TimeCreated SystemTime='2026-07-03T11:20:08.3634412Z'></TimeCreated>
    <EventRecordID>237611</EventRecordID>
    <Correlation ActivityID='{de445442-0963-0010-4924-4dde6309dd01}'></Correlation>
    <Execution ProcessID='34024' ThreadID='34400'></Execution>
    <Channel>Microsoft-Windows-AppXDeploymentServer/Operational</Channel>
    <Computer>DESKTOP-JE7NNEN</Computer>
    <Security UserID='S-1-12-1-1924906136-1125473986-2706025896-676455228'></Security>
  </System>
  <EventData>
    <Data Name='ErrorCode'>0x0</Data>
    <Data Name='String'>Microsoft.PowerToys.PowerRenameContextMenu_0.100.1.0_neutral__8wekyb3d8bbwe</Data>
  </EventData>
</Event>


<Event xmlns='http://schemas.microsoft.com/win/2004/08/events/event'>
  <System>
    <Provider Name='Microsoft-Windows-AppXDeployment-Server' Guid='{3f471139-acb7-4a01-b7a7-ff5da4ba2d43}'></Provider>
    <EventID>5507</EventID>
    <Version>0</Version>
    <Level>5</Level>
    <Task>0</Task>
    <Opcode>0</Opcode>
    <Keywords>0x4000000000100000</Keywords>
    <TimeCreated SystemTime='2026-07-03T11:20:08.8736729Z'></TimeCreated>
    <EventRecordID>237612</EventRecordID>
    <Correlation ActivityID='{de445442-0963-0010-4924-4dde6309dd01}'></Correlation>
    <Execution ProcessID='34024' ThreadID='34400'></Execution>
    <Channel>Microsoft-Windows-AppXDeploymentServer/Operational</Channel>
    <Computer>DESKTOP-JE7NNEN</Computer>
    <Security UserID='S-1-12-1-1924906136-1125473986-2706025896-676455228'></Security>
  </System>
  <EventData>
    <Data Name='PackageName'>Microsoft.PowerToys.PowerRenameContextMenu_0.100.2.0_neutral__8wekyb3d8bbwe</Data>
    <Data Name='FilePath'>C:\Program Files\WindowsApps\Microsoft.PowerToys.PowerRenameContextMenu_0.100.2.0_neutral__8wekyb3d8bbwe\microsoft.system.package.metadata\S-1-12-1-1924906136-1125473986-2706025896-676455228-MergedResources-*.pri</Data>
    <Data Name='Message'>No user-specific merged files found</Data>
  </EventData>
</Event>


<Event xmlns='http://schemas.microsoft.com/win/2004/08/events/event'>
  <System>
    <Provider Name='Microsoft-Windows-AppXDeployment-Server' Guid='{3f471139-acb7-4a01-b7a7-ff5da4ba2d43}'></Provider>
    <EventID>5507</EventID>
    <Version>0</Version>
    <Level>5</Level>
    <Task>0</Task>
    <Opcode>0</Opcode>
    <Keywords>0x4000000000100000</Keywords>
    <TimeCreated SystemTime='2026-07-03T11:20:08.8741169Z'></TimeCreated>
    <EventRecordID>237613</EventRecordID>
    <Correlation ActivityID='{de445442-0963-0010-4924-4dde6309dd01}'></Correlation>
    <Execution ProcessID='34024' ThreadID='34400'></Execution>
    <Channel>Microsoft-Windows-AppXDeploymentServer/Operational</Channel>
    <Computer>DESKTOP-JE7NNEN</Computer>
    <Security UserID='S-1-12-1-1924906136-1125473986-2706025896-676455228'></Security>
  </System>
  <EventData>
    <Data Name='PackageName'>Microsoft.PowerToys.PowerRenameContextMenu_0.100.2.0_neutral__8wekyb3d8bbwe</Data>
    <Data Name='FilePath'>C:\Program Files\WindowsApps\Microsoft.PowerToys.PowerRenameContextMenu_0.100.2.0_neutral__8wekyb3d8bbwe\microsoft.system.package.metadata\Resources.????????.pri</Data>
    <Data Name='Message'>No shared merged files found</Data>
  </EventData>
</Event>


<Event xmlns='http://schemas.microsoft.com/win/2004/08/events/event'>
  <System>
    <Provider Name='Microsoft-Windows-AppXDeployment-Server' Guid='{3f471139-acb7-4a01-b7a7-ff5da4ba2d43}'></Provider>
    <EventID>5507</EventID>
    <Version>0</Version>
    <Level>5</Level>
    <Task>0</Task>
    <Opcode>0</Opcode>
    <Keywords>0x4000000000100000</Keywords>
    <TimeCreated SystemTime='2026-07-03T11:20:08.8746707Z'></TimeCreated>
    <EventRecordID>237614</EventRecordID>
    <Correlation ActivityID='{de445442-0963-0010-4924-4dde6309dd01}'></Correlation>
    <Execution ProcessID='34024' ThreadID='34400'></Execution>
    <Channel>Microsoft-Windows-AppXDeploymentServer/Operational</Channel>
    <Computer>DESKTOP-JE7NNEN</Computer>
    <Security UserID='S-1-12-1-1924906136-1125473986-2706025896-676455228'></Security>
  </System>
  <EventData>
    <Data Name='PackageName'>Microsoft.PowerToys.PowerRenameContextMenu_0.100.2.0_neutral__8wekyb3d8bbwe</Data>
    <Data Name='FilePath'>C:\Program Files\WindowsApps\Microsoft.PowerToys.PowerRenameContextMenu_0.100.2.0_neutral__8wekyb3d8bbwe\microsoft.system.package.metadata\S-1-12-1-1924906136-1125473986-2706025896-676455228-MergedResources-*.pri</Data>
    <Data Name='Message'>No user-specific merged files found</Data>
  </EventData>
</Event>


<Event xmlns='http://schemas.microsoft.com/win/2004/08/events/event'>
  <System>
    <Provider Name='Microsoft-Windows-AppXDeployment-Server' Guid='{3f471139-acb7-4a01-b7a7-ff5da4ba2d43}'></Provider>
    <EventID>5507</EventID>
    <Version>0</Version>
    <Level>5</Level>
    <Task>0</Task>
    <Opcode>0</Opcode>
    <Keywords>0x4000000000100000</Keywords>
    <TimeCreated SystemTime='2026-07-03T11:20:08.8752126Z'></TimeCreated>
    <EventRecordID>237615</EventRecordID>
    <Correlation ActivityID='{de445442-0963-0010-4924-4dde6309dd01}'></Correlation>
    <Execution ProcessID='34024' ThreadID='34400'></Execution>
    <Channel>Microsoft-Windows-AppXDeploymentServer/Operational</Channel>
    <Computer>DESKTOP-JE7NNEN</Computer>
    <Security UserID='S-1-12-1-1924906136-1125473986-2706025896-676455228'></Security>
  </System>
  <EventData>
    <Data Name='PackageName'>Microsoft.PowerToys.PowerRenameContextMenu_0.100.2.0_neutral__8wekyb3d8bbwe</Data>
    <Data Name='FilePath'>C:\Program Files\WindowsApps\Microsoft.PowerToys.PowerRenameContextMenu_0.100.2.0_neutral__8wekyb3d8bbwe\microsoft.system.package.metadata\Resources.????????.pri</Data>
    <Data Name='Message'>No shared merged files found</Data>
  </EventData>
</Event>


<Event xmlns='http://schemas.microsoft.com/win/2004/08/events/event'>
  <System>
    <Provider Name='Microsoft-Windows-AppXDeployment-Server' Guid='{3f471139-acb7-4a01-b7a7-ff5da4ba2d43}'></Provider>
    <EventID>10001</EventID>
    <Version>0</Version>
    <Level>5</Level>
    <Task>4</Task>
    <Opcode>0</Opcode>
    <Keywords>0x4000000000000001</Keywords>
    <TimeCreated SystemTime='2026-07-03T11:20:11.0214520Z'></TimeCreated>
    <EventRecordID>237616</EventRecordID>
    <Correlation ActivityID='{de445442-0963-0010-4924-4dde6309dd01}'></Correlation>
    <Execution ProcessID='34024' ThreadID='34400'></Execution>
    <Channel>Microsoft-Windows-AppXDeploymentServer/Operational</Channel>
    <Computer>DESKTOP-JE7NNEN</Computer>
    <Security UserID='S-1-5-18'></Security>
  </System>
  <EventData>
    <Data Name='PackageFullName'>Microsoft.PowerToys.PowerRenameContextMenu_0.100.2.0_neutral__8wekyb3d8bbwe</Data>
    <Data Name='ErrorCode'>0x0</Data>
  </EventData>
</Event>


<Event xmlns='http://schemas.microsoft.com/win/2004/08/events/event'>
  <System>
    <Provider Name='Microsoft-Windows-AppXDeployment-Server' Guid='{3f471139-acb7-4a01-b7a7-ff5da4ba2d43}'></Provider>
    <EventID>10001</EventID>
    <Version>0</Version>
    <Level>5</Level>
    <Task>4</Task>
    <Opcode>0</Opcode>
    <Keywords>0x4000000000000001</Keywords>
    <TimeCreated SystemTime='2026-07-03T11:20:11.0218144Z'></TimeCreated>
    <EventRecordID>237617</EventRecordID>
    <Correlation ActivityID='{de445442-0963-0010-4924-4dde6309dd01}'></Correlation>
    <Execution ProcessID='34024' ThreadID='34400'></Execution>
    <Channel>Microsoft-Windows-AppXDeploymentServer/Operational</Channel>
    <Computer>DESKTOP-JE7NNEN</Computer>
    <Security UserID='S-1-5-18'></Security>
  </System>
  <EventData>
    <Data Name='PackageFullName'>Microsoft.PowerToys.PowerRenameContextMenu_0.100.2.0_neutral__8wekyb3d8bbwe</Data>
    <Data Name='ErrorCode'>0x0</Data>
  </EventData>
</Event>


<Event xmlns='http://schemas.microsoft.com/win/2004/08/events/event'>
  <System>
    <Provider Name='Microsoft-Windows-AppXDeployment-Server' Guid='{3f471139-acb7-4a01-b7a7-ff5da4ba2d43}'></Provider>
    <EventID>400</EventID>
    <Version>0</Version>
    <Level>4</Level>
    <Task>3</Task>
    <Opcode>2</Opcode>
    <Keywords>0x4000000000000001</Keywords>
    <TimeCreated SystemTime='2026-07-03T11:20:11.3175228Z'></TimeCreated>
    <EventRecordID>237618</EventRecordID>
    <Correlation ActivityID='{de445442-0963-0010-4924-4dde6309dd01}'></Correlation>
    <Execution ProcessID='34024' ThreadID='34400'></Execution>
    <Channel>Microsoft-Windows-AppXDeploymentServer/Operational</Channel>
    <Computer>DESKTOP-JE7NNEN</Computer>
    <Security UserID='S-1-12-1-1924906136-1125473986-2706025896-676455228'></Security>
  </System>
  <EventData>
    <Data Name='DeploymentOperation'>1</Data>
    <Data Name='PackageFullName'>Microsoft.PowerToys.PowerRenameContextMenu_0.100.2.0_neutral__8wekyb3d8bbwe</Data>
    <Data Name='Path'> (PowerRenameContextMenuPackage.msix) </Data>
    <Data Name='MountPoint'>C:</Data>
    <Data Name='TargetPlatform'>0x3</Data>
    <Data Name='SystemVolume'>true</Data>
    <Data Name='StorageId'>\\?\Volume{a148554c-efac-4b17-b694-ad743f18daf6}</Data>
    <Data Name='IsCentennial'>true</Data>
    <Data Name='PackageType'>0x1</Data>
    <Data Name='IsPackageEncrypted'>false</Data>
    <Data Name='DeploymentOptions'>0x40000000040000</Data>
    <Data Name='IsStreamingPackage'>false</Data>
    <Data Name='IsInRelatedSet'>false</Data>
    <Data Name='IsPackageUsingBDC'>false</Data>
    <Data Name='MainPackageFamilyName'>NULL</Data>
    <Data Name='CallingProcess'>PowerToys.exe</Data>
    <Data Name='IsOptional'>false</Data>
    <Data Name='PackageFlags'>0xb0004c</Data>
    <Data Name='PackageFlags2'>0x0</Data>
    <Data Name='HasWin32alacarte'>true</Data>
    <Data Name='HasFullTrust'>true</Data>
    <Data Name='ExternalLocation'>WinUI3Apps</Data>
    <Data Name='PackageSourceUri'>file:///C:/Users/mimichalis/AppData/Local/PowerToys/WinUI3Apps/PowerRenameContextMenuPackage.msix</Data>
    <Data Name='PackageDisplayName'>PowerToys PowerRename Context Menu</Data>
  </EventData>
</Event>


<Event xmlns='http://schemas.microsoft.com/win/2004/08/events/event'>
  <System>
    <Provider Name='Microsoft-Windows-AppXDeployment-Server' Guid='{3f471139-acb7-4a01-b7a7-ff5da4ba2d43}'></Provider>
    <EventID>472</EventID>
    <Version>0</Version>
    <Level>5</Level>
    <Task>5</Task>
    <Opcode>0</Opcode>
    <Keywords>0x4000000000000001</Keywords>
    <TimeCreated SystemTime='2026-07-03T11:20:11.7505255Z'></TimeCreated>
    <EventRecordID>237619</EventRecordID>
    <Correlation ActivityID='{de445442-0963-0010-4924-4dde6309dd01}'></Correlation>
    <Execution ProcessID='34024' ThreadID='34400'></Execution>
    <Channel>Microsoft-Windows-AppXDeploymentServer/Operational</Channel>
    <Computer>DESKTOP-JE7NNEN</Computer>
    <Security UserID='S-1-5-18'></Security>
  </System>
  <EventData>
    <Data Name='SourceFolderPath'>\\?\C:\Program Files\WindowsApps\Microsoft.PowerToys.PowerRenameContextMenu_0.100.1.0_neutral__8wekyb3d8bbwe</Data>
    <Data Name='DestinationFolderPath'>\\?\C:\Program Files\WindowsApps\Deleted\Microsoft.PowerToys.PowerRenameContextMenu_0.100.1.0_neutral__8wekyb3d8bbweb239ff30-87a5-4497-ad1d-e1a460ed483c</Data>
    <Data Name='ErrorCode'>0x0</Data>
  </EventData>
</Event>


<Event xmlns='http://schemas.microsoft.com/win/2004/08/events/event'>
  <System>
    <Provider Name='Microsoft-Windows-AppXDeployment-Server' Guid='{3f471139-acb7-4a01-b7a7-ff5da4ba2d43}'></Provider>
    <EventID>613</EventID>
    <Version>0</Version>
    <Level>4</Level>
    <Task>3</Task>
    <Opcode>0</Opcode>
    <Keywords>0x4000000000000001</Keywords>
    <TimeCreated SystemTime='2026-07-03T11:20:11.9342845Z'></TimeCreated>
    <EventRecordID>237620</EventRecordID>
    <Correlation ActivityID='{de445442-0963-0010-4924-4dde6309dd01}'></Correlation>
    <Execution ProcessID='34024' ThreadID='34400'></Execution>
    <Channel>Microsoft-Windows-AppXDeploymentServer/Operational</Channel>
    <Computer>DESKTOP-JE7NNEN</Computer>
    <Security UserID='S-1-12-1-1924906136-1125473986-2706025896-676455228'></Security>
  </System>
  <EventData>
    <Data Name='DeploymentOperation'>1</Data>
    <Data Name='PackageFullName'>Microsoft.PowerToys.PowerRenameContextMenu_0.100.2.0_neutral__8wekyb3d8bbwe</Data>
    <Data Name='Summary'>
Overall time: 5515 ms
Enqueue cost: 234 ms
Dequeue delay: 0 ms
Gap: 16 ms
Bundle processing cost: 0 ms
Indexing cost: 359 ms
Resolve dependency cost: 78 ms
Check approval cost: 16 ms
Gap: 15 ms
Evaluation cost: 938 ms
Hardlinking evaluation cost: 485 ms
Stage required cost: 78 ms
Flushing and closing files cost: 0 ms
Gap: 219 ms
Machine register cost: 140 ms
Stage user data cost: 0 ms
Registration cost: 407 ms
Gap: 1046 ms
Repository commit transaction cost: 1047 ms
Gap: 750 ms
Data flush cost: 16 ms
Post DeStage repository commit transaction cost: 109 ms
Remaining cost: 47 ms
</Data>
  </EventData>
</Event>

