<Event xmlns='http://schemas.microsoft.com/win/2004/08/events/event'>
  <System>
    <Provider Name='Microsoft-Windows-AppXDeployment-Server' Guid='{3f471139-acb7-4a01-b7a7-ff5da4ba2d43}'></Provider>
    <EventID>613</EventID>
    <Version>0</Version>
    <Level>4</Level>
    <Task>3</Task>
    <Opcode>0</Opcode>
    <Keywords>0x4000000000000001</Keywords>
    <TimeCreated SystemTime='2026-07-03T11:19:44.6464059Z'></TimeCreated>
    <EventRecordID>237554</EventRecordID>
    <Correlation ActivityID='{de445442-0963-000d-99bc-4cde6309dd01}'></Correlation>
    <Execution ProcessID='34024' ThreadID='34400'></Execution>
    <Channel>Microsoft-Windows-AppXDeploymentServer/Operational</Channel>
    <Computer>DESKTOP-JE7NNEN</Computer>
    <Security UserID='S-1-12-1-1924906136-1125473986-2706025896-676455228'></Security>
  </System>
  <EventData>
    <Data Name='DeploymentOperation'>1</Data>
    <Data Name='PackageFullName'>Microsoft.PowerToys.SparseApp_0.100.2.0_neutral__8wekyb3d8bbwe</Data>
    <Data Name='Summary'>
Overall time: 4125 ms
Enqueue cost: 281 ms
Dequeue delay: 16 ms
Bundle processing cost: 0 ms
Indexing cost: 562 ms
Resolve dependency cost: 63 ms
Gap: 15 ms
Check approval cost: 16 ms
Evaluation cost: 844 ms
Hardlinking evaluation cost: 781 ms
Stage required cost: 125 ms
Flushing and closing files cost: 0 ms
Gap: 156 ms
Machine register cost: 234 ms
Stage user data cost: 0 ms
Registration cost: 422 ms
Gap: 32 ms
Repository commit transaction cost: 1109 ms
Gap: 141 ms
Data flush cost: 0 ms
Post DeStage repository commit transaction cost: 62 ms
Remaining cost: 47 ms
</Data>
  </EventData>
</Event>


<Event xmlns='http://schemas.microsoft.com/win/2004/08/events/event'>
  <System>
    <Provider Name='Microsoft-Windows-AppXDeployment-Server' Guid='{3f471139-acb7-4a01-b7a7-ff5da4ba2d43}'></Provider>
    <EventID>603</EventID>
    <Version>0</Version>
    <Level>4</Level>
    <Task>3</Task>
    <Opcode>0</Opcode>
    <Keywords>0x4000000000000001</Keywords>
    <TimeCreated SystemTime='2026-07-03T11:19:53.7961309Z'></TimeCreated>
    <EventRecordID>237559</EventRecordID>
    <Correlation ActivityID='{de445442-0963-0010-c9ee-4cde6309dd01}'></Correlation>
    <Execution ProcessID='34024' ThreadID='32960'></Execution>
    <Channel>Microsoft-Windows-AppXDeploymentServer/Operational</Channel>
    <Computer>DESKTOP-JE7NNEN</Computer>
    <Security UserID='S-1-12-1-1924906136-1125473986-2706025896-676455228'></Security>
  </System>
  <EventData>
    <Data Name='DeploymentOperation'>1</Data>
    <Data Name='Path'>FileLocksmithContextMenuPackage.msix</Data>
    <Data Name='Flags'>262144</Data>
    <Data Name='FlagsHigh'>0</Data>
    <Data Name='CallingProcess'>PowerToys.exe</Data>
    <Data Name='ExternalLocation'>WinUI3Apps</Data>
  </EventData>
</Event>


<Event xmlns='http://schemas.microsoft.com/win/2004/08/events/event'>
  <System>
    <Provider Name='Microsoft-Windows-AppXDeployment-Server' Guid='{3f471139-acb7-4a01-b7a7-ff5da4ba2d43}'></Provider>
    <EventID>10002</EventID>
    <Version>0</Version>
    <Level>5</Level>
    <Task>3</Task>
    <Opcode>0</Opcode>
    <Keywords>0x4000000000000001</Keywords>
    <TimeCreated SystemTime='2026-07-03T11:19:53.9154528Z'></TimeCreated>
    <EventRecordID>237560</EventRecordID>
    <Correlation ActivityID='{de445442-0963-0010-c9ee-4cde6309dd01}'></Correlation>
    <Execution ProcessID='34024' ThreadID='34400'></Execution>
    <Channel>Microsoft-Windows-AppXDeploymentServer/Operational</Channel>
    <Computer>DESKTOP-JE7NNEN</Computer>
    <Security UserID='S-1-5-18'></Security>
  </System>
  <EventData>
    <Data Name='DeploymentOperation'>1</Data>
    <Data Name='MainPackageMoniker'>Microsoft.PowerToys.FileLocksmithContextMenu_0.100.2.0_neutral__8wekyb3d8bbwe</Data>
    <Data Name='ResiliencyFilePath'>C:\ProgramData\Microsoft\Windows\AppRepository\71211415-1055-4a45-9ad7-2b9d12b22293_S-1-12-1-1924906136-1125473986-2706025896-676455228_17.rslc</Data>
  </EventData>
</Event>


<Event xmlns='http://schemas.microsoft.com/win/2004/08/events/event'>
  <System>
    <Provider Name='Microsoft-Windows-AppXDeployment-Server' Guid='{3f471139-acb7-4a01-b7a7-ff5da4ba2d43}'></Provider>
    <EventID>607</EventID>
    <Version>0</Version>
    <Level>4</Level>
    <Task>0</Task>
    <Opcode>0</Opcode>
    <Keywords>0x4000000000000001</Keywords>
    <TimeCreated SystemTime='2026-07-03T11:19:53.9170110Z'></TimeCreated>
    <EventRecordID>237561</EventRecordID>
    <Correlation ActivityID='{de445442-0963-0010-c9ee-4cde6309dd01}'></Correlation>
    <Execution ProcessID='34024' ThreadID='34400'></Execution>
    <Channel>Microsoft-Windows-AppXDeploymentServer/Operational</Channel>
    <Computer>DESKTOP-JE7NNEN</Computer>
    <Security UserID='S-1-12-1-1924906136-1125473986-2706025896-676455228'></Security>
  </System>
  <EventData>
    <Data Name='DeploymentOperation'>1</Data>
    <Data Name='PackageFullName'>Microsoft.PowerToys.FileLocksmithContextMenu_0.100.2.0_neutral__8wekyb3d8bbwe</Data>
    <Data Name='UserSid'>S-1-12-1-1924906136-1125473986-2706025896-676455228</Data>
    <Data Name='CallingProcess'>PowerToys.exe</Data>
  </EventData>
</Event>


<Event xmlns='http://schemas.microsoft.com/win/2004/08/events/event'>
  <System>
    <Provider Name='Microsoft-Windows-AppXDeployment-Server' Guid='{3f471139-acb7-4a01-b7a7-ff5da4ba2d43}'></Provider>
    <EventID>854</EventID>
    <Version>0</Version>
    <Level>4</Level>
    <Task>3</Task>
    <Opcode>0</Opcode>
    <Keywords>0x4000000000000001</Keywords>
    <TimeCreated SystemTime='2026-07-03T11:19:53.9174692Z'></TimeCreated>
    <EventRecordID>237562</EventRecordID>
    <Correlation ActivityID='{de445442-0963-0010-c9ee-4cde6309dd01}'></Correlation>
    <Execution ProcessID='34024' ThreadID='34400'></Execution>
    <Channel>Microsoft-Windows-AppXDeploymentServer/Operational</Channel>
    <Computer>DESKTOP-JE7NNEN</Computer>
    <Security UserID='S-1-12-1-1924906136-1125473986-2706025896-676455228'></Security>
  </System>
  <EventData>
    <Data Name='Path'> file:///C:/Users/mimichalis/AppData/Local/PowerToys/WinUI3Apps/FileLocksmithContextMenuPackage.msix</Data>
  </EventData>
</Event>


<Event xmlns='http://schemas.microsoft.com/win/2004/08/events/event'>
  <System>
    <Provider Name='Microsoft-Windows-AppXDeployment-Server' Guid='{3f471139-acb7-4a01-b7a7-ff5da4ba2d43}'></Provider>
    <EventID>855</EventID>
    <Version>0</Version>
    <Level>4</Level>
    <Task>4</Task>
    <Opcode>0</Opcode>
    <Keywords>0x4000000000000001</Keywords>
    <TimeCreated SystemTime='2026-07-03T11:19:54.0782891Z'></TimeCreated>
    <EventRecordID>237563</EventRecordID>
    <Correlation ActivityID='{de445442-0963-0010-c9ee-4cde6309dd01}'></Correlation>
    <Execution ProcessID='34024' ThreadID='34400'></Execution>
    <Channel>Microsoft-Windows-AppXDeploymentServer/Operational</Channel>
    <Computer>DESKTOP-JE7NNEN</Computer>
    <Security UserID='S-1-12-1-1924906136-1125473986-2706025896-676455228'></Security>
  </System>
  <EventData>
    <Data Name='PackageMoniker'> updateList: Microsoft.PowerToys.FileLocksmithContextMenu_0.100.1.0_neutral__8wekyb3d8bbwe is updating to Microsoft.PowerToys.FileLocksmithContextMenu_0.100.2.0_neutral__8wekyb3d8bbwe</Data>
  </EventData>
</Event>


<Event xmlns='http://schemas.microsoft.com/win/2004/08/events/event'>
  <System>
    <Provider Name='Microsoft-Windows-AppXDeployment-Server' Guid='{3f471139-acb7-4a01-b7a7-ff5da4ba2d43}'></Provider>
    <EventID>9645</EventID>
    <Version>0</Version>
    <Level>5</Level>
    <Task>1</Task>
    <Opcode>0</Opcode>
    <Keywords>0x4000080000000004</Keywords>
    <TimeCreated SystemTime='2026-07-03T11:19:54.7569370Z'></TimeCreated>
    <EventRecordID>237564</EventRecordID>
    <Correlation ActivityID='{de445442-0963-0010-c9ee-4cde6309dd01}'></Correlation>
    <Execution ProcessID='34024' ThreadID='34400'></Execution>
    <Channel>Microsoft-Windows-AppXDeploymentServer/Operational</Channel>
    <Computer>DESKTOP-JE7NNEN</Computer>
    <Security UserID='S-1-12-1-1924906136-1125473986-2706025896-676455228'></Security>
  </System>
  <EventData>
    <Data Name='ErrorCode'>0x0</Data>
    <Data Name='String'>Microsoft.PowerToys.FileLocksmithContextMenu_0.100.1.0_neutral__8wekyb3d8bbwe</Data>
  </EventData>
</Event>


<Event xmlns='http://schemas.microsoft.com/win/2004/08/events/event'>
  <System>
    <Provider Name='Microsoft-Windows-AppXDeployment-Server' Guid='{3f471139-acb7-4a01-b7a7-ff5da4ba2d43}'></Provider>
    <EventID>10000</EventID>
    <Version>0</Version>
    <Level>5</Level>
    <Task>4</Task>
    <Opcode>0</Opcode>
    <Keywords>0x4000000000000001</Keywords>
    <TimeCreated SystemTime='2026-07-03T11:19:54.8323381Z'></TimeCreated>
    <EventRecordID>237565</EventRecordID>
    <Correlation ActivityID='{de445442-0963-0010-c9ee-4cde6309dd01}'></Correlation>
    <Execution ProcessID='34024' ThreadID='34400'></Execution>
    <Channel>Microsoft-Windows-AppXDeploymentServer/Operational</Channel>
    <Computer>DESKTOP-JE7NNEN</Computer>
    <Security UserID='S-1-5-18'></Security>
  </System>
  <EventData>
    <Data Name='PackageFullName'>Microsoft.PowerToys.FileLocksmithContextMenu_0.100.1.0_neutral__8wekyb3d8bbwe</Data>
    <Data Name='ErrorCode'>0x0</Data>
  </EventData>
</Event>


<Event xmlns='http://schemas.microsoft.com/win/2004/08/events/event'>
  <System>
    <Provider Name='Microsoft-Windows-AppXDeployment-Server' Guid='{3f471139-acb7-4a01-b7a7-ff5da4ba2d43}'></Provider>
    <EventID>10000</EventID>
    <Version>0</Version>
    <Level>5</Level>
    <Task>4</Task>
    <Opcode>0</Opcode>
    <Keywords>0x4000000000000001</Keywords>
    <TimeCreated SystemTime='2026-07-03T11:19:54.8443295Z'></TimeCreated>
    <EventRecordID>237566</EventRecordID>
    <Correlation ActivityID='{de445442-0963-0010-c9ee-4cde6309dd01}'></Correlation>
    <Execution ProcessID='34024' ThreadID='34400'></Execution>
    <Channel>Microsoft-Windows-AppXDeploymentServer/Operational</Channel>
    <Computer>DESKTOP-JE7NNEN</Computer>
    <Security UserID='S-1-5-18'></Security>
  </System>
  <EventData>
    <Data Name='PackageFullName'>Microsoft.PowerToys.FileLocksmithContextMenu_0.100.2.0_neutral__8wekyb3d8bbwe</Data>
    <Data Name='ErrorCode'>0x0</Data>
  </EventData>
</Event>


<Event xmlns='http://schemas.microsoft.com/win/2004/08/events/event'>
  <System>
    <Provider Name='Microsoft-Windows-AppXDeployment-Server' Guid='{3f471139-acb7-4a01-b7a7-ff5da4ba2d43}'></Provider>
    <EventID>9645</EventID>
    <Version>0</Version>
    <Level>5</Level>
    <Task>1</Task>
    <Opcode>0</Opcode>
    <Keywords>0x4000080000000004</Keywords>
    <TimeCreated SystemTime='2026-07-03T11:19:54.8751577Z'></TimeCreated>
    <EventRecordID>237567</EventRecordID>
    <Correlation ActivityID='{de445442-0963-0010-c9ee-4cde6309dd01}'></Correlation>
    <Execution ProcessID='34024' ThreadID='34400'></Execution>
    <Channel>Microsoft-Windows-AppXDeploymentServer/Operational</Channel>
    <Computer>DESKTOP-JE7NNEN</Computer>
    <Security UserID='S-1-12-1-1924906136-1125473986-2706025896-676455228'></Security>
  </System>
  <EventData>
    <Data Name='ErrorCode'>0x0</Data>
    <Data Name='String'>Microsoft.PowerToys.FileLocksmithContextMenu_0.100.1.0_neutral__8wekyb3d8bbwe</Data>
  </EventData>
</Event>


<Event xmlns='http://schemas.microsoft.com/win/2004/08/events/event'>
  <System>
    <Provider Name='Microsoft-Windows-AppXDeployment-Server' Guid='{3f471139-acb7-4a01-b7a7-ff5da4ba2d43}'></Provider>
    <EventID>5507</EventID>
    <Version>0</Version>
    <Level>5</Level>
    <Task>0</Task>
    <Opcode>0</Opcode>
    <Keywords>0x4000000000100000</Keywords>
    <TimeCreated SystemTime='2026-07-03T11:19:55.0076953Z'></TimeCreated>
    <EventRecordID>237568</EventRecordID>
    <Correlation ActivityID='{de445442-0963-0010-c9ee-4cde6309dd01}'></Correlation>
    <Execution ProcessID='34024' ThreadID='34400'></Execution>
    <Channel>Microsoft-Windows-AppXDeploymentServer/Operational</Channel>
    <Computer>DESKTOP-JE7NNEN</Computer>
    <Security UserID='S-1-12-1-1924906136-1125473986-2706025896-676455228'></Security>
  </System>
  <EventData>
    <Data Name='PackageName'>Microsoft.PowerToys.FileLocksmithContextMenu_0.100.2.0_neutral__8wekyb3d8bbwe</Data>
    <Data Name='FilePath'>C:\Program Files\WindowsApps\Microsoft.PowerToys.FileLocksmithContextMenu_0.100.2.0_neutral__8wekyb3d8bbwe\microsoft.system.package.metadata\S-1-12-1-1924906136-1125473986-2706025896-676455228-MergedResources-*.pri</Data>
    <Data Name='Message'>No user-specific merged files found</Data>
  </EventData>
</Event>


<Event xmlns='http://schemas.microsoft.com/win/2004/08/events/event'>
  <System>
    <Provider Name='Microsoft-Windows-AppXDeployment-Server' Guid='{3f471139-acb7-4a01-b7a7-ff5da4ba2d43}'></Provider>
    <EventID>5507</EventID>
    <Version>0</Version>
    <Level>5</Level>
    <Task>0</Task>
    <Opcode>0</Opcode>
    <Keywords>0x4000000000100000</Keywords>
    <TimeCreated SystemTime='2026-07-03T11:19:55.0077921Z'></TimeCreated>
    <EventRecordID>237569</EventRecordID>
    <Correlation ActivityID='{de445442-0963-0010-c9ee-4cde6309dd01}'></Correlation>
    <Execution ProcessID='34024' ThreadID='34400'></Execution>
    <Channel>Microsoft-Windows-AppXDeploymentServer/Operational</Channel>
    <Computer>DESKTOP-JE7NNEN</Computer>
    <Security UserID='S-1-12-1-1924906136-1125473986-2706025896-676455228'></Security>
  </System>
  <EventData>
    <Data Name='PackageName'>Microsoft.PowerToys.FileLocksmithContextMenu_0.100.2.0_neutral__8wekyb3d8bbwe</Data>
    <Data Name='FilePath'>C:\Program Files\WindowsApps\Microsoft.PowerToys.FileLocksmithContextMenu_0.100.2.0_neutral__8wekyb3d8bbwe\microsoft.system.package.metadata\Resources.????????.pri</Data>
    <Data Name='Message'>No shared merged files found</Data>
  </EventData>
</Event>


<Event xmlns='http://schemas.microsoft.com/win/2004/08/events/event'>
  <System>
    <Provider Name='Microsoft-Windows-AppXDeployment-Server' Guid='{3f471139-acb7-4a01-b7a7-ff5da4ba2d43}'></Provider>
    <EventID>5507</EventID>
    <Version>0</Version>
    <Level>5</Level>
    <Task>0</Task>
    <Opcode>0</Opcode>
    <Keywords>0x4000000000100000</Keywords>
    <TimeCreated SystemTime='2026-07-03T11:19:55.0078668Z'></TimeCreated>
    <EventRecordID>237570</EventRecordID>
    <Correlation ActivityID='{de445442-0963-0010-c9ee-4cde6309dd01}'></Correlation>
    <Execution ProcessID='34024' ThreadID='34400'></Execution>
    <Channel>Microsoft-Windows-AppXDeploymentServer/Operational</Channel>
    <Computer>DESKTOP-JE7NNEN</Computer>
    <Security UserID='S-1-12-1-1924906136-1125473986-2706025896-676455228'></Security>
  </System>
  <EventData>
    <Data Name='PackageName'>Microsoft.PowerToys.FileLocksmithContextMenu_0.100.2.0_neutral__8wekyb3d8bbwe</Data>
    <Data Name='FilePath'>C:\Program Files\WindowsApps\Microsoft.PowerToys.FileLocksmithContextMenu_0.100.2.0_neutral__8wekyb3d8bbwe\microsoft.system.package.metadata\S-1-12-1-1924906136-1125473986-2706025896-676455228-MergedResources-*.pri</Data>
    <Data Name='Message'>No user-specific merged files found</Data>
  </EventData>
</Event>


<Event xmlns='http://schemas.microsoft.com/win/2004/08/events/event'>
  <System>
    <Provider Name='Microsoft-Windows-AppXDeployment-Server' Guid='{3f471139-acb7-4a01-b7a7-ff5da4ba2d43}'></Provider>
    <EventID>5507</EventID>
    <Version>0</Version>
    <Level>5</Level>
    <Task>0</Task>
    <Opcode>0</Opcode>
    <Keywords>0x4000000000100000</Keywords>
    <TimeCreated SystemTime='2026-07-03T11:19:55.0079454Z'></TimeCreated>
    <EventRecordID>237571</EventRecordID>
    <Correlation ActivityID='{de445442-0963-0010-c9ee-4cde6309dd01}'></Correlation>
    <Execution ProcessID='34024' ThreadID='34400'></Execution>
    <Channel>Microsoft-Windows-AppXDeploymentServer/Operational</Channel>
    <Computer>DESKTOP-JE7NNEN</Computer>
    <Security UserID='S-1-12-1-1924906136-1125473986-2706025896-676455228'></Security>
  </System>
  <EventData>
    <Data Name='PackageName'>Microsoft.PowerToys.FileLocksmithContextMenu_0.100.2.0_neutral__8wekyb3d8bbwe</Data>
    <Data Name='FilePath'>C:\Program Files\WindowsApps\Microsoft.PowerToys.FileLocksmithContextMenu_0.100.2.0_neutral__8wekyb3d8bbwe\microsoft.system.package.metadata\Resources.????????.pri</Data>
    <Data Name='Message'>No shared merged files found</Data>
  </EventData>
</Event>


<Event xmlns='http://schemas.microsoft.com/win/2004/08/events/event'>
  <System>
    <Provider Name='Microsoft-Windows-AppXDeployment-Server' Guid='{3f471139-acb7-4a01-b7a7-ff5da4ba2d43}'></Provider>
    <EventID>10001</EventID>
    <Version>0</Version>
    <Level>5</Level>
    <Task>4</Task>
    <Opcode>0</Opcode>
    <Keywords>0x4000000000000001</Keywords>
    <TimeCreated SystemTime='2026-07-03T11:19:55.6694007Z'></TimeCreated>
    <EventRecordID>237572</EventRecordID>
    <Correlation ActivityID='{de445442-0963-0010-c9ee-4cde6309dd01}'></Correlation>
    <Execution ProcessID='34024' ThreadID='34400'></Execution>
    <Channel>Microsoft-Windows-AppXDeploymentServer/Operational</Channel>
    <Computer>DESKTOP-JE7NNEN</Computer>
    <Security UserID='S-1-5-18'></Security>
  </System>
  <EventData>
    <Data Name='PackageFullName'>Microsoft.PowerToys.FileLocksmithContextMenu_0.100.2.0_neutral__8wekyb3d8bbwe</Data>
    <Data Name='ErrorCode'>0x0</Data>
  </EventData>
</Event>


<Event xmlns='http://schemas.microsoft.com/win/2004/08/events/event'>
  <System>
    <Provider Name='Microsoft-Windows-AppXDeployment-Server' Guid='{3f471139-acb7-4a01-b7a7-ff5da4ba2d43}'></Provider>
    <EventID>10001</EventID>
    <Version>0</Version>
    <Level>5</Level>
    <Task>4</Task>
    <Opcode>0</Opcode>
    <Keywords>0x4000000000000001</Keywords>
    <TimeCreated SystemTime='2026-07-03T11:19:55.6697033Z'></TimeCreated>
    <EventRecordID>237573</EventRecordID>
    <Correlation ActivityID='{de445442-0963-0010-c9ee-4cde6309dd01}'></Correlation>
    <Execution ProcessID='34024' ThreadID='34400'></Execution>
    <Channel>Microsoft-Windows-AppXDeploymentServer/Operational</Channel>
    <Computer>DESKTOP-JE7NNEN</Computer>
    <Security UserID='S-1-5-18'></Security>
  </System>
  <EventData>
    <Data Name='PackageFullName'>Microsoft.PowerToys.FileLocksmithContextMenu_0.100.2.0_neutral__8wekyb3d8bbwe</Data>
    <Data Name='ErrorCode'>0x0</Data>
  </EventData>
</Event>


<Event xmlns='http://schemas.microsoft.com/win/2004/08/events/event'>
  <System>
    <Provider Name='Microsoft-Windows-AppXDeployment-Server' Guid='{3f471139-acb7-4a01-b7a7-ff5da4ba2d43}'></Provider>
    <EventID>400</EventID>
    <Version>0</Version>
    <Level>4</Level>
    <Task>3</Task>
    <Opcode>2</Opcode>
    <Keywords>0x4000000000000001</Keywords>
    <TimeCreated SystemTime='2026-07-03T11:19:55.7797340Z'></TimeCreated>
    <EventRecordID>237574</EventRecordID>
    <Correlation ActivityID='{de445442-0963-0010-c9ee-4cde6309dd01}'></Correlation>
    <Execution ProcessID='34024' ThreadID='34400'></Execution>
    <Channel>Microsoft-Windows-AppXDeploymentServer/Operational</Channel>
    <Computer>DESKTOP-JE7NNEN</Computer>
    <Security UserID='S-1-12-1-1924906136-1125473986-2706025896-676455228'></Security>
  </System>
  <EventData>
    <Data Name='DeploymentOperation'>1</Data>
    <Data Name='PackageFullName'>Microsoft.PowerToys.FileLocksmithContextMenu_0.100.2.0_neutral__8wekyb3d8bbwe</Data>
    <Data Name='Path'> (FileLocksmithContextMenuPackage.msix) </Data>
    <Data Name='MountPoint'>C:</Data>
    <Data Name='TargetPlatform'>0x3</Data>
    <Data Name='SystemVolume'>true</Data>
    <Data Name='StorageId'>\\?\Volume{a148554c-efac-4b17-b694-ad743f18daf6}</Data>
    <Data Name='IsCentennial'>true</Data>
    <Data Name='PackageType'>0x1</Data>
    <Data Name='IsPackageEncrypted'>false</Data>
    <Data Name='DeploymentOptions'>0x40000000040000</Data>
    <Data Name='IsStreamingPackage'>false</Data>
    <Data Name='IsInRelatedSet'>false</Data>
    <Data Name='IsPackageUsingBDC'>false</Data>
    <Data Name='MainPackageFamilyName'>NULL</Data>
    <Data Name='CallingProcess'>PowerToys.exe</Data>
    <Data Name='IsOptional'>false</Data>
    <Data Name='PackageFlags'>0xb0004c</Data>
    <Data Name='PackageFlags2'>0x0</Data>
    <Data Name='HasWin32alacarte'>true</Data>
    <Data Name='HasFullTrust'>true</Data>
    <Data Name='ExternalLocation'>WinUI3Apps</Data>
    <Data Name='PackageSourceUri'>file:///C:/Users/mimichalis/AppData/Local/PowerToys/WinUI3Apps/FileLocksmithContextMenuPackage.msix</Data>
    <Data Name='PackageDisplayName'>PowerToys FileLocksmith Context Menu</Data>
  </EventData>
</Event>


<Event xmlns='http://schemas.microsoft.com/win/2004/08/events/event'>
  <System>
    <Provider Name='Microsoft-Windows-AppXDeployment-Server' Guid='{3f471139-acb7-4a01-b7a7-ff5da4ba2d43}'></Provider>
    <EventID>472</EventID>
    <Version>0</Version>
    <Level>5</Level>
    <Task>5</Task>
    <Opcode>0</Opcode>
    <Keywords>0x4000000000000001</Keywords>
    <TimeCreated SystemTime='2026-07-03T11:19:55.8695751Z'></TimeCreated>
    <EventRecordID>237575</EventRecordID>
    <Correlation ActivityID='{de445442-0963-0010-c9ee-4cde6309dd01}'></Correlation>
    <Execution ProcessID='34024' ThreadID='34400'></Execution>
    <Channel>Microsoft-Windows-AppXDeploymentServer/Operational</Channel>
    <Computer>DESKTOP-JE7NNEN</Computer>
    <Security UserID='S-1-5-18'></Security>
  </System>
  <EventData>
    <Data Name='SourceFolderPath'>\\?\C:\Program Files\WindowsApps\Microsoft.PowerToys.FileLocksmithContextMenu_0.100.1.0_neutral__8wekyb3d8bbwe</Data>
    <Data Name='DestinationFolderPath'>\\?\C:\Program Files\WindowsApps\Deleted\Microsoft.PowerToys.FileLocksmithContextMenu_0.100.1.0_neutral__8wekyb3d8bbweb6e244bc-c4f3-4ba1-a83a-f036893c7d06</Data>
    <Data Name='ErrorCode'>0x0</Data>
  </EventData>
</Event>


<Event xmlns='http://schemas.microsoft.com/win/2004/08/events/event'>
  <System>
    <Provider Name='Microsoft-Windows-AppXDeployment-Server' Guid='{3f471139-acb7-4a01-b7a7-ff5da4ba2d43}'></Provider>
    <EventID>613</EventID>
    <Version>0</Version>
    <Level>4</Level>
    <Task>3</Task>
    <Opcode>0</Opcode>
    <Keywords>0x4000000000000001</Keywords>
    <TimeCreated SystemTime='2026-07-03T11:19:55.9484211Z'></TimeCreated>
    <EventRecordID>237576</EventRecordID>
    <Correlation ActivityID='{de445442-0963-0010-c9ee-4cde6309dd01}'></Correlation>
    <Execution ProcessID='34024' ThreadID='34400'></Execution>
    <Channel>Microsoft-Windows-AppXDeploymentServer/Operational</Channel>
    <Computer>DESKTOP-JE7NNEN</Computer>
    <Security UserID='S-1-12-1-1924906136-1125473986-2706025896-676455228'></Security>
  </System>
  <EventData>
    <Data Name='DeploymentOperation'>1</Data>
    <Data Name='PackageFullName'>Microsoft.PowerToys.FileLocksmithContextMenu_0.100.2.0_neutral__8wekyb3d8bbwe</Data>
    <Data Name='Summary'>
Overall time: 2141 ms
Enqueue cost: 110 ms
Dequeue delay: 0 ms
Bundle processing cost: 0 ms
Indexing cost: 140 ms
Resolve dependency cost: 31 ms
Check approval cost: 0 ms
Evaluation cost: 422 ms
Hardlinking evaluation cost: 235 ms
Stage required cost: 110 ms
Flushing and closing files cost: 0 ms
Gap: 265 ms
Machine register cost: 32 ms
Stage user data cost: 0 ms
Registration cost: 109 ms
Gap: 172 ms
Repository commit transaction cost: 469 ms
Gap: 203 ms
Data flush cost: 31 ms
Post DeStage repository commit transaction cost: 31 ms
Remaining cost: 16 ms
</Data>
  </EventData>
</Event>


<Event xmlns='http://schemas.microsoft.com/win/2004/08/events/event'>
  <System>
    <Provider Name='Microsoft-Windows-AppXDeployment-Server' Guid='{3f471139-acb7-4a01-b7a7-ff5da4ba2d43}'></Provider>
    <EventID>603</EventID>
    <Version>0</Version>
    <Level>4</Level>
    <Task>3</Task>
    <Opcode>0</Opcode>
    <Keywords>0x4000000000000001</Keywords>
    <TimeCreated SystemTime='2026-07-03T11:19:56.0167698Z'></TimeCreated>
    <EventRecordID>237581</EventRecordID>
    <Correlation ActivityID='{de445442-0963-000c-1693-4cde6309dd01}'></Correlation>
    <Execution ProcessID='34024' ThreadID='18744'></Execution>
    <Channel>Microsoft-Windows-AppXDeploymentServer/Operational</Channel>
    <Computer>DESKTOP-JE7NNEN</Computer>
    <Security UserID='S-1-12-1-1924906136-1125473986-2706025896-676455228'></Security>
  </System>
  <EventData>
    <Data Name='DeploymentOperation'>1</Data>
    <Data Name='Path'>ImageResizerContextMenuPackage.msix</Data>
    <Data Name='Flags'>262144</Data>
    <Data Name='FlagsHigh'>0</Data>
    <Data Name='CallingProcess'>PowerToys.exe</Data>
    <Data Name='ExternalLocation'>WinUI3Apps</Data>
  </EventData>
</Event>


<Event xmlns='http://schemas.microsoft.com/win/2004/08/events/event'>
  <System>
    <Provider Name='Microsoft-Windows-AppXDeployment-Server' Guid='{3f471139-acb7-4a01-b7a7-ff5da4ba2d43}'></Provider>
    <EventID>10002</EventID>
    <Version>0</Version>
    <Level>5</Level>
    <Task>3</Task>
    <Opcode>0</Opcode>
    <Keywords>0x4000000000000001</Keywords>
    <TimeCreated SystemTime='2026-07-03T11:19:56.3038631Z'></TimeCreated>
    <EventRecordID>237582</EventRecordID>
    <Correlation ActivityID='{de445442-0963-000c-1693-4cde6309dd01}'></Correlation>
    <Execution ProcessID='34024' ThreadID='34400'></Execution>
    <Channel>Microsoft-Windows-AppXDeploymentServer/Operational</Channel>
    <Computer>DESKTOP-JE7NNEN</Computer>
    <Security UserID='S-1-5-18'></Security>
  </System>
  <EventData>
    <Data Name='DeploymentOperation'>1</Data>
    <Data Name='MainPackageMoniker'>Microsoft.PowerToys.ImageResizerContextMenu_0.100.2.0_neutral__8wekyb3d8bbwe</Data>
    <Data Name='ResiliencyFilePath'>C:\ProgramData\Microsoft\Windows\AppRepository\71211415-1055-4a45-9ad7-2b9d12b22293_S-1-12-1-1924906136-1125473986-2706025896-676455228_18.rslc</Data>
  </EventData>
</Event>


<Event xmlns='http://schemas.microsoft.com/win/2004/08/events/event'>
  <System>
    <Provider Name='Microsoft-Windows-AppXDeployment-Server' Guid='{3f471139-acb7-4a01-b7a7-ff5da4ba2d43}'></Provider>
    <EventID>607</EventID>
    <Version>0</Version>
    <Level>4</Level>
    <Task>0</Task>
    <Opcode>0</Opcode>
    <Keywords>0x4000000000000001</Keywords>
    <TimeCreated SystemTime='2026-07-03T11:19:56.3068722Z'></TimeCreated>
    <EventRecordID>237583</EventRecordID>
    <Correlation ActivityID='{de445442-0963-000c-1693-4cde6309dd01}'></Correlation>
    <Execution ProcessID='34024' ThreadID='34400'></Execution>
    <Channel>Microsoft-Windows-AppXDeploymentServer/Operational</Channel>
    <Computer>DESKTOP-JE7NNEN</Computer>
    <Security UserID='S-1-12-1-1924906136-1125473986-2706025896-676455228'></Security>
  </System>
  <EventData>
    <Data Name='DeploymentOperation'>1</Data>
    <Data Name='PackageFullName'>Microsoft.PowerToys.ImageResizerContextMenu_0.100.2.0_neutral__8wekyb3d8bbwe</Data>
    <Data Name='UserSid'>S-1-12-1-1924906136-1125473986-2706025896-676455228</Data>
    <Data Name='CallingProcess'>PowerToys.exe</Data>
  </EventData>
</Event>


<Event xmlns='http://schemas.microsoft.com/win/2004/08/events/event'>
  <System>
    <Provider Name='Microsoft-Windows-AppXDeployment-Server' Guid='{3f471139-acb7-4a01-b7a7-ff5da4ba2d43}'></Provider>
    <EventID>854</EventID>
    <Version>0</Version>
    <Level>4</Level>
    <Task>3</Task>
    <Opcode>0</Opcode>
    <Keywords>0x4000000000000001</Keywords>
    <TimeCreated SystemTime='2026-07-03T11:19:56.3076036Z'></TimeCreated>
    <EventRecordID>237584</EventRecordID>
    <Correlation ActivityID='{de445442-0963-000c-1693-4cde6309dd01}'></Correlation>
    <Execution ProcessID='34024' ThreadID='34400'></Execution>
    <Channel>Microsoft-Windows-AppXDeploymentServer/Operational</Channel>
    <Computer>DESKTOP-JE7NNEN</Computer>
    <Security UserID='S-1-12-1-1924906136-1125473986-2706025896-676455228'></Security>
  </System>
  <EventData>
    <Data Name='Path'> file:///C:/Users/mimichalis/AppData/Local/PowerToys/WinUI3Apps/ImageResizerContextMenuPackage.msix</Data>
  </EventData>
</Event>


<Event xmlns='http://schemas.microsoft.com/win/2004/08/events/event'>
  <System>
    <Provider Name='Microsoft-Windows-AppXDeployment-Server' Guid='{3f471139-acb7-4a01-b7a7-ff5da4ba2d43}'></Provider>
    <EventID>855</EventID>
    <Version>0</Version>
    <Level>4</Level>
    <Task>4</Task>
    <Opcode>0</Opcode>
    <Keywords>0x4000000000000001</Keywords>
    <TimeCreated SystemTime='2026-07-03T11:19:56.7036003Z'></TimeCreated>
    <EventRecordID>237585</EventRecordID>
    <Correlation ActivityID='{de445442-0963-000c-1693-4cde6309dd01}'></Correlation>
    <Execution ProcessID='34024' ThreadID='34400'></Execution>
    <Channel>Microsoft-Windows-AppXDeploymentServer/Operational</Channel>
    <Computer>DESKTOP-JE7NNEN</Computer>
    <Security UserID='S-1-12-1-1924906136-1125473986-2706025896-676455228'></Security>
  </System>
  <EventData>
    <Data Name='PackageMoniker'> updateList: Microsoft.PowerToys.ImageResizerContextMenu_0.100.1.0_neutral__8wekyb3d8bbwe is updating to Microsoft.PowerToys.ImageResizerContextMenu_0.100.2.0_neutral__8wekyb3d8bbwe</Data>
  </EventData>
</Event>


<Event xmlns='http://schemas.microsoft.com/win/2004/08/events/event'>
  <System>
    <Provider Name='Microsoft-Windows-AppXDeployment-Server' Guid='{3f471139-acb7-4a01-b7a7-ff5da4ba2d43}'></Provider>
    <EventID>9645</EventID>
    <Version>0</Version>
    <Level>5</Level>
    <Task>1</Task>
    <Opcode>0</Opcode>
    <Keywords>0x4000080000000004</Keywords>
    <TimeCreated SystemTime='2026-07-03T11:19:57.8005785Z'></TimeCreated>
    <EventRecordID>237586</EventRecordID>
    <Correlation ActivityID='{de445442-0963-000c-1693-4cde6309dd01}'></Correlation>
    <Execution ProcessID='34024' ThreadID='34400'></Execution>
    <Channel>Microsoft-Windows-AppXDeploymentServer/Operational</Channel>
    <Computer>DESKTOP-JE7NNEN</Computer>
    <Security UserID='S-1-12-1-1924906136-1125473986-2706025896-676455228'></Security>
  </System>
  <EventData>
    <Data Name='ErrorCode'>0x0</Data>
    <Data Name='String'>Microsoft.PowerToys.ImageResizerContextMenu_0.100.1.0_neutral__8wekyb3d8bbwe</Data>
  </EventData>
</Event>


<Event xmlns='http://schemas.microsoft.com/win/2004/08/events/event'>
  <System>
    <Provider Name='Microsoft-Windows-AppXDeployment-Server' Guid='{3f471139-acb7-4a01-b7a7-ff5da4ba2d43}'></Provider>
    <EventID>10000</EventID>
    <Version>0</Version>
    <Level>5</Level>
    <Task>4</Task>
    <Opcode>0</Opcode>
    <Keywords>0x4000000000000001</Keywords>
    <TimeCreated SystemTime='2026-07-03T11:19:57.8277088Z'></TimeCreated>
    <EventRecordID>237587</EventRecordID>
    <Correlation ActivityID='{de445442-0963-000c-1693-4cde6309dd01}'></Correlation>
    <Execution ProcessID='34024' ThreadID='34400'></Execution>
    <Channel>Microsoft-Windows-AppXDeploymentServer/Operational</Channel>
    <Computer>DESKTOP-JE7NNEN</Computer>
    <Security UserID='S-1-5-18'></Security>
  </System>
  <EventData>
    <Data Name='PackageFullName'>Microsoft.PowerToys.ImageResizerContextMenu_0.100.1.0_neutral__8wekyb3d8bbwe</Data>
    <Data Name='ErrorCode'>0x0</Data>
  </EventData>
</Event>


<Event xmlns='http://schemas.microsoft.com/win/2004/08/events/event'>
  <System>
    <Provider Name='Microsoft-Windows-AppXDeployment-Server' Guid='{3f471139-acb7-4a01-b7a7-ff5da4ba2d43}'></Provider>
    <EventID>10000</EventID>
    <Version>0</Version>
    <Level>5</Level>
    <Task>4</Task>
    <Opcode>0</Opcode>
    <Keywords>0x4000000000000001</Keywords>
    <TimeCreated SystemTime='2026-07-03T11:19:57.8398166Z'></TimeCreated>
    <EventRecordID>237588</EventRecordID>
    <Correlation ActivityID='{de445442-0963-000c-1693-4cde6309dd01}'></Correlation>
    <Execution ProcessID='34024' ThreadID='34400'></Execution>
    <Channel>Microsoft-Windows-AppXDeploymentServer/Operational</Channel>
    <Computer>DESKTOP-JE7NNEN</Computer>
    <Security UserID='S-1-5-18'></Security>
  </System>
  <EventData>
    <Data Name='PackageFullName'>Microsoft.PowerToys.ImageResizerContextMenu_0.100.2.0_neutral__8wekyb3d8bbwe</Data>
    <Data Name='ErrorCode'>0x0</Data>
  </EventData>
</Event>


<Event xmlns='http://schemas.microsoft.com/win/2004/08/events/event'>
  <System>
    <Provider Name='Microsoft-Windows-AppXDeployment-Server' Guid='{3f471139-acb7-4a01-b7a7-ff5da4ba2d43}'></Provider>
    <EventID>9645</EventID>
    <Version>0</Version>
    <Level>5</Level>
    <Task>1</Task>
    <Opcode>0</Opcode>
    <Keywords>0x4000080000000004</Keywords>
    <TimeCreated SystemTime='2026-07-03T11:19:57.8998874Z'></TimeCreated>
    <EventRecordID>237589</EventRecordID>
    <Correlation ActivityID='{de445442-0963-000c-1693-4cde6309dd01}'></Correlation>
    <Execution ProcessID='34024' ThreadID='34400'></Execution>
    <Channel>Microsoft-Windows-AppXDeploymentServer/Operational</Channel>
    <Computer>DESKTOP-JE7NNEN</Computer>
    <Security UserID='S-1-12-1-1924906136-1125473986-2706025896-676455228'></Security>
  </System>
  <EventData>
    <Data Name='ErrorCode'>0x0</Data>
    <Data Name='String'>Microsoft.PowerToys.ImageResizerContextMenu_0.100.1.0_neutral__8wekyb3d8bbwe</Data>
  </EventData>
</Event>


<Event xmlns='http://schemas.microsoft.com/win/2004/08/events/event'>
  <System>
    <Provider Name='Microsoft-Windows-AppXDeployment-Server' Guid='{3f471139-acb7-4a01-b7a7-ff5da4ba2d43}'></Provider>
    <EventID>5507</EventID>
    <Version>0</Version>
    <Level>5</Level>
    <Task>0</Task>
    <Opcode>0</Opcode>
    <Keywords>0x4000000000100000</Keywords>
    <TimeCreated SystemTime='2026-07-03T11:19:58.3801430Z'></TimeCreated>
    <EventRecordID>237590</EventRecordID>
    <Correlation ActivityID='{de445442-0963-000c-1693-4cde6309dd01}'></Correlation>
    <Execution ProcessID='34024' ThreadID='34400'></Execution>
    <Channel>Microsoft-Windows-AppXDeploymentServer/Operational</Channel>
    <Computer>DESKTOP-JE7NNEN</Computer>
    <Security UserID='S-1-12-1-1924906136-1125473986-2706025896-676455228'></Security>
  </System>
  <EventData>
    <Data Name='PackageName'>Microsoft.PowerToys.ImageResizerContextMenu_0.100.2.0_neutral__8wekyb3d8bbwe</Data>
    <Data Name='FilePath'>C:\Program Files\WindowsApps\Microsoft.PowerToys.ImageResizerContextMenu_0.100.2.0_neutral__8wekyb3d8bbwe\microsoft.system.package.metadata\S-1-12-1-1924906136-1125473986-2706025896-676455228-MergedResources-*.pri</Data>
    <Data Name='Message'>No user-specific merged files found</Data>
  </EventData>
</Event>


<Event xmlns='http://schemas.microsoft.com/win/2004/08/events/event'>
  <System>
    <Provider Name='Microsoft-Windows-AppXDeployment-Server' Guid='{3f471139-acb7-4a01-b7a7-ff5da4ba2d43}'></Provider>
    <EventID>5507</EventID>
    <Version>0</Version>
    <Level>5</Level>
    <Task>0</Task>
    <Opcode>0</Opcode>
    <Keywords>0x4000000000100000</Keywords>
    <TimeCreated SystemTime='2026-07-03T11:19:58.3804783Z'></TimeCreated>
    <EventRecordID>237591</EventRecordID>
    <Correlation ActivityID='{de445442-0963-000c-1693-4cde6309dd01}'></Correlation>
    <Execution ProcessID='34024' ThreadID='34400'></Execution>
    <Channel>Microsoft-Windows-AppXDeploymentServer/Operational</Channel>
    <Computer>DESKTOP-JE7NNEN</Computer>
    <Security UserID='S-1-12-1-1924906136-1125473986-2706025896-676455228'></Security>
  </System>
  <EventData>
    <Data Name='PackageName'>Microsoft.PowerToys.ImageResizerContextMenu_0.100.2.0_neutral__8wekyb3d8bbwe</Data>
    <Data Name='FilePath'>C:\Program Files\WindowsApps\Microsoft.PowerToys.ImageResizerContextMenu_0.100.2.0_neutral__8wekyb3d8bbwe\microsoft.system.package.metadata\Resources.????????.pri</Data>
    <Data Name='Message'>No shared merged files found</Data>
  </EventData>
</Event>


<Event xmlns='http://schemas.microsoft.com/win/2004/08/events/event'>
  <System>
    <Provider Name='Microsoft-Windows-AppXDeployment-Server' Guid='{3f471139-acb7-4a01-b7a7-ff5da4ba2d43}'></Provider>
    <EventID>5507</EventID>
    <Version>0</Version>
    <Level>5</Level>
    <Task>0</Task>
    <Opcode>0</Opcode>
    <Keywords>0x4000000000100000</Keywords>
    <TimeCreated SystemTime='2026-07-03T11:19:58.3807222Z'></TimeCreated>
    <EventRecordID>237592</EventRecordID>
    <Correlation ActivityID='{de445442-0963-000c-1693-4cde6309dd01}'></Correlation>
    <Execution ProcessID='34024' ThreadID='34400'></Execution>
    <Channel>Microsoft-Windows-AppXDeploymentServer/Operational</Channel>
    <Computer>DESKTOP-JE7NNEN</Computer>
    <Security UserID='S-1-12-1-1924906136-1125473986-2706025896-676455228'></Security>
  </System>
  <EventData>
    <Data Name='PackageName'>Microsoft.PowerToys.ImageResizerContextMenu_0.100.2.0_neutral__8wekyb3d8bbwe</Data>
    <Data Name='FilePath'>C:\Program Files\WindowsApps\Microsoft.PowerToys.ImageResizerContextMenu_0.100.2.0_neutral__8wekyb3d8bbwe\microsoft.system.package.metadata\S-1-12-1-1924906136-1125473986-2706025896-676455228-MergedResources-*.pri</Data>
    <Data Name='Message'>No user-specific merged files found</Data>
  </EventData>
</Event>


<Event xmlns='http://schemas.microsoft.com/win/2004/08/events/event'>
  <System>
    <Provider Name='Microsoft-Windows-AppXDeployment-Server' Guid='{3f471139-acb7-4a01-b7a7-ff5da4ba2d43}'></Provider>
    <EventID>5507</EventID>
    <Version>0</Version>
    <Level>5</Level>
    <Task>0</Task>
    <Opcode>0</Opcode>
    <Keywords>0x4000000000100000</Keywords>
    <TimeCreated SystemTime='2026-07-03T11:19:58.3809026Z'></TimeCreated>
    <EventRecordID>237593</EventRecordID>
    <Correlation ActivityID='{de445442-0963-000c-1693-4cde6309dd01}'></Correlation>
    <Execution ProcessID='34024' ThreadID='34400'></Execution>
    <Channel>Microsoft-Windows-AppXDeploymentServer/Operational</Channel>
    <Computer>DESKTOP-JE7NNEN</Computer>
    <Security UserID='S-1-12-1-1924906136-1125473986-2706025896-676455228'></Security>
  </System>
  <EventData>
    <Data Name='PackageName'>Microsoft.PowerToys.ImageResizerContextMenu_0.100.2.0_neutral__8wekyb3d8bbwe</Data>
    <Data Name='FilePath'>C:\Program Files\WindowsApps\Microsoft.PowerToys.ImageResizerContextMenu_0.100.2.0_neutral__8wekyb3d8bbwe\microsoft.system.package.metadata\Resources.????????.pri</Data>
    <Data Name='Message'>No shared merged files found</Data>
  </EventData>
</Event>


<Event xmlns='http://schemas.microsoft.com/win/2004/08/events/event'>
  <System>
    <Provider Name='Microsoft-Windows-AppXDeployment-Server' Guid='{3f471139-acb7-4a01-b7a7-ff5da4ba2d43}'></Provider>
    <EventID>10001</EventID>
    <Version>0</Version>
    <Level>5</Level>
    <Task>4</Task>
    <Opcode>0</Opcode>
    <Keywords>0x4000000000000001</Keywords>
    <TimeCreated SystemTime='2026-07-03T11:20:04.5986715Z'></TimeCreated>
    <EventRecordID>237594</EventRecordID>
    <Correlation ActivityID='{de445442-0963-000c-1693-4cde6309dd01}'></Correlation>
    <Execution ProcessID='34024' ThreadID='34400'></Execution>
    <Channel>Microsoft-Windows-AppXDeploymentServer/Operational</Channel>
    <Computer>DESKTOP-JE7NNEN</Computer>
    <Security UserID='S-1-5-18'></Security>
  </System>
  <EventData>
    <Data Name='PackageFullName'>Microsoft.PowerToys.ImageResizerContextMenu_0.100.2.0_neutral__8wekyb3d8bbwe</Data>
    <Data Name='ErrorCode'>0x0</Data>
  </EventData>
</Event>


<Event xmlns='http://schemas.microsoft.com/win/2004/08/events/event'>
  <System>
    <Provider Name='Microsoft-Windows-AppXDeployment-Server' Guid='{3f471139-acb7-4a01-b7a7-ff5da4ba2d43}'></Provider>
    <EventID>10001</EventID>
    <Version>0</Version>
    <Level>5</Level>
    <Task>4</Task>
    <Opcode>0</Opcode>
    <Keywords>0x4000000000000001</Keywords>
    <TimeCreated SystemTime='2026-07-03T11:20:04.5990419Z'></TimeCreated>
    <EventRecordID>237595</EventRecordID>
    <Correlation ActivityID='{de445442-0963-000c-1693-4cde6309dd01}'></Correlation>
    <Execution ProcessID='34024' ThreadID='34400'></Execution>
    <Channel>Microsoft-Windows-AppXDeploymentServer/Operational</Channel>
    <Computer>DESKTOP-JE7NNEN</Computer>
    <Security UserID='S-1-5-18'></Security>
  </System>
  <EventData>
    <Data Name='PackageFullName'>Microsoft.PowerToys.ImageResizerContextMenu_0.100.2.0_neutral__8wekyb3d8bbwe</Data>
    <Data Name='ErrorCode'>0x0</Data>
  </EventData>
</Event>


<Event xmlns='http://schemas.microsoft.com/win/2004/08/events/event'>
  <System>
    <Provider Name='Microsoft-Windows-AppXDeployment-Server' Guid='{3f471139-acb7-4a01-b7a7-ff5da4ba2d43}'></Provider>
    <EventID>400</EventID>
    <Version>0</Version>
    <Level>4</Level>
    <Task>3</Task>
    <Opcode>2</Opcode>
    <Keywords>0x4000000000000001</Keywords>
    <TimeCreated SystemTime='2026-07-03T11:20:04.8101933Z'></TimeCreated>
    <EventRecordID>237596</EventRecordID>
    <Correlation ActivityID='{de445442-0963-000c-1693-4cde6309dd01}'></Correlation>
    <Execution ProcessID='34024' ThreadID='34400'></Execution>
    <Channel>Microsoft-Windows-AppXDeploymentServer/Operational</Channel>
    <Computer>DESKTOP-JE7NNEN</Computer>
    <Security UserID='S-1-12-1-1924906136-1125473986-2706025896-676455228'></Security>
  </System>
  <EventData>
    <Data Name='DeploymentOperation'>1</Data>
    <Data Name='PackageFullName'>Microsoft.PowerToys.ImageResizerContextMenu_0.100.2.0_neutral__8wekyb3d8bbwe</Data>
    <Data Name='Path'> (ImageResizerContextMenuPackage.msix) </Data>
    <Data Name='MountPoint'>C:</Data>
    <Data Name='TargetPlatform'>0x3</Data>
    <Data Name='SystemVolume'>true</Data>
    <Data Name='StorageId'>\\?\Volume{a148554c-efac-4b17-b694-ad743f18daf6}</Data>
    <Data Name='IsCentennial'>true</Data>
    <Data Name='PackageType'>0x1</Data>
    <Data Name='IsPackageEncrypted'>false</Data>
    <Data Name='DeploymentOptions'>0x40000000040000</Data>
    <Data Name='IsStreamingPackage'>false</Data>
    <Data Name='IsInRelatedSet'>false</Data>
    <Data Name='IsPackageUsingBDC'>false</Data>
    <Data Name='MainPackageFamilyName'>NULL</Data>
    <Data Name='CallingProcess'>PowerToys.exe</Data>
    <Data Name='IsOptional'>false</Data>
    <Data Name='PackageFlags'>0xb0004c</Data>
    <Data Name='PackageFlags2'>0x0</Data>
    <Data Name='HasWin32alacarte'>true</Data>
    <Data Name='HasFullTrust'>true</Data>
    <Data Name='ExternalLocation'>WinUI3Apps</Data>
    <Data Name='PackageSourceUri'>file:///C:/Users/mimichalis/AppData/Local/PowerToys/WinUI3Apps/ImageResizerContextMenuPackage.msix</Data>
    <Data Name='PackageDisplayName'>PowerToys ImageResizer Context Menu</Data>
  </EventData>
</Event>


<Event xmlns='http://schemas.microsoft.com/win/2004/08/events/event'>
  <System>
    <Provider Name='Microsoft-Windows-AppXDeployment-Server' Guid='{3f471139-acb7-4a01-b7a7-ff5da4ba2d43}'></Provider>
    <EventID>472</EventID>
    <Version>0</Version>
    <Level>5</Level>
    <Task>5</Task>
    <Opcode>0</Opcode>
    <Keywords>0x4000000000000001</Keywords>
    <TimeCreated SystemTime='2026-07-03T11:20:05.3002426Z'></TimeCreated>
    <EventRecordID>237597</EventRecordID>
    <Correlation ActivityID='{de445442-0963-000c-1693-4cde6309dd01}'></Correlation>
    <Execution ProcessID='34024' ThreadID='34400'></Execution>
    <Channel>Microsoft-Windows-AppXDeploymentServer/Operational</Channel>
    <Computer>DESKTOP-JE7NNEN</Computer>
    <Security UserID='S-1-5-18'></Security>
  </System>
  <EventData>
    <Data Name='SourceFolderPath'>\\?\C:\Program Files\WindowsApps\Microsoft.PowerToys.ImageResizerContextMenu_0.100.1.0_neutral__8wekyb3d8bbwe</Data>
    <Data Name='DestinationFolderPath'>\\?\C:\Program Files\WindowsApps\Deleted\Microsoft.PowerToys.ImageResizerContextMenu_0.100.1.0_neutral__8wekyb3d8bbweab323e29-482a-489b-a5b7-9b27ac106e40</Data>
    <Data Name='ErrorCode'>0x0</Data>
  </EventData>
</Event>


<Event xmlns='http://schemas.microsoft.com/win/2004/08/events/event'>
  <System>
    <Provider Name='Microsoft-Windows-AppXDeployment-Server' Guid='{3f471139-acb7-4a01-b7a7-ff5da4ba2d43}'></Provider>
    <EventID>613</EventID>
    <Version>0</Version>
    <Level>4</Level>
    <Task>3</Task>
    <Opcode>0</Opcode>
    <Keywords>0x4000000000000001</Keywords>
    <TimeCreated SystemTime='2026-07-03T11:20:05.5421123Z'></TimeCreated>
    <EventRecordID>237598</EventRecordID>
    <Correlation ActivityID='{de445442-0963-000c-1693-4cde6309dd01}'></Correlation>
    <Execution ProcessID='34024' ThreadID='34400'></Execution>
    <Channel>Microsoft-Windows-AppXDeploymentServer/Operational</Channel>
    <Computer>DESKTOP-JE7NNEN</Computer>
    <Security UserID='S-1-12-1-1924906136-1125473986-2706025896-676455228'></Security>
  </System>
  <EventData>
    <Data Name='DeploymentOperation'>1</Data>
    <Data Name='PackageFullName'>Microsoft.PowerToys.ImageResizerContextMenu_0.100.2.0_neutral__8wekyb3d8bbwe</Data>
    <Data Name='Summary'>
Overall time: 9516 ms
Enqueue cost: 266 ms
Dequeue delay: 15 ms
Bundle processing cost: 0 ms
Indexing cost: 313 ms
Resolve dependency cost: 93 ms
Check approval cost: 16 ms
Evaluation cost: 922 ms
Hardlinking evaluation cost: 453 ms
Gap: 16 ms
Stage required cost: 78 ms
Flushing and closing files cost: 0 ms
Gap: 156 ms
Machine register cost: 156 ms
Stage user data cost: 0 ms
Registration cost: 344 ms
Gap: 1187 ms
Repository commit transaction cost: 5000 ms
Gap: 719 ms
Data flush cost: 47 ms
Post DeStage repository commit transaction cost: 109 ms
Remaining cost: 79 ms
</Data>
  </EventData>
</Event>


<Event xmlns='http://schemas.microsoft.com/win/2004/08/events/event'>
  <System>
    <Provider Name='Microsoft-Windows-AppXDeployment-Server' Guid='{3f471139-acb7-4a01-b7a7-ff5da4ba2d43}'></Provider>
    <EventID>603</EventID>
    <Version>0</Version>
    <Level>4</Level>
    <Task>3</Task>
    <Opcode>0</Opcode>
    <Keywords>0x4000000000000001</Keywords>
    <TimeCreated SystemTime='2026-07-03T11:20:06.3981247Z'></TimeCreated>
    <EventRecordID>237603</EventRecordID>
    <Correlation ActivityID='{de445442-0963-0010-4924-4dde6309dd01}'></Correlation>
    <Execution ProcessID='34024' ThreadID='17632'></Execution>
    <Channel>Microsoft-Windows-AppXDeploymentServer/Operational</Channel>
    <Computer>DESKTOP-JE7NNEN</Computer>
    <Security UserID='S-1-12-1-1924906136-1125473986-2706025896-676455228'></Security>
  </System>
  <EventData>
    <Data Name='DeploymentOperation'>1</Data>
    <Data Name='Path'>PowerRenameContextMenuPackage.msix</Data>
    <Data Name='Flags'>262144</Data>
    <Data Name='FlagsHigh'>0</Data>
    <Data Name='CallingProcess'>PowerToys.exe</Data>
    <Data Name='ExternalLocation'>WinUI3Apps</Data>
  </EventData>
</Event>


<Event xmlns='http://schemas.microsoft.com/win/2004/08/events/event'>
  <System>
    <Provider Name='Microsoft-Windows-AppXDeployment-Server' Guid='{3f471139-acb7-4a01-b7a7-ff5da4ba2d43}'></Provider>
    <EventID>10002</EventID>
    <Version>0</Version>
    <Level>5</Level>
    <Task>3</Task>
    <Opcode>0</Opcode>
    <Keywords>0x4000000000000001</Keywords>
    <TimeCreated SystemTime='2026-07-03T11:20:06.6518601Z'></TimeCreated>
    <EventRecordID>237604</EventRecordID>
    <Correlation ActivityID='{de445442-0963-0010-4924-4dde6309dd01}'></Correlation>
    <Execution ProcessID='34024' ThreadID='34400'></Execution>
    <Channel>Microsoft-Windows-AppXDeploymentServer/Operational</Channel>
    <Computer>DESKTOP-JE7NNEN</Computer>
    <Security UserID='S-1-5-18'></Security>
  </System>
  <EventData>
    <Data Name='DeploymentOperation'>1</Data>
    <Data Name='MainPackageMoniker'>Microsoft.PowerToys.PowerRenameContextMenu_0.100.2.0_neutral__8wekyb3d8bbwe</Data>
    <Data Name='ResiliencyFilePath'>C:\ProgramData\Microsoft\Windows\AppRepository\71211415-1055-4a45-9ad7-2b9d12b22293_S-1-12-1-1924906136-1125473986-2706025896-676455228_19.rslc</Data>
  </EventData>
</Event>


<Event xmlns='http://schemas.microsoft.com/win/2004/08/events/event'>
  <System>
    <Provider Name='Microsoft-Windows-AppXDeployment-Server' Guid='{3f471139-acb7-4a01-b7a7-ff5da4ba2d43}'></Provider>
    <EventID>607</EventID>
    <Version>0</Version>
    <Level>4</Level>
    <Task>0</Task>
    <Opcode>0</Opcode>
    <Keywords>0x4000000000000001</Keywords>
    <TimeCreated SystemTime='2026-07-03T11:20:06.6551025Z'></TimeCreated>
    <EventRecordID>237605</EventRecordID>
    <Correlation ActivityID='{de445442-0963-0010-4924-4dde6309dd01}'></Correlation>
    <Execution ProcessID='34024' ThreadID='34400'></Execution>
    <Channel>Microsoft-Windows-AppXDeploymentServer/Operational</Channel>
    <Computer>DESKTOP-JE7NNEN</Computer>
    <Security UserID='S-1-12-1-1924906136-1125473986-2706025896-676455228'></Security>
  </System>
  <EventData>
    <Data Name='DeploymentOperation'>1</Data>
    <Data Name='PackageFullName'>Microsoft.PowerToys.PowerRenameContextMenu_0.100.2.0_neutral__8wekyb3d8bbwe</Data>
    <Data Name='UserSid'>S-1-12-1-1924906136-1125473986-2706025896-676455228</Data>
    <Data Name='CallingProcess'>PowerToys.exe</Data>
  </EventData>
</Event>


<Event xmlns='http://schemas.microsoft.com/win/2004/08/events/event'>
  <System>
    <Provider Name='Microsoft-Windows-AppXDeployment-Server' Guid='{3f471139-acb7-4a01-b7a7-ff5da4ba2d43}'></Provider>
    <EventID>854</EventID>
    <Version>0</Version>
    <Level>4</Level>
    <Task>3</Task>
    <Opcode>0</Opcode>
    <Keywords>0x4000000000000001</Keywords>
    <TimeCreated SystemTime='2026-07-03T11:20:06.6564414Z'></TimeCreated>
    <EventRecordID>237606</EventRecordID>
    <Correlation ActivityID='{de445442-0963-0010-4924-4dde6309dd01}'></Correlation>
    <Execution ProcessID='34024' ThreadID='34400'></Execution>
    <Channel>Microsoft-Windows-AppXDeploymentServer/Operational</Channel>
    <Computer>DESKTOP-JE7NNEN</Computer>
    <Security UserID='S-1-12-1-1924906136-1125473986-2706025896-676455228'></Security>
  </System>
  <EventData>
    <Data Name='Path'> file:///C:/Users/mimichalis/AppData/Local/PowerToys/WinUI3Apps/PowerRenameContextMenuPackage.msix</Data>
  </EventData>
</Event>


