
<Event xmlns='http://schemas.microsoft.com/win/2004/08/events/event'>
  <System>
    <Provider Name='Application Hang' Guid='{c631c3dc-c676-59e4-2db3-5c0af00f9675}'></Provider>
    <EventID>1002</EventID>
    <Version>0</Version>
    <Level>2</Level>
    <Task>101</Task>
    <Opcode>0</Opcode>
    <Keywords>0x8000000000000000</Keywords>
    <TimeCreated SystemTime='2026-07-03T11:17:18.8595566Z'></TimeCreated>
    <EventRecordID>148876</EventRecordID>
    <Correlation></Correlation>
    <Execution ProcessID='31892' ThreadID='16024'></Execution>
    <Channel>Application</Channel>
    <Computer>DESKTOP-JE7NNEN</Computer>
    <Security UserID='S-1-5-18'></Security>
  </System>
  <EventData>
    <Data Name='AppName'>PowerToys.AdvancedPaste.exe</Data>
    <Data Name='AppVersion'>0.100.1.0</Data>
    <Data Name='ProcessId'>0x1670</Data>
    <Data Name='StartTime'>0x1dd0abaac43741d</Data>
    <Data Name='TerminationTime'>57</Data>
    <Data Name='ExeFileName'>C:\Users\mimichalis\AppData\Local\PowerToys\WinUI3Apps\PowerToys.AdvancedPaste.exe</Data>
    <Data Name='ReportId'>1992251b-2c38-4ff3-833f-a3cb55a52b96</Data>
    <Data Name='PackageFullName'></Data>
    <Data Name='PackageRelativeAppId'></Data>
    <Data Name='HangType'>Unknown</Data>
  </EventData>
</Event>


<Event xmlns='http://schemas.microsoft.com/win/2004/08/events/event'>
  <System>
    <Provider Name='Windows Error Reporting' Guid='{0ead09bd-2157-539a-8d6d-c87f95b64d70}'></Provider>
    <EventID>1001</EventID>
    <Version>0</Version>
    <Level>4</Level>
    <Task>0</Task>
    <Opcode>0</Opcode>
    <Keywords>0x8000000000000000</Keywords>
    <TimeCreated SystemTime='2026-07-03T11:17:21.3170301Z'></TimeCreated>
    <EventRecordID>148877</EventRecordID>
    <Correlation></Correlation>
    <Execution ProcessID='34752' ThreadID='5952'></Execution>
    <Channel>Application</Channel>
    <Computer>DESKTOP-JE7NNEN</Computer>
    <Security UserID='S-1-12-1-1924906136-1125473986-2706025896-676455228'></Security>
  </System>
  <EventData>
    <Data Name='Bucket'></Data>
    <Data Name='BucketType'>0</Data>
    <Data Name='EventName'>AppHangB1</Data>
    <Data Name='Response'>Not available</Data>
    <Data Name='CabId'>0</Data>
    <Data Name='P1'>PowerToys.AdvancedPaste.exe</Data>
    <Data Name='P2'>0.100.1.0</Data>
    <Data Name='P3'>6a0e0000</Data>
    <Data Name='P4'>2a24</Data>
    <Data Name='P5'>134217728</Data>
    <Data Name='P6'></Data>
    <Data Name='P7'></Data>
    <Data Name='P8'></Data>
    <Data Name='P9'></Data>
    <Data Name='P10'></Data>
    <Data Name='AttachedFiles'>
\\?\C:\ProgramData\Microsoft\Windows\WER\Temp\WER.699df1f2-b1b9-4a58-af96-3801204af08b.tmp.WERInternalMetadata.xml
\\?\C:\ProgramData\Microsoft\Windows\WER\Temp\WER.f65d272d-0c4a-4c2d-9ca9-a1240eeeca79.tmp.csv
\\?\C:\ProgramData\Microsoft\Windows\WER\Temp\WER.d32f515e-51c7-4811-8623-24717e59adf4.tmp.txt
\\?\C:\Users\mimichalis\AppData\Local\Temp\WER.48086308-0794-4c7d-a9a9-18d1eab6503f.tmp.appcompat.txt
\\?\C:\ProgramData\Microsoft\Windows\WER\Temp\WER.55f5dcd0-a3d7-4e27-9bad-9eaea12d5eda.tmp.xml</Data>
    <Data Name='StorePath'>\\?\C:\ProgramData\Microsoft\Windows\WER\ReportArchive\AppHang_PowerToys.Advanc_94801f30e55cfb46307f573a8d97969a2889b_0ba826af_c4b12f06-f75e-44ba-b420-9c18e90024c9</Data>
    <Data Name='AnalysisSymbol'></Data>
    <Data Name='Rechecking'>0</Data>
    <Data Name='ReportId'>1992251b-2c38-4ff3-833f-a3cb55a52b96</Data>
    <Data Name='ReportStatus'>1</Data>
    <Data Name='HashedBucket'></Data>
    <Data Name='CabGuid'>0</Data>
  </EventData>
</Event>


<Event xmlns='http://schemas.microsoft.com/win/2004/08/events/event'>
  <System>
    <Provider Name='Application Hang' Guid='{c631c3dc-c676-59e4-2db3-5c0af00f9675}'></Provider>
    <EventID>1002</EventID>
    <Version>0</Version>
    <Level>2</Level>
    <Task>101</Task>
    <Opcode>0</Opcode>
    <Keywords>0x8000000000000000</Keywords>
    <TimeCreated SystemTime='2026-07-03T11:21:16.3785722Z'></TimeCreated>
    <EventRecordID>148907</EventRecordID>
    <Correlation></Correlation>
    <Execution ProcessID='7328' ThreadID='25364'></Execution>
    <Channel>Application</Channel>
    <Computer>DESKTOP-JE7NNEN</Computer>
    <Security UserID='S-1-5-18'></Security>
  </System>
  <EventData>
    <Data Name='AppName'>PowerToys.AdvancedPaste.exe</Data>
    <Data Name='AppVersion'>0.100.2.0</Data>
    <Data Name='ProcessId'>0x7e98</Data>
    <Data Name='StartTime'>0x1dd0adddebf1b26</Data>
    <Data Name='TerminationTime'>34</Data>
    <Data Name='ExeFileName'>C:\Users\mimichalis\AppData\Local\PowerToys\WinUI3Apps\PowerToys.AdvancedPaste.exe</Data>
    <Data Name='ReportId'>bee157f5-89a4-4b21-ab6b-1916714e8d8d</Data>
    <Data Name='PackageFullName'></Data>
    <Data Name='PackageRelativeAppId'></Data>
    <Data Name='HangType'>Unknown</Data>
  </EventData>
</Event>


<Event xmlns='http://schemas.microsoft.com/win/2004/08/events/event'>
  <System>
    <Provider Name='Windows Error Reporting' Guid='{0ead09bd-2157-539a-8d6d-c87f95b64d70}'></Provider>
    <EventID>1001</EventID>
    <Version>0</Version>
    <Level>4</Level>
    <Task>0</Task>
    <Opcode>0</Opcode>
    <Keywords>0x8000000000000000</Keywords>
    <TimeCreated SystemTime='2026-07-03T11:21:18.1576965Z'></TimeCreated>
    <EventRecordID>148908</EventRecordID>
    <Correlation></Correlation>
    <Execution ProcessID='32908' ThreadID='26060'></Execution>
    <Channel>Application</Channel>
    <Computer>DESKTOP-JE7NNEN</Computer>
    <Security UserID='S-1-12-1-1924906136-1125473986-2706025896-676455228'></Security>
  </System>
  <EventData>
    <Data Name='Bucket'></Data>
    <Data Name='BucketType'>0</Data>
    <Data Name='EventName'>AppHangB1</Data>
    <Data Name='Response'>Not available</Data>
    <Data Name='CabId'>0</Data>
    <Data Name='P1'>PowerToys.AdvancedPaste.exe</Data>
    <Data Name='P2'>0.100.2.0</Data>
    <Data Name='P3'>6a0e0000</Data>
    <Data Name='P4'>2a24</Data>
    <Data Name='P5'>134217728</Data>
    <Data Name='P6'></Data>
    <Data Name='P7'></Data>
    <Data Name='P8'></Data>
    <Data Name='P9'></Data>
    <Data Name='P10'></Data>
    <Data Name='AttachedFiles'>
\\?\C:\ProgramData\Microsoft\Windows\WER\Temp\WER.0ebe8b09-62dc-4f70-8cfc-e949f1dbbc11.tmp.WERInternalMetadata.xml
\\?\C:\ProgramData\Microsoft\Windows\WER\Temp\WER.6c5e92ce-3c30-4585-84e9-8ae856f00794.tmp.csv
\\?\C:\ProgramData\Microsoft\Windows\WER\Temp\WER.43d4f6c3-d106-481f-a393-f567aa71469d.tmp.txt
\\?\C:\Users\mimichalis\AppData\Local\Temp\WER.5576275c-2124-4228-bf37-94b7034aef8f.tmp.appcompat.txt
\\?\C:\ProgramData\Microsoft\Windows\WER\Temp\WER.94df42f9-2d6a-4125-8a35-6cc885f00b29.tmp.xml</Data>
    <Data Name='StorePath'>\\?\C:\ProgramData\Microsoft\Windows\WER\ReportArchive\AppHang_PowerToys.Advanc_45c3f7ac9abc31be57fe2d49a95b917a56a7368_42f96015_cce43089-7fe3-43b5-99f1-d223f3c11b0e</Data>
    <Data Name='AnalysisSymbol'></Data>
    <Data Name='Rechecking'>0</Data>
    <Data Name='ReportId'>bee157f5-89a4-4b21-ab6b-1916714e8d8d</Data>
    <Data Name='ReportStatus'>1</Data>
    <Data Name='HashedBucket'></Data>
    <Data Name='CabGuid'>0</Data>
  </EventData>
</Event>


<Event xmlns='http://schemas.microsoft.com/win/2004/08/events/event'>
  <System>
    <Provider Name='Application Hang' Guid='{c631c3dc-c676-59e4-2db3-5c0af00f9675}'></Provider>
    <EventID>1002</EventID>
    <Version>0</Version>
    <Level>2</Level>
    <Task>101</Task>
    <Opcode>0</Opcode>
    <Keywords>0x8000000000000000</Keywords>
    <TimeCreated SystemTime='2026-07-03T11:23:03.6615981Z'></TimeCreated>
    <EventRecordID>148915</EventRecordID>
    <Correlation></Correlation>
    <Execution ProcessID='7328' ThreadID='25364'></Execution>
    <Channel>Application</Channel>
    <Computer>DESKTOP-JE7NNEN</Computer>
    <Security UserID='S-1-5-18'></Security>
  </System>
  <EventData>
    <Data Name='AppName'>PowerToys.AdvancedPaste.exe</Data>
    <Data Name='AppVersion'>0.100.2.0</Data>
    <Data Name='ProcessId'>0x79f4</Data>
    <Data Name='StartTime'>0x1dd0ade10df1bb3</Data>
    <Data Name='TerminationTime'>34</Data>
    <Data Name='ExeFileName'>C:\Users\mimichalis\AppData\Local\PowerToys\WinUI3Apps\PowerToys.AdvancedPaste.exe</Data>
    <Data Name='ReportId'>82b70c6a-5bbd-4d02-b014-5989859508e9</Data>
    <Data Name='PackageFullName'></Data>
    <Data Name='PackageRelativeAppId'></Data>
    <Data Name='HangType'>Unknown</Data>
  </EventData>
</Event>


<Event xmlns='http://schemas.microsoft.com/win/2004/08/events/event'>
  <System>
    <Provider Name='Windows Error Reporting' Guid='{0ead09bd-2157-539a-8d6d-c87f95b64d70}'></Provider>
    <EventID>1001</EventID>
    <Version>0</Version>
    <Level>4</Level>
    <Task>0</Task>
    <Opcode>0</Opcode>
    <Keywords>0x8000000000000000</Keywords>
    <TimeCreated SystemTime='2026-07-03T11:23:05.6355188Z'></TimeCreated>
    <EventRecordID>148916</EventRecordID>
    <Correlation></Correlation>
    <Execution ProcessID='23300' ThreadID='24352'></Execution>
    <Channel>Application</Channel>
    <Computer>DESKTOP-JE7NNEN</Computer>
    <Security UserID='S-1-12-1-1924906136-1125473986-2706025896-676455228'></Security>
  </System>
  <EventData>
    <Data Name='Bucket'></Data>
    <Data Name='BucketType'>0</Data>
    <Data Name='EventName'>AppHangB1</Data>
    <Data Name='Response'>Not available</Data>
    <Data Name='CabId'>0</Data>
    <Data Name='P1'>PowerToys.AdvancedPaste.exe</Data>
    <Data Name='P2'>0.100.2.0</Data>
    <Data Name='P3'>6a0e0000</Data>
    <Data Name='P4'>2a24</Data>
    <Data Name='P5'>134217728</Data>
    <Data Name='P6'></Data>
    <Data Name='P7'></Data>
    <Data Name='P8'></Data>
    <Data Name='P9'></Data>
    <Data Name='P10'></Data>
    <Data Name='AttachedFiles'>
\\?\C:\ProgramData\Microsoft\Windows\WER\Temp\WER.b9b43be4-e263-41ad-8ff5-f6a93a0f8f14.tmp.WERInternalMetadata.xml
\\?\C:\ProgramData\Microsoft\Windows\WER\Temp\WER.4caa53f8-0b3c-4466-9623-a20c3bbbc19a.tmp.csv
\\?\C:\ProgramData\Microsoft\Windows\WER\Temp\WER.480944e4-81d3-45f5-9fa3-d69a948003ed.tmp.txt
\\?\C:\Users\mimichalis\AppData\Local\Temp\WER.13cbed91-8068-41f5-8bce-cb096a732b4a.tmp.appcompat.txt
\\?\C:\ProgramData\Microsoft\Windows\WER\Temp\WER.89c1da60-66cb-4fa6-a937-8faa640d4d3d.tmp.xml</Data>
    <Data Name='StorePath'>\\?\C:\ProgramData\Microsoft\Windows\WER\ReportArchive\AppHang_PowerToys.Advanc_45c3f7ac9abc31be57fe2d49a95b917a56a7368_42f96015_890e98ba-9791-43d0-85be-12f6c3584286</Data>
    <Data Name='AnalysisSymbol'></Data>
    <Data Name='Rechecking'>0</Data>
    <Data Name='ReportId'>82b70c6a-5bbd-4d02-b014-5989859508e9</Data>
    <Data Name='ReportStatus'>1</Data>
    <Data Name='HashedBucket'></Data>
    <Data Name='CabGuid'>0</Data>
  </EventData>
</Event>


<Event xmlns='http://schemas.microsoft.com/win/2004/08/events/event'>
  <System>
    <Provider Name='Application Hang' Guid='{c631c3dc-c676-59e4-2db3-5c0af00f9675}'></Provider>
    <EventID>1002</EventID>
    <Version>0</Version>
    <Level>2</Level>
    <Task>101</Task>
    <Opcode>0</Opcode>
    <Keywords>0x8000000000000000</Keywords>
    <TimeCreated SystemTime='2026-07-03T11:24:43.5920882Z'></TimeCreated>
    <EventRecordID>148920</EventRecordID>
    <Correlation></Correlation>
    <Execution ProcessID='7328' ThreadID='26156'></Execution>
    <Channel>Application</Channel>
    <Computer>DESKTOP-JE7NNEN</Computer>
    <Security UserID='S-1-5-18'></Security>
  </System>
  <EventData>
    <Data Name='AppName'>PowerToys.AdvancedPaste.exe</Data>
    <Data Name='AppVersion'>0.100.2.0</Data>
    <Data Name='ProcessId'>0x8ba8</Data>
    <Data Name='StartTime'>0x1dd0ade6d3eb2ba</Data>
    <Data Name='TerminationTime'>29</Data>
    <Data Name='ExeFileName'>C:\Users\mimichalis\AppData\Local\PowerToys\WinUI3Apps\PowerToys.AdvancedPaste.exe</Data>
    <Data Name='ReportId'>d2b4dca2-5117-4189-b88f-940eade95405</Data>
    <Data Name='PackageFullName'></Data>
    <Data Name='PackageRelativeAppId'></Data>
    <Data Name='HangType'>Unknown</Data>
  </EventData>
</Event>


<Event xmlns='http://schemas.microsoft.com/win/2004/08/events/event'>
  <System>
    <Provider Name='Windows Error Reporting' Guid='{0ead09bd-2157-539a-8d6d-c87f95b64d70}'></Provider>
    <EventID>1001</EventID>
    <Version>0</Version>
    <Level>4</Level>
    <Task>0</Task>
    <Opcode>0</Opcode>
    <Keywords>0x8000000000000000</Keywords>
    <TimeCreated SystemTime='2026-07-03T11:24:44.3876068Z'></TimeCreated>
    <EventRecordID>148921</EventRecordID>
    <Correlation></Correlation>
    <Execution ProcessID='23392' ThreadID='33000'></Execution>
    <Channel>Application</Channel>
    <Computer>DESKTOP-JE7NNEN</Computer>
    <Security UserID='S-1-12-1-1924906136-1125473986-2706025896-676455228'></Security>
  </System>
  <EventData>
    <Data Name='Bucket'></Data>
    <Data Name='BucketType'>0</Data>
    <Data Name='EventName'>AppHangB1</Data>
    <Data Name='Response'>Not available</Data>
    <Data Name='CabId'>0</Data>
    <Data Name='P1'>PowerToys.AdvancedPaste.exe</Data>
    <Data Name='P2'>0.100.2.0</Data>
    <Data Name='P3'>6a0e0000</Data>
    <Data Name='P4'>2a24</Data>
    <Data Name='P5'>134217728</Data>
    <Data Name='P6'></Data>
    <Data Name='P7'></Data>
    <Data Name='P8'></Data>
    <Data Name='P9'></Data>
    <Data Name='P10'></Data>
    <Data Name='AttachedFiles'>
\\?\C:\ProgramData\Microsoft\Windows\WER\Temp\WER.654f5a2d-6bab-4f7f-8f4e-adbec28e2e90.tmp.WERInternalMetadata.xml
\\?\C:\ProgramData\Microsoft\Windows\WER\Temp\WER.ebfa8726-177d-4d93-bfae-62ce13e195aa.tmp.csv
\\?\C:\ProgramData\Microsoft\Windows\WER\Temp\WER.102d77a5-87ad-4218-91e3-9c58aa182fd8.tmp.txt
\\?\C:\Users\mimichalis\AppData\Local\Temp\WER.6316eafa-b772-450a-9e17-c387b3dc58a4.tmp.appcompat.txt
\\?\C:\ProgramData\Microsoft\Windows\WER\Temp\WER.b383ac5d-5a0c-4688-8720-a844faa8f4bd.tmp.xml</Data>
    <Data Name='StorePath'>\\?\C:\ProgramData\Microsoft\Windows\WER\ReportArchive\AppHang_PowerToys.Advanc_45c3f7ac9abc31be57fe2d49a95b917a56a7368_42f96015_456d3c9a-d658-4b7b-a581-ebcef29be223</Data>
    <Data Name='AnalysisSymbol'></Data>
    <Data Name='Rechecking'>0</Data>
    <Data Name='ReportId'>d2b4dca2-5117-4189-b88f-940eade95405</Data>
    <Data Name='ReportStatus'>1</Data>
    <Data Name='HashedBucket'></Data>
    <Data Name='CabGuid'>0</Data>
  </EventData>
</Event>


<Event xmlns='http://schemas.microsoft.com/win/2004/08/events/event'>
  <System>
    <Provider Name='Application Hang' Guid='{c631c3dc-c676-59e4-2db3-5c0af00f9675}'></Provider>
    <EventID>1002</EventID>
    <Version>0</Version>
    <Level>2</Level>
    <Task>101</Task>
    <Opcode>0</Opcode>
    <Keywords>0x8000000000000000</Keywords>
    <TimeCreated SystemTime='2026-07-03T11:28:57.3139219Z'></TimeCreated>
    <EventRecordID>148931</EventRecordID>
    <Correlation></Correlation>
    <Execution ProcessID='30264' ThreadID='34488'></Execution>
    <Channel>Application</Channel>
    <Computer>DESKTOP-JE7NNEN</Computer>
    <Security UserID='S-1-5-18'></Security>
  </System>
  <EventData>
    <Data Name='AppName'>PowerToys.AdvancedPaste.exe</Data>
    <Data Name='AppVersion'>0.100.2.0</Data>
    <Data Name='ProcessId'>0x5990</Data>
    <Data Name='StartTime'>0x1dd0aded6aa1189</Data>
    <Data Name='TerminationTime'>37</Data>
    <Data Name='ExeFileName'>C:\Users\mimichalis\AppData\Local\PowerToys\WinUI3Apps\PowerToys.AdvancedPaste.exe</Data>
    <Data Name='ReportId'>7912381e-03db-4748-a28d-ccacb64da7ea</Data>
    <Data Name='PackageFullName'></Data>
    <Data Name='PackageRelativeAppId'></Data>
    <Data Name='HangType'>Unknown</Data>
  </EventData>
</Event>


<Event xmlns='http://schemas.microsoft.com/win/2004/08/events/event'>
  <System>
    <Provider Name='Windows Error Reporting' Guid='{0ead09bd-2157-539a-8d6d-c87f95b64d70}'></Provider>
    <EventID>1001</EventID>
    <Version>0</Version>
    <Level>4</Level>
    <Task>0</Task>
    <Opcode>0</Opcode>
    <Keywords>0x8000000000000000</Keywords>
    <TimeCreated SystemTime='2026-07-03T11:28:58.2953889Z'></TimeCreated>
    <EventRecordID>148932</EventRecordID>
    <Correlation></Correlation>
    <Execution ProcessID='23092' ThreadID='16776'></Execution>
    <Channel>Application</Channel>
    <Computer>DESKTOP-JE7NNEN</Computer>
    <Security UserID='S-1-12-1-1924906136-1125473986-2706025896-676455228'></Security>
  </System>
  <EventData>
    <Data Name='Bucket'></Data>
    <Data Name='BucketType'>0</Data>
    <Data Name='EventName'>AppHangB1</Data>
    <Data Name='Response'>Not available</Data>
    <Data Name='CabId'>0</Data>
    <Data Name='P1'>PowerToys.AdvancedPaste.exe</Data>
    <Data Name='P2'>0.100.2.0</Data>
    <Data Name='P3'>6a0e0000</Data>
    <Data Name='P4'>2a24</Data>
    <Data Name='P5'>134217728</Data>
    <Data Name='P6'></Data>
    <Data Name='P7'></Data>
    <Data Name='P8'></Data>
    <Data Name='P9'></Data>
    <Data Name='P10'></Data>
    <Data Name='AttachedFiles'>
\\?\C:\ProgramData\Microsoft\Windows\WER\Temp\WER.e02e084a-f328-4c1c-bbeb-f78ac5a6c67c.tmp.WERInternalMetadata.xml
\\?\C:\ProgramData\Microsoft\Windows\WER\Temp\WER.08ae39cd-96c1-4deb-b490-c5d3b96a920d.tmp.csv
\\?\C:\ProgramData\Microsoft\Windows\WER\Temp\WER.07adeabe-d20a-423a-9734-dbd18ad5e1f4.tmp.txt
\\?\C:\Users\mimichalis\AppData\Local\Temp\WER.26fe14f7-cf27-4855-973c-03d09b3d2bed.tmp.appcompat.txt
\\?\C:\ProgramData\Microsoft\Windows\WER\Temp\WER.e6eaab55-c670-4d9d-a17a-731b2c1e34d1.tmp.xml</Data>
    <Data Name='StorePath'>\\?\C:\ProgramData\Microsoft\Windows\WER\ReportArchive\AppHang_PowerToys.Advanc_45c3f7ac9abc31be57fe2d49a95b917a56a7368_42f96015_83905c97-a373-4213-a1eb-cf94e2de4982</Data>
    <Data Name='AnalysisSymbol'></Data>
    <Data Name='Rechecking'>0</Data>
    <Data Name='ReportId'>7912381e-03db-4748-a28d-ccacb64da7ea</Data>
    <Data Name='ReportStatus'>1</Data>
    <Data Name='HashedBucket'></Data>
    <Data Name='CabGuid'>0</Data>
  </EventData>
</Event>

