<Event xmlns='http://schemas.microsoft.com/win/2004/08/events/event'>
  <System>
    <Provider Name='Microsoft-Windows-AppXDeployment-Server' Guid='{3f471139-acb7-4a01-b7a7-ff5da4ba2d43}'></Provider>
    <EventID>603</EventID>
    <Version>0</Version>
    <Level>4</Level>
    <Task>3</Task>
    <Opcode>0</Opcode>
    <Keywords>0x4000000000000001</Keywords>
    <TimeCreated SystemTime='2026-07-01T12:35:44.4367902Z'></TimeCreated>
    <EventRecordID>236198</EventRecordID>
    <Correlation ActivityID='{904efead-091e-0012-7a9b-56901e09dd01}'></Correlation>
    <Execution ProcessID='6484' ThreadID='280'></Execution>
    <Channel>Microsoft-Windows-AppXDeploymentServer/Operational</Channel>
    <Computer>DESKTOP-JE7NNEN</Computer>
    <Security UserID='S-1-12-1-1924906136-1125473986-2706025896-676455228'></Security>
  </System>
  <EventData>
    <Data Name='DeploymentOperation'>1</Data>
    <Data Name='Path'>FileLocksmithContextMenuPackage.msix</Data>
    <Data Name='Flags'>262144</Data>
    <Data Name='FlagsHigh'>0</Data>
    <Data Name='CallingProcess'>PowerToys.exe</Data>
    <Data Name='ExternalLocation'>WinUI3Apps</Data>
  </EventData>
</Event>


<Event xmlns='http://schemas.microsoft.com/win/2004/08/events/event'>
  <System>
    <Provider Name='Microsoft-Windows-AppXDeployment-Server' Guid='{3f471139-acb7-4a01-b7a7-ff5da4ba2d43}'></Provider>
    <EventID>10002</EventID>
    <Version>0</Version>
    <Level>5</Level>
    <Task>3</Task>
    <Opcode>0</Opcode>
    <Keywords>0x4000000000000001</Keywords>
    <TimeCreated SystemTime='2026-07-01T12:35:44.6640545Z'></TimeCreated>
    <EventRecordID>236199</EventRecordID>
    <Correlation ActivityID='{904efead-091e-0012-7a9b-56901e09dd01}'></Correlation>
    <Execution ProcessID='6484' ThreadID='22992'></Execution>
    <Channel>Microsoft-Windows-AppXDeploymentServer/Operational</Channel>
    <Computer>DESKTOP-JE7NNEN</Computer>
    <Security UserID='S-1-5-18'></Security>
  </System>
  <EventData>
    <Data Name='DeploymentOperation'>1</Data>
    <Data Name='MainPackageMoniker'>Microsoft.PowerToys.FileLocksmithContextMenu_0.100.1.0_neutral__8wekyb3d8bbwe</Data>
    <Data Name='ResiliencyFilePath'>C:\ProgramData\Microsoft\Windows\AppRepository\99c4083e-8e41-4f2e-b5aa-804625258329_S-1-12-1-1924906136-1125473986-2706025896-676455228_1.rslc</Data>
  </EventData>
</Event>


<Event xmlns='http://schemas.microsoft.com/win/2004/08/events/event'>
  <System>
    <Provider Name='Microsoft-Windows-AppXDeployment-Server' Guid='{3f471139-acb7-4a01-b7a7-ff5da4ba2d43}'></Provider>
    <EventID>607</EventID>
    <Version>0</Version>
    <Level>4</Level>
    <Task>0</Task>
    <Opcode>0</Opcode>
    <Keywords>0x4000000000000001</Keywords>
    <TimeCreated SystemTime='2026-07-01T12:35:44.6683975Z'></TimeCreated>
    <EventRecordID>236200</EventRecordID>
    <Correlation ActivityID='{904efead-091e-0012-7a9b-56901e09dd01}'></Correlation>
    <Execution ProcessID='6484' ThreadID='22992'></Execution>
    <Channel>Microsoft-Windows-AppXDeploymentServer/Operational</Channel>
    <Computer>DESKTOP-JE7NNEN</Computer>
    <Security UserID='S-1-12-1-1924906136-1125473986-2706025896-676455228'></Security>
  </System>
  <EventData>
    <Data Name='DeploymentOperation'>1</Data>
    <Data Name='PackageFullName'>Microsoft.PowerToys.FileLocksmithContextMenu_0.100.1.0_neutral__8wekyb3d8bbwe</Data>
    <Data Name='UserSid'>S-1-12-1-1924906136-1125473986-2706025896-676455228</Data>
    <Data Name='CallingProcess'>PowerToys.exe</Data>
  </EventData>
</Event>


<Event xmlns='http://schemas.microsoft.com/win/2004/08/events/event'>
  <System>
    <Provider Name='Microsoft-Windows-AppXDeployment-Server' Guid='{3f471139-acb7-4a01-b7a7-ff5da4ba2d43}'></Provider>
    <EventID>854</EventID>
    <Version>0</Version>
    <Level>4</Level>
    <Task>3</Task>
    <Opcode>0</Opcode>
    <Keywords>0x4000000000000001</Keywords>
    <TimeCreated SystemTime='2026-07-01T12:35:44.6705305Z'></TimeCreated>
    <EventRecordID>236201</EventRecordID>
    <Correlation ActivityID='{904efead-091e-0012-7a9b-56901e09dd01}'></Correlation>
    <Execution ProcessID='6484' ThreadID='22992'></Execution>
    <Channel>Microsoft-Windows-AppXDeploymentServer/Operational</Channel>
    <Computer>DESKTOP-JE7NNEN</Computer>
    <Security UserID='S-1-12-1-1924906136-1125473986-2706025896-676455228'></Security>
  </System>
  <EventData>
    <Data Name='Path'> file:///C:/Users/mimichalis/AppData/Local/PowerToys/WinUI3Apps/FileLocksmithContextMenuPackage.msix</Data>
  </EventData>
</Event>


<Event xmlns='http://schemas.microsoft.com/win/2004/08/events/event'>
  <System>
    <Provider Name='Microsoft-Windows-AppXDeployment-Server' Guid='{3f471139-acb7-4a01-b7a7-ff5da4ba2d43}'></Provider>
    <EventID>855</EventID>
    <Version>0</Version>
    <Level>4</Level>
    <Task>4</Task>
    <Opcode>0</Opcode>
    <Keywords>0x4000000000000001</Keywords>
    <TimeCreated SystemTime='2026-07-01T12:35:44.7200100Z'></TimeCreated>
    <EventRecordID>236202</EventRecordID>
    <Correlation ActivityID='{904efead-091e-0012-7a9b-56901e09dd01}'></Correlation>
    <Execution ProcessID='6484' ThreadID='22992'></Execution>
    <Channel>Microsoft-Windows-AppXDeploymentServer/Operational</Channel>
    <Computer>DESKTOP-JE7NNEN</Computer>
    <Security UserID='S-1-12-1-1924906136-1125473986-2706025896-676455228'></Security>
  </System>
  <EventData>
    <Data Name='PackageMoniker'> addPackageList: Microsoft.PowerToys.FileLocksmithContextMenu_0.100.1.0_neutral__8wekyb3d8bbwe</Data>
  </EventData>
</Event>


<Event xmlns='http://schemas.microsoft.com/win/2004/08/events/event'>
  <System>
    <Provider Name='Microsoft-Windows-AppXDeployment-Server' Guid='{3f471139-acb7-4a01-b7a7-ff5da4ba2d43}'></Provider>
    <EventID>10000</EventID>
    <Version>0</Version>
    <Level>5</Level>
    <Task>4</Task>
    <Opcode>0</Opcode>
    <Keywords>0x4000000000000001</Keywords>
    <TimeCreated SystemTime='2026-07-01T12:35:44.8112876Z'></TimeCreated>
    <EventRecordID>236203</EventRecordID>
    <Correlation ActivityID='{904efead-091e-0012-7a9b-56901e09dd01}'></Correlation>
    <Execution ProcessID='6484' ThreadID='22992'></Execution>
    <Channel>Microsoft-Windows-AppXDeploymentServer/Operational</Channel>
    <Computer>DESKTOP-JE7NNEN</Computer>
    <Security UserID='S-1-5-18'></Security>
  </System>
  <EventData>
    <Data Name='PackageFullName'>Microsoft.PowerToys.FileLocksmithContextMenu_0.100.1.0_neutral__8wekyb3d8bbwe</Data>
    <Data Name='ErrorCode'>0x0</Data>
  </EventData>
</Event>


<Event xmlns='http://schemas.microsoft.com/win/2004/08/events/event'>
  <System>
    <Provider Name='Microsoft-Windows-AppXDeployment-Server' Guid='{3f471139-acb7-4a01-b7a7-ff5da4ba2d43}'></Provider>
    <EventID>5507</EventID>
    <Version>0</Version>
    <Level>5</Level>
    <Task>0</Task>
    <Opcode>0</Opcode>
    <Keywords>0x4000000000100000</Keywords>
    <TimeCreated SystemTime='2026-07-01T12:35:45.3446017Z'></TimeCreated>
    <EventRecordID>236204</EventRecordID>
    <Correlation ActivityID='{904efead-091e-0012-7a9b-56901e09dd01}'></Correlation>
    <Execution ProcessID='6484' ThreadID='22992'></Execution>
    <Channel>Microsoft-Windows-AppXDeploymentServer/Operational</Channel>
    <Computer>DESKTOP-JE7NNEN</Computer>
    <Security UserID='S-1-12-1-1924906136-1125473986-2706025896-676455228'></Security>
  </System>
  <EventData>
    <Data Name='PackageName'>Microsoft.PowerToys.FileLocksmithContextMenu_0.100.1.0_neutral__8wekyb3d8bbwe</Data>
    <Data Name='FilePath'>C:\Program Files\WindowsApps\Microsoft.PowerToys.FileLocksmithContextMenu_0.100.1.0_neutral__8wekyb3d8bbwe\microsoft.system.package.metadata\S-1-12-1-1924906136-1125473986-2706025896-676455228-MergedResources-*.pri</Data>
    <Data Name='Message'>No user-specific merged files found</Data>
  </EventData>
</Event>


<Event xmlns='http://schemas.microsoft.com/win/2004/08/events/event'>
  <System>
    <Provider Name='Microsoft-Windows-AppXDeployment-Server' Guid='{3f471139-acb7-4a01-b7a7-ff5da4ba2d43}'></Provider>
    <EventID>5507</EventID>
    <Version>0</Version>
    <Level>5</Level>
    <Task>0</Task>
    <Opcode>0</Opcode>
    <Keywords>0x4000000000100000</Keywords>
    <TimeCreated SystemTime='2026-07-01T12:35:45.3447182Z'></TimeCreated>
    <EventRecordID>236205</EventRecordID>
    <Correlation ActivityID='{904efead-091e-0012-7a9b-56901e09dd01}'></Correlation>
    <Execution ProcessID='6484' ThreadID='22992'></Execution>
    <Channel>Microsoft-Windows-AppXDeploymentServer/Operational</Channel>
    <Computer>DESKTOP-JE7NNEN</Computer>
    <Security UserID='S-1-12-1-1924906136-1125473986-2706025896-676455228'></Security>
  </System>
  <EventData>
    <Data Name='PackageName'>Microsoft.PowerToys.FileLocksmithContextMenu_0.100.1.0_neutral__8wekyb3d8bbwe</Data>
    <Data Name='FilePath'>C:\Program Files\WindowsApps\Microsoft.PowerToys.FileLocksmithContextMenu_0.100.1.0_neutral__8wekyb3d8bbwe\microsoft.system.package.metadata\Resources.????????.pri</Data>
    <Data Name='Message'>No shared merged files found</Data>
  </EventData>
</Event>


<Event xmlns='http://schemas.microsoft.com/win/2004/08/events/event'>
  <System>
    <Provider Name='Microsoft-Windows-AppXDeployment-Server' Guid='{3f471139-acb7-4a01-b7a7-ff5da4ba2d43}'></Provider>
    <EventID>5507</EventID>
    <Version>0</Version>
    <Level>5</Level>
    <Task>0</Task>
    <Opcode>0</Opcode>
    <Keywords>0x4000000000100000</Keywords>
    <TimeCreated SystemTime='2026-07-01T12:35:45.3447993Z'></TimeCreated>
    <EventRecordID>236206</EventRecordID>
    <Correlation ActivityID='{904efead-091e-0012-7a9b-56901e09dd01}'></Correlation>
    <Execution ProcessID='6484' ThreadID='22992'></Execution>
    <Channel>Microsoft-Windows-AppXDeploymentServer/Operational</Channel>
    <Computer>DESKTOP-JE7NNEN</Computer>
    <Security UserID='S-1-12-1-1924906136-1125473986-2706025896-676455228'></Security>
  </System>
  <EventData>
    <Data Name='PackageName'>Microsoft.PowerToys.FileLocksmithContextMenu_0.100.1.0_neutral__8wekyb3d8bbwe</Data>
    <Data Name='FilePath'>C:\Program Files\WindowsApps\Microsoft.PowerToys.FileLocksmithContextMenu_0.100.1.0_neutral__8wekyb3d8bbwe\microsoft.system.package.metadata\S-1-12-1-1924906136-1125473986-2706025896-676455228-MergedResources-*.pri</Data>
    <Data Name='Message'>No user-specific merged files found</Data>
  </EventData>
</Event>


<Event xmlns='http://schemas.microsoft.com/win/2004/08/events/event'>
  <System>
    <Provider Name='Microsoft-Windows-AppXDeployment-Server' Guid='{3f471139-acb7-4a01-b7a7-ff5da4ba2d43}'></Provider>
    <EventID>5507</EventID>
    <Version>0</Version>
    <Level>5</Level>
    <Task>0</Task>
    <Opcode>0</Opcode>
    <Keywords>0x4000000000100000</Keywords>
    <TimeCreated SystemTime='2026-07-01T12:35:45.3448604Z'></TimeCreated>
    <EventRecordID>236207</EventRecordID>
    <Correlation ActivityID='{904efead-091e-0012-7a9b-56901e09dd01}'></Correlation>
    <Execution ProcessID='6484' ThreadID='22992'></Execution>
    <Channel>Microsoft-Windows-AppXDeploymentServer/Operational</Channel>
    <Computer>DESKTOP-JE7NNEN</Computer>
    <Security UserID='S-1-12-1-1924906136-1125473986-2706025896-676455228'></Security>
  </System>
  <EventData>
    <Data Name='PackageName'>Microsoft.PowerToys.FileLocksmithContextMenu_0.100.1.0_neutral__8wekyb3d8bbwe</Data>
    <Data Name='FilePath'>C:\Program Files\WindowsApps\Microsoft.PowerToys.FileLocksmithContextMenu_0.100.1.0_neutral__8wekyb3d8bbwe\microsoft.system.package.metadata\Resources.????????.pri</Data>
    <Data Name='Message'>No shared merged files found</Data>
  </EventData>
</Event>


<Event xmlns='http://schemas.microsoft.com/win/2004/08/events/event'>
  <System>
    <Provider Name='Microsoft-Windows-AppXDeployment-Server' Guid='{3f471139-acb7-4a01-b7a7-ff5da4ba2d43}'></Provider>
    <EventID>10001</EventID>
    <Version>0</Version>
    <Level>5</Level>
    <Task>4</Task>
    <Opcode>0</Opcode>
    <Keywords>0x4000000000000001</Keywords>
    <TimeCreated SystemTime='2026-07-01T12:35:45.9311910Z'></TimeCreated>
    <EventRecordID>236208</EventRecordID>
    <Correlation ActivityID='{904efead-091e-0012-7a9b-56901e09dd01}'></Correlation>
    <Execution ProcessID='6484' ThreadID='22992'></Execution>
    <Channel>Microsoft-Windows-AppXDeploymentServer/Operational</Channel>
    <Computer>DESKTOP-JE7NNEN</Computer>
    <Security UserID='S-1-5-18'></Security>
  </System>
  <EventData>
    <Data Name='PackageFullName'>Microsoft.PowerToys.FileLocksmithContextMenu_0.100.1.0_neutral__8wekyb3d8bbwe</Data>
    <Data Name='ErrorCode'>0x0</Data>
  </EventData>
</Event>


<Event xmlns='http://schemas.microsoft.com/win/2004/08/events/event'>
  <System>
    <Provider Name='Microsoft-Windows-AppXDeployment-Server' Guid='{3f471139-acb7-4a01-b7a7-ff5da4ba2d43}'></Provider>
    <EventID>10001</EventID>
    <Version>0</Version>
    <Level>5</Level>
    <Task>4</Task>
    <Opcode>0</Opcode>
    <Keywords>0x4000000000000001</Keywords>
    <TimeCreated SystemTime='2026-07-01T12:35:45.9312605Z'></TimeCreated>
    <EventRecordID>236209</EventRecordID>
    <Correlation ActivityID='{904efead-091e-0012-7a9b-56901e09dd01}'></Correlation>
    <Execution ProcessID='6484' ThreadID='22992'></Execution>
    <Channel>Microsoft-Windows-AppXDeploymentServer/Operational</Channel>
    <Computer>DESKTOP-JE7NNEN</Computer>
    <Security UserID='S-1-5-18'></Security>
  </System>
  <EventData>
    <Data Name='PackageFullName'>Microsoft.PowerToys.FileLocksmithContextMenu_0.100.1.0_neutral__8wekyb3d8bbwe</Data>
    <Data Name='ErrorCode'>0x0</Data>
  </EventData>
</Event>


<Event xmlns='http://schemas.microsoft.com/win/2004/08/events/event'>
  <System>
    <Provider Name='Microsoft-Windows-AppXDeployment-Server' Guid='{3f471139-acb7-4a01-b7a7-ff5da4ba2d43}'></Provider>
    <EventID>400</EventID>
    <Version>0</Version>
    <Level>4</Level>
    <Task>3</Task>
    <Opcode>2</Opcode>
    <Keywords>0x4000000000000001</Keywords>
    <TimeCreated SystemTime='2026-07-01T12:35:46.0345643Z'></TimeCreated>
    <EventRecordID>236210</EventRecordID>
    <Correlation ActivityID='{904efead-091e-0012-7a9b-56901e09dd01}'></Correlation>
    <Execution ProcessID='6484' ThreadID='22992'></Execution>
    <Channel>Microsoft-Windows-AppXDeploymentServer/Operational</Channel>
    <Computer>DESKTOP-JE7NNEN</Computer>
    <Security UserID='S-1-12-1-1924906136-1125473986-2706025896-676455228'></Security>
  </System>
  <EventData>
    <Data Name='DeploymentOperation'>1</Data>
    <Data Name='PackageFullName'>Microsoft.PowerToys.FileLocksmithContextMenu_0.100.1.0_neutral__8wekyb3d8bbwe</Data>
    <Data Name='Path'> (FileLocksmithContextMenuPackage.msix) </Data>
    <Data Name='MountPoint'>C:</Data>
    <Data Name='TargetPlatform'>0x3</Data>
    <Data Name='SystemVolume'>true</Data>
    <Data Name='StorageId'>\\?\Volume{a148554c-efac-4b17-b694-ad743f18daf6}</Data>
    <Data Name='IsCentennial'>true</Data>
    <Data Name='PackageType'>0x1</Data>
    <Data Name='IsPackageEncrypted'>false</Data>
    <Data Name='DeploymentOptions'>0x40000000040000</Data>
    <Data Name='IsStreamingPackage'>false</Data>
    <Data Name='IsInRelatedSet'>false</Data>
    <Data Name='IsPackageUsingBDC'>false</Data>
    <Data Name='MainPackageFamilyName'>NULL</Data>
    <Data Name='CallingProcess'>PowerToys.exe</Data>
    <Data Name='IsOptional'>false</Data>
    <Data Name='PackageFlags'>0xb0044c</Data>
    <Data Name='PackageFlags2'>0x0</Data>
    <Data Name='HasWin32alacarte'>true</Data>
    <Data Name='HasFullTrust'>true</Data>
    <Data Name='ExternalLocation'>WinUI3Apps</Data>
    <Data Name='PackageSourceUri'>file:///C:/Users/mimichalis/AppData/Local/PowerToys/WinUI3Apps/FileLocksmithContextMenuPackage.msix</Data>
    <Data Name='PackageDisplayName'>PowerToys FileLocksmith Context Menu</Data>
  </EventData>
</Event>


<Event xmlns='http://schemas.microsoft.com/win/2004/08/events/event'>
  <System>
    <Provider Name='Microsoft-Windows-AppXDeployment-Server' Guid='{3f471139-acb7-4a01-b7a7-ff5da4ba2d43}'></Provider>
    <EventID>613</EventID>
    <Version>0</Version>
    <Level>4</Level>
    <Task>3</Task>
    <Opcode>0</Opcode>
    <Keywords>0x4000000000000001</Keywords>
    <TimeCreated SystemTime='2026-07-01T12:35:46.0791997Z'></TimeCreated>
    <EventRecordID>236211</EventRecordID>
    <Correlation ActivityID='{904efead-091e-0012-7a9b-56901e09dd01}'></Correlation>
    <Execution ProcessID='6484' ThreadID='22992'></Execution>
    <Channel>Microsoft-Windows-AppXDeploymentServer/Operational</Channel>
    <Computer>DESKTOP-JE7NNEN</Computer>
    <Security UserID='S-1-12-1-1924906136-1125473986-2706025896-676455228'></Security>
  </System>
  <EventData>
    <Data Name='DeploymentOperation'>1</Data>
    <Data Name='PackageFullName'>Microsoft.PowerToys.FileLocksmithContextMenu_0.100.1.0_neutral__8wekyb3d8bbwe</Data>
    <Data Name='Summary'>
Overall time: 1610 ms
Enqueue cost: 188 ms
Dequeue delay: 0 ms
Gap: 15 ms
Bundle processing cost: 0 ms
Indexing cost: 16 ms
Resolve dependency cost: 31 ms
Check approval cost: 16 ms
Evaluation cost: 15 ms
Hardlinking evaluation cost: 0 ms
Stage required cost: 16 ms
Flushing and closing files cost: 0 ms
Gap: 63 ms
Machine register cost: 343 ms
Stage user data cost: 0 ms
Registration cost: 172 ms
Gap: 16 ms
Repository commit transaction cost: 562 ms
Gap: 110 ms
Data flush cost: 0 ms
Post DeStage repository commit transaction cost: 31 ms
Remaining cost: 16 ms
</Data>
  </EventData>
</Event>


<Event xmlns='http://schemas.microsoft.com/win/2004/08/events/event'>
  <System>
    <Provider Name='Microsoft-Windows-AppXDeployment-Server' Guid='{3f471139-acb7-4a01-b7a7-ff5da4ba2d43}'></Provider>
    <EventID>603</EventID>
    <Version>0</Version>
    <Level>4</Level>
    <Task>3</Task>
    <Opcode>0</Opcode>
    <Keywords>0x4000000000000001</Keywords>
    <TimeCreated SystemTime='2026-07-01T12:35:46.0953970Z'></TimeCreated>
    <EventRecordID>236216</EventRecordID>
    <Correlation ActivityID='{904efead-091e-0005-aa72-61901e09dd01}'></Correlation>
    <Execution ProcessID='6484' ThreadID='9048'></Execution>
    <Channel>Microsoft-Windows-AppXDeploymentServer/Operational</Channel>
    <Computer>DESKTOP-JE7NNEN</Computer>
    <Security UserID='S-1-12-1-1924906136-1125473986-2706025896-676455228'></Security>
  </System>
  <EventData>
    <Data Name='DeploymentOperation'>1</Data>
    <Data Name='Path'>ImageResizerContextMenuPackage.msix</Data>
    <Data Name='Flags'>262144</Data>
    <Data Name='FlagsHigh'>0</Data>
    <Data Name='CallingProcess'>PowerToys.exe</Data>
    <Data Name='ExternalLocation'>WinUI3Apps</Data>
  </EventData>
</Event>


<Event xmlns='http://schemas.microsoft.com/win/2004/08/events/event'>
  <System>
    <Provider Name='Microsoft-Windows-AppXDeployment-Server' Guid='{3f471139-acb7-4a01-b7a7-ff5da4ba2d43}'></Provider>
    <EventID>10002</EventID>
    <Version>0</Version>
    <Level>5</Level>
    <Task>3</Task>
    <Opcode>0</Opcode>
    <Keywords>0x4000000000000001</Keywords>
    <TimeCreated SystemTime='2026-07-01T12:35:46.1678144Z'></TimeCreated>
    <EventRecordID>236217</EventRecordID>
    <Correlation ActivityID='{904efead-091e-0005-aa72-61901e09dd01}'></Correlation>
    <Execution ProcessID='6484' ThreadID='22992'></Execution>
    <Channel>Microsoft-Windows-AppXDeploymentServer/Operational</Channel>
    <Computer>DESKTOP-JE7NNEN</Computer>
    <Security UserID='S-1-5-18'></Security>
  </System>
  <EventData>
    <Data Name='DeploymentOperation'>1</Data>
    <Data Name='MainPackageMoniker'>Microsoft.PowerToys.ImageResizerContextMenu_0.100.1.0_neutral__8wekyb3d8bbwe</Data>
    <Data Name='ResiliencyFilePath'>C:\ProgramData\Microsoft\Windows\AppRepository\99c4083e-8e41-4f2e-b5aa-804625258329_S-1-12-1-1924906136-1125473986-2706025896-676455228_2.rslc</Data>
  </EventData>
</Event>


<Event xmlns='http://schemas.microsoft.com/win/2004/08/events/event'>
  <System>
    <Provider Name='Microsoft-Windows-AppXDeployment-Server' Guid='{3f471139-acb7-4a01-b7a7-ff5da4ba2d43}'></Provider>
    <EventID>607</EventID>
    <Version>0</Version>
    <Level>4</Level>
    <Task>0</Task>
    <Opcode>0</Opcode>
    <Keywords>0x4000000000000001</Keywords>
    <TimeCreated SystemTime='2026-07-01T12:35:46.1687927Z'></TimeCreated>
    <EventRecordID>236218</EventRecordID>
    <Correlation ActivityID='{904efead-091e-0005-aa72-61901e09dd01}'></Correlation>
    <Execution ProcessID='6484' ThreadID='22992'></Execution>
    <Channel>Microsoft-Windows-AppXDeploymentServer/Operational</Channel>
    <Computer>DESKTOP-JE7NNEN</Computer>
    <Security UserID='S-1-12-1-1924906136-1125473986-2706025896-676455228'></Security>
  </System>
  <EventData>
    <Data Name='DeploymentOperation'>1</Data>
    <Data Name='PackageFullName'>Microsoft.PowerToys.ImageResizerContextMenu_0.100.1.0_neutral__8wekyb3d8bbwe</Data>
    <Data Name='UserSid'>S-1-12-1-1924906136-1125473986-2706025896-676455228</Data>
    <Data Name='CallingProcess'>PowerToys.exe</Data>
  </EventData>
</Event>


<Event xmlns='http://schemas.microsoft.com/win/2004/08/events/event'>
  <System>
    <Provider Name='Microsoft-Windows-AppXDeployment-Server' Guid='{3f471139-acb7-4a01-b7a7-ff5da4ba2d43}'></Provider>
    <EventID>854</EventID>
    <Version>0</Version>
    <Level>4</Level>
    <Task>3</Task>
    <Opcode>0</Opcode>
    <Keywords>0x4000000000000001</Keywords>
    <TimeCreated SystemTime='2026-07-01T12:35:46.1691418Z'></TimeCreated>
    <EventRecordID>236219</EventRecordID>
    <Correlation ActivityID='{904efead-091e-0005-aa72-61901e09dd01}'></Correlation>
    <Execution ProcessID='6484' ThreadID='22992'></Execution>
    <Channel>Microsoft-Windows-AppXDeploymentServer/Operational</Channel>
    <Computer>DESKTOP-JE7NNEN</Computer>
    <Security UserID='S-1-12-1-1924906136-1125473986-2706025896-676455228'></Security>
  </System>
  <EventData>
    <Data Name='Path'> file:///C:/Users/mimichalis/AppData/Local/PowerToys/WinUI3Apps/ImageResizerContextMenuPackage.msix</Data>
  </EventData>
</Event>


<Event xmlns='http://schemas.microsoft.com/win/2004/08/events/event'>
  <System>
    <Provider Name='Microsoft-Windows-AppXDeployment-Server' Guid='{3f471139-acb7-4a01-b7a7-ff5da4ba2d43}'></Provider>
    <EventID>855</EventID>
    <Version>0</Version>
    <Level>4</Level>
    <Task>4</Task>
    <Opcode>0</Opcode>
    <Keywords>0x4000000000000001</Keywords>
    <TimeCreated SystemTime='2026-07-01T12:35:46.1939476Z'></TimeCreated>
    <EventRecordID>236220</EventRecordID>
    <Correlation ActivityID='{904efead-091e-0005-aa72-61901e09dd01}'></Correlation>
    <Execution ProcessID='6484' ThreadID='22992'></Execution>
    <Channel>Microsoft-Windows-AppXDeploymentServer/Operational</Channel>
    <Computer>DESKTOP-JE7NNEN</Computer>
    <Security UserID='S-1-12-1-1924906136-1125473986-2706025896-676455228'></Security>
  </System>
  <EventData>
    <Data Name='PackageMoniker'> addPackageList: Microsoft.PowerToys.ImageResizerContextMenu_0.100.1.0_neutral__8wekyb3d8bbwe</Data>
  </EventData>
</Event>


<Event xmlns='http://schemas.microsoft.com/win/2004/08/events/event'>
  <System>
    <Provider Name='Microsoft-Windows-AppXDeployment-Server' Guid='{3f471139-acb7-4a01-b7a7-ff5da4ba2d43}'></Provider>
    <EventID>10000</EventID>
    <Version>0</Version>
    <Level>5</Level>
    <Task>4</Task>
    <Opcode>0</Opcode>
    <Keywords>0x4000000000000001</Keywords>
    <TimeCreated SystemTime='2026-07-01T12:35:46.2279454Z'></TimeCreated>
    <EventRecordID>236221</EventRecordID>
    <Correlation ActivityID='{904efead-091e-0005-aa72-61901e09dd01}'></Correlation>
    <Execution ProcessID='6484' ThreadID='22992'></Execution>
    <Channel>Microsoft-Windows-AppXDeploymentServer/Operational</Channel>
    <Computer>DESKTOP-JE7NNEN</Computer>
    <Security UserID='S-1-5-18'></Security>
  </System>
  <EventData>
    <Data Name='PackageFullName'>Microsoft.PowerToys.ImageResizerContextMenu_0.100.1.0_neutral__8wekyb3d8bbwe</Data>
    <Data Name='ErrorCode'>0x0</Data>
  </EventData>
</Event>


<Event xmlns='http://schemas.microsoft.com/win/2004/08/events/event'>
  <System>
    <Provider Name='Microsoft-Windows-AppXDeployment-Server' Guid='{3f471139-acb7-4a01-b7a7-ff5da4ba2d43}'></Provider>
    <EventID>5507</EventID>
    <Version>0</Version>
    <Level>5</Level>
    <Task>0</Task>
    <Opcode>0</Opcode>
    <Keywords>0x4000000000100000</Keywords>
    <TimeCreated SystemTime='2026-07-01T12:35:46.3150312Z'></TimeCreated>
    <EventRecordID>236222</EventRecordID>
    <Correlation ActivityID='{904efead-091e-0005-aa72-61901e09dd01}'></Correlation>
    <Execution ProcessID='6484' ThreadID='22992'></Execution>
    <Channel>Microsoft-Windows-AppXDeploymentServer/Operational</Channel>
    <Computer>DESKTOP-JE7NNEN</Computer>
    <Security UserID='S-1-12-1-1924906136-1125473986-2706025896-676455228'></Security>
  </System>
  <EventData>
    <Data Name='PackageName'>Microsoft.PowerToys.ImageResizerContextMenu_0.100.1.0_neutral__8wekyb3d8bbwe</Data>
    <Data Name='FilePath'>C:\Program Files\WindowsApps\Microsoft.PowerToys.ImageResizerContextMenu_0.100.1.0_neutral__8wekyb3d8bbwe\microsoft.system.package.metadata\S-1-12-1-1924906136-1125473986-2706025896-676455228-MergedResources-*.pri</Data>
    <Data Name='Message'>No user-specific merged files found</Data>
  </EventData>
</Event>


<Event xmlns='http://schemas.microsoft.com/win/2004/08/events/event'>
  <System>
    <Provider Name='Microsoft-Windows-AppXDeployment-Server' Guid='{3f471139-acb7-4a01-b7a7-ff5da4ba2d43}'></Provider>
    <EventID>5507</EventID>
    <Version>0</Version>
    <Level>5</Level>
    <Task>0</Task>
    <Opcode>0</Opcode>
    <Keywords>0x4000000000100000</Keywords>
    <TimeCreated SystemTime='2026-07-01T12:35:46.3151523Z'></TimeCreated>
    <EventRecordID>236223</EventRecordID>
    <Correlation ActivityID='{904efead-091e-0005-aa72-61901e09dd01}'></Correlation>
    <Execution ProcessID='6484' ThreadID='22992'></Execution>
    <Channel>Microsoft-Windows-AppXDeploymentServer/Operational</Channel>
    <Computer>DESKTOP-JE7NNEN</Computer>
    <Security UserID='S-1-12-1-1924906136-1125473986-2706025896-676455228'></Security>
  </System>
  <EventData>
    <Data Name='PackageName'>Microsoft.PowerToys.ImageResizerContextMenu_0.100.1.0_neutral__8wekyb3d8bbwe</Data>
    <Data Name='FilePath'>C:\Program Files\WindowsApps\Microsoft.PowerToys.ImageResizerContextMenu_0.100.1.0_neutral__8wekyb3d8bbwe\microsoft.system.package.metadata\Resources.????????.pri</Data>
    <Data Name='Message'>No shared merged files found</Data>
  </EventData>
</Event>


<Event xmlns='http://schemas.microsoft.com/win/2004/08/events/event'>
  <System>
    <Provider Name='Microsoft-Windows-AppXDeployment-Server' Guid='{3f471139-acb7-4a01-b7a7-ff5da4ba2d43}'></Provider>
    <EventID>5507</EventID>
    <Version>0</Version>
    <Level>5</Level>
    <Task>0</Task>
    <Opcode>0</Opcode>
    <Keywords>0x4000000000100000</Keywords>
    <TimeCreated SystemTime='2026-07-01T12:35:46.3152353Z'></TimeCreated>
    <EventRecordID>236224</EventRecordID>
    <Correlation ActivityID='{904efead-091e-0005-aa72-61901e09dd01}'></Correlation>
    <Execution ProcessID='6484' ThreadID='22992'></Execution>
    <Channel>Microsoft-Windows-AppXDeploymentServer/Operational</Channel>
    <Computer>DESKTOP-JE7NNEN</Computer>
    <Security UserID='S-1-12-1-1924906136-1125473986-2706025896-676455228'></Security>
  </System>
  <EventData>
    <Data Name='PackageName'>Microsoft.PowerToys.ImageResizerContextMenu_0.100.1.0_neutral__8wekyb3d8bbwe</Data>
    <Data Name='FilePath'>C:\Program Files\WindowsApps\Microsoft.PowerToys.ImageResizerContextMenu_0.100.1.0_neutral__8wekyb3d8bbwe\microsoft.system.package.metadata\S-1-12-1-1924906136-1125473986-2706025896-676455228-MergedResources-*.pri</Data>
    <Data Name='Message'>No user-specific merged files found</Data>
  </EventData>
</Event>


<Event xmlns='http://schemas.microsoft.com/win/2004/08/events/event'>
  <System>
    <Provider Name='Microsoft-Windows-AppXDeployment-Server' Guid='{3f471139-acb7-4a01-b7a7-ff5da4ba2d43}'></Provider>
    <EventID>5507</EventID>
    <Version>0</Version>
    <Level>5</Level>
    <Task>0</Task>
    <Opcode>0</Opcode>
    <Keywords>0x4000000000100000</Keywords>
    <TimeCreated SystemTime='2026-07-01T12:35:46.3152946Z'></TimeCreated>
    <EventRecordID>236225</EventRecordID>
    <Correlation ActivityID='{904efead-091e-0005-aa72-61901e09dd01}'></Correlation>
    <Execution ProcessID='6484' ThreadID='22992'></Execution>
    <Channel>Microsoft-Windows-AppXDeploymentServer/Operational</Channel>
    <Computer>DESKTOP-JE7NNEN</Computer>
    <Security UserID='S-1-12-1-1924906136-1125473986-2706025896-676455228'></Security>
  </System>
  <EventData>
    <Data Name='PackageName'>Microsoft.PowerToys.ImageResizerContextMenu_0.100.1.0_neutral__8wekyb3d8bbwe</Data>
    <Data Name='FilePath'>C:\Program Files\WindowsApps\Microsoft.PowerToys.ImageResizerContextMenu_0.100.1.0_neutral__8wekyb3d8bbwe\microsoft.system.package.metadata\Resources.????????.pri</Data>
    <Data Name='Message'>No shared merged files found</Data>
  </EventData>
</Event>


<Event xmlns='http://schemas.microsoft.com/win/2004/08/events/event'>
  <System>
    <Provider Name='Microsoft-Windows-AppXDeployment-Server' Guid='{3f471139-acb7-4a01-b7a7-ff5da4ba2d43}'></Provider>
    <EventID>10001</EventID>
    <Version>0</Version>
    <Level>5</Level>
    <Task>4</Task>
    <Opcode>0</Opcode>
    <Keywords>0x4000000000000001</Keywords>
    <TimeCreated SystemTime='2026-07-01T12:35:46.4269586Z'></TimeCreated>
    <EventRecordID>236226</EventRecordID>
    <Correlation ActivityID='{904efead-091e-0005-aa72-61901e09dd01}'></Correlation>
    <Execution ProcessID='6484' ThreadID='22992'></Execution>
    <Channel>Microsoft-Windows-AppXDeploymentServer/Operational</Channel>
    <Computer>DESKTOP-JE7NNEN</Computer>
    <Security UserID='S-1-5-18'></Security>
  </System>
  <EventData>
    <Data Name='PackageFullName'>Microsoft.PowerToys.ImageResizerContextMenu_0.100.1.0_neutral__8wekyb3d8bbwe</Data>
    <Data Name='ErrorCode'>0x0</Data>
  </EventData>
</Event>


<Event xmlns='http://schemas.microsoft.com/win/2004/08/events/event'>
  <System>
    <Provider Name='Microsoft-Windows-AppXDeployment-Server' Guid='{3f471139-acb7-4a01-b7a7-ff5da4ba2d43}'></Provider>
    <EventID>10001</EventID>
    <Version>0</Version>
    <Level>5</Level>
    <Task>4</Task>
    <Opcode>0</Opcode>
    <Keywords>0x4000000000000001</Keywords>
    <TimeCreated SystemTime='2026-07-01T12:35:46.4270475Z'></TimeCreated>
    <EventRecordID>236227</EventRecordID>
    <Correlation ActivityID='{904efead-091e-0005-aa72-61901e09dd01}'></Correlation>
    <Execution ProcessID='6484' ThreadID='22992'></Execution>
    <Channel>Microsoft-Windows-AppXDeploymentServer/Operational</Channel>
    <Computer>DESKTOP-JE7NNEN</Computer>
    <Security UserID='S-1-5-18'></Security>
  </System>
  <EventData>
    <Data Name='PackageFullName'>Microsoft.PowerToys.ImageResizerContextMenu_0.100.1.0_neutral__8wekyb3d8bbwe</Data>
    <Data Name='ErrorCode'>0x0</Data>
  </EventData>
</Event>


<Event xmlns='http://schemas.microsoft.com/win/2004/08/events/event'>
  <System>
    <Provider Name='Microsoft-Windows-AppXDeployment-Server' Guid='{3f471139-acb7-4a01-b7a7-ff5da4ba2d43}'></Provider>
    <EventID>400</EventID>
    <Version>0</Version>
    <Level>4</Level>
    <Task>3</Task>
    <Opcode>2</Opcode>
    <Keywords>0x4000000000000001</Keywords>
    <TimeCreated SystemTime='2026-07-01T12:35:46.4834642Z'></TimeCreated>
    <EventRecordID>236228</EventRecordID>
    <Correlation ActivityID='{904efead-091e-0005-aa72-61901e09dd01}'></Correlation>
    <Execution ProcessID='6484' ThreadID='22992'></Execution>
    <Channel>Microsoft-Windows-AppXDeploymentServer/Operational</Channel>
    <Computer>DESKTOP-JE7NNEN</Computer>
    <Security UserID='S-1-12-1-1924906136-1125473986-2706025896-676455228'></Security>
  </System>
  <EventData>
    <Data Name='DeploymentOperation'>1</Data>
    <Data Name='PackageFullName'>Microsoft.PowerToys.ImageResizerContextMenu_0.100.1.0_neutral__8wekyb3d8bbwe</Data>
    <Data Name='Path'> (ImageResizerContextMenuPackage.msix) </Data>
    <Data Name='MountPoint'>C:</Data>
    <Data Name='TargetPlatform'>0x3</Data>
    <Data Name='SystemVolume'>true</Data>
    <Data Name='StorageId'>\\?\Volume{a148554c-efac-4b17-b694-ad743f18daf6}</Data>
    <Data Name='IsCentennial'>true</Data>
    <Data Name='PackageType'>0x1</Data>
    <Data Name='IsPackageEncrypted'>false</Data>
    <Data Name='DeploymentOptions'>0x40000000040000</Data>
    <Data Name='IsStreamingPackage'>false</Data>
    <Data Name='IsInRelatedSet'>false</Data>
    <Data Name='IsPackageUsingBDC'>false</Data>
    <Data Name='MainPackageFamilyName'>NULL</Data>
    <Data Name='CallingProcess'>PowerToys.exe</Data>
    <Data Name='IsOptional'>false</Data>
    <Data Name='PackageFlags'>0xb0044c</Data>
    <Data Name='PackageFlags2'>0x0</Data>
    <Data Name='HasWin32alacarte'>true</Data>
    <Data Name='HasFullTrust'>true</Data>
    <Data Name='ExternalLocation'>WinUI3Apps</Data>
    <Data Name='PackageSourceUri'>file:///C:/Users/mimichalis/AppData/Local/PowerToys/WinUI3Apps/ImageResizerContextMenuPackage.msix</Data>
    <Data Name='PackageDisplayName'>PowerToys ImageResizer Context Menu</Data>
  </EventData>
</Event>


<Event xmlns='http://schemas.microsoft.com/win/2004/08/events/event'>
  <System>
    <Provider Name='Microsoft-Windows-AppXDeployment-Server' Guid='{3f471139-acb7-4a01-b7a7-ff5da4ba2d43}'></Provider>
    <EventID>613</EventID>
    <Version>0</Version>
    <Level>4</Level>
    <Task>3</Task>
    <Opcode>0</Opcode>
    <Keywords>0x4000000000000001</Keywords>
    <TimeCreated SystemTime='2026-07-01T12:35:46.5335781Z'></TimeCreated>
    <EventRecordID>236229</EventRecordID>
    <Correlation ActivityID='{904efead-091e-0005-aa72-61901e09dd01}'></Correlation>
    <Execution ProcessID='6484' ThreadID='22992'></Execution>
    <Channel>Microsoft-Windows-AppXDeploymentServer/Operational</Channel>
    <Computer>DESKTOP-JE7NNEN</Computer>
    <Security UserID='S-1-12-1-1924906136-1125473986-2706025896-676455228'></Security>
  </System>
  <EventData>
    <Data Name='DeploymentOperation'>1</Data>
    <Data Name='PackageFullName'>Microsoft.PowerToys.ImageResizerContextMenu_0.100.1.0_neutral__8wekyb3d8bbwe</Data>
    <Data Name='Summary'>
Overall time: 438 ms
Enqueue cost: 63 ms
Dequeue delay: 15 ms
Bundle processing cost: 0 ms
Indexing cost: 0 ms
Resolve dependency cost: 16 ms
Check approval cost: 16 ms
Evaluation cost: 0 ms
Hardlinking evaluation cost: 0 ms
Stage required cost: 0 ms
Flushing and closing files cost: 0 ms
Gap: 31 ms
Machine register cost: 0 ms
Stage user data cost: 0 ms
Registration cost: 78 ms
Gap: 16 ms
Repository commit transaction cost: 93 ms
Gap: 63 ms
Data flush cost: 0 ms
Post DeStage repository commit transaction cost: 31 ms
Remaining cost: 16 ms
</Data>
  </EventData>
</Event>


<Event xmlns='http://schemas.microsoft.com/win/2004/08/events/event'>
  <System>
    <Provider Name='Microsoft-Windows-AppXDeployment-Server' Guid='{3f471139-acb7-4a01-b7a7-ff5da4ba2d43}'></Provider>
    <EventID>603</EventID>
    <Version>0</Version>
    <Level>4</Level>
    <Task>3</Task>
    <Opcode>0</Opcode>
    <Keywords>0x4000000000000001</Keywords>
    <TimeCreated SystemTime='2026-07-01T12:35:46.8036073Z'></TimeCreated>
    <EventRecordID>236234</EventRecordID>
    <Correlation ActivityID='{904efead-091e-0008-78c1-59901e09dd01}'></Correlation>
    <Execution ProcessID='6484' ThreadID='30980'></Execution>
    <Channel>Microsoft-Windows-AppXDeploymentServer/Operational</Channel>
    <Computer>DESKTOP-JE7NNEN</Computer>
    <Security UserID='S-1-12-1-1924906136-1125473986-2706025896-676455228'></Security>
  </System>
  <EventData>
    <Data Name='DeploymentOperation'>1</Data>
    <Data Name='Path'>PowerRenameContextMenuPackage.msix</Data>
    <Data Name='Flags'>262144</Data>
    <Data Name='FlagsHigh'>0</Data>
    <Data Name='CallingProcess'>PowerToys.exe</Data>
    <Data Name='ExternalLocation'>WinUI3Apps</Data>
  </EventData>
</Event>


<Event xmlns='http://schemas.microsoft.com/win/2004/08/events/event'>
  <System>
    <Provider Name='Microsoft-Windows-AppXDeployment-Server' Guid='{3f471139-acb7-4a01-b7a7-ff5da4ba2d43}'></Provider>
    <EventID>10002</EventID>
    <Version>0</Version>
    <Level>5</Level>
    <Task>3</Task>
    <Opcode>0</Opcode>
    <Keywords>0x4000000000000001</Keywords>
    <TimeCreated SystemTime='2026-07-01T12:35:46.8678079Z'></TimeCreated>
    <EventRecordID>236235</EventRecordID>
    <Correlation ActivityID='{904efead-091e-0008-78c1-59901e09dd01}'></Correlation>
    <Execution ProcessID='6484' ThreadID='22992'></Execution>
    <Channel>Microsoft-Windows-AppXDeploymentServer/Operational</Channel>
    <Computer>DESKTOP-JE7NNEN</Computer>
    <Security UserID='S-1-5-18'></Security>
  </System>
  <EventData>
    <Data Name='DeploymentOperation'>1</Data>
    <Data Name='MainPackageMoniker'>Microsoft.PowerToys.PowerRenameContextMenu_0.100.1.0_neutral__8wekyb3d8bbwe</Data>
    <Data Name='ResiliencyFilePath'>C:\ProgramData\Microsoft\Windows\AppRepository\99c4083e-8e41-4f2e-b5aa-804625258329_S-1-12-1-1924906136-1125473986-2706025896-676455228_3.rslc</Data>
  </EventData>
</Event>


<Event xmlns='http://schemas.microsoft.com/win/2004/08/events/event'>
  <System>
    <Provider Name='Microsoft-Windows-AppXDeployment-Server' Guid='{3f471139-acb7-4a01-b7a7-ff5da4ba2d43}'></Provider>
    <EventID>607</EventID>
    <Version>0</Version>
    <Level>4</Level>
    <Task>0</Task>
    <Opcode>0</Opcode>
    <Keywords>0x4000000000000001</Keywords>
    <TimeCreated SystemTime='2026-07-01T12:35:46.8687827Z'></TimeCreated>
    <EventRecordID>236236</EventRecordID>
    <Correlation ActivityID='{904efead-091e-0008-78c1-59901e09dd01}'></Correlation>
    <Execution ProcessID='6484' ThreadID='22992'></Execution>
    <Channel>Microsoft-Windows-AppXDeploymentServer/Operational</Channel>
    <Computer>DESKTOP-JE7NNEN</Computer>
    <Security UserID='S-1-12-1-1924906136-1125473986-2706025896-676455228'></Security>
  </System>
  <EventData>
    <Data Name='DeploymentOperation'>1</Data>
    <Data Name='PackageFullName'>Microsoft.PowerToys.PowerRenameContextMenu_0.100.1.0_neutral__8wekyb3d8bbwe</Data>
    <Data Name='UserSid'>S-1-12-1-1924906136-1125473986-2706025896-676455228</Data>
    <Data Name='CallingProcess'>PowerToys.exe</Data>
  </EventData>
</Event>


<Event xmlns='http://schemas.microsoft.com/win/2004/08/events/event'>
  <System>
    <Provider Name='Microsoft-Windows-AppXDeployment-Server' Guid='{3f471139-acb7-4a01-b7a7-ff5da4ba2d43}'></Provider>
    <EventID>854</EventID>
    <Version>0</Version>
    <Level>4</Level>
    <Task>3</Task>
    <Opcode>0</Opcode>
    <Keywords>0x4000000000000001</Keywords>
    <TimeCreated SystemTime='2026-07-01T12:35:46.8690670Z'></TimeCreated>
    <EventRecordID>236237</EventRecordID>
    <Correlation ActivityID='{904efead-091e-0008-78c1-59901e09dd01}'></Correlation>
    <Execution ProcessID='6484' ThreadID='22992'></Execution>
    <Channel>Microsoft-Windows-AppXDeploymentServer/Operational</Channel>
    <Computer>DESKTOP-JE7NNEN</Computer>
    <Security UserID='S-1-12-1-1924906136-1125473986-2706025896-676455228'></Security>
  </System>
  <EventData>
    <Data Name='Path'> file:///C:/Users/mimichalis/AppData/Local/PowerToys/WinUI3Apps/PowerRenameContextMenuPackage.msix</Data>
  </EventData>
</Event>


<Event xmlns='http://schemas.microsoft.com/win/2004/08/events/event'>
  <System>
    <Provider Name='Microsoft-Windows-AppXDeployment-Server' Guid='{3f471139-acb7-4a01-b7a7-ff5da4ba2d43}'></Provider>
    <EventID>855</EventID>
    <Version>0</Version>
    <Level>4</Level>
    <Task>4</Task>
    <Opcode>0</Opcode>
    <Keywords>0x4000000000000001</Keywords>
    <TimeCreated SystemTime='2026-07-01T12:35:46.8974359Z'></TimeCreated>
    <EventRecordID>236238</EventRecordID>
    <Correlation ActivityID='{904efead-091e-0008-78c1-59901e09dd01}'></Correlation>
    <Execution ProcessID='6484' ThreadID='22992'></Execution>
    <Channel>Microsoft-Windows-AppXDeploymentServer/Operational</Channel>
    <Computer>DESKTOP-JE7NNEN</Computer>
    <Security UserID='S-1-12-1-1924906136-1125473986-2706025896-676455228'></Security>
  </System>
  <EventData>
    <Data Name='PackageMoniker'> addPackageList: Microsoft.PowerToys.PowerRenameContextMenu_0.100.1.0_neutral__8wekyb3d8bbwe</Data>
  </EventData>
</Event>


<Event xmlns='http://schemas.microsoft.com/win/2004/08/events/event'>
  <System>
    <Provider Name='Microsoft-Windows-AppXDeployment-Server' Guid='{3f471139-acb7-4a01-b7a7-ff5da4ba2d43}'></Provider>
    <EventID>10000</EventID>
    <Version>0</Version>
    <Level>5</Level>
    <Task>4</Task>
    <Opcode>0</Opcode>
    <Keywords>0x4000000000000001</Keywords>
    <TimeCreated SystemTime='2026-07-01T12:35:46.9302608Z'></TimeCreated>
    <EventRecordID>236239</EventRecordID>
    <Correlation ActivityID='{904efead-091e-0008-78c1-59901e09dd01}'></Correlation>
    <Execution ProcessID='6484' ThreadID='22992'></Execution>
    <Channel>Microsoft-Windows-AppXDeploymentServer/Operational</Channel>
    <Computer>DESKTOP-JE7NNEN</Computer>
    <Security UserID='S-1-5-18'></Security>
  </System>
  <EventData>
    <Data Name='PackageFullName'>Microsoft.PowerToys.PowerRenameContextMenu_0.100.1.0_neutral__8wekyb3d8bbwe</Data>
    <Data Name='ErrorCode'>0x0</Data>
  </EventData>
</Event>


<Event xmlns='http://schemas.microsoft.com/win/2004/08/events/event'>
  <System>
    <Provider Name='Microsoft-Windows-AppXDeployment-Server' Guid='{3f471139-acb7-4a01-b7a7-ff5da4ba2d43}'></Provider>
    <EventID>5507</EventID>
    <Version>0</Version>
    <Level>5</Level>
    <Task>0</Task>
    <Opcode>0</Opcode>
    <Keywords>0x4000000000100000</Keywords>
    <TimeCreated SystemTime='2026-07-01T12:35:47.0785460Z'></TimeCreated>
    <EventRecordID>236240</EventRecordID>
    <Correlation ActivityID='{904efead-091e-0008-78c1-59901e09dd01}'></Correlation>
    <Execution ProcessID='6484' ThreadID='22992'></Execution>
    <Channel>Microsoft-Windows-AppXDeploymentServer/Operational</Channel>
    <Computer>DESKTOP-JE7NNEN</Computer>
    <Security UserID='S-1-12-1-1924906136-1125473986-2706025896-676455228'></Security>
  </System>
  <EventData>
    <Data Name='PackageName'>Microsoft.PowerToys.PowerRenameContextMenu_0.100.1.0_neutral__8wekyb3d8bbwe</Data>
    <Data Name='FilePath'>C:\Program Files\WindowsApps\Microsoft.PowerToys.PowerRenameContextMenu_0.100.1.0_neutral__8wekyb3d8bbwe\microsoft.system.package.metadata\S-1-12-1-1924906136-1125473986-2706025896-676455228-MergedResources-*.pri</Data>
    <Data Name='Message'>No user-specific merged files found</Data>
  </EventData>
</Event>


<Event xmlns='http://schemas.microsoft.com/win/2004/08/events/event'>
  <System>
    <Provider Name='Microsoft-Windows-AppXDeployment-Server' Guid='{3f471139-acb7-4a01-b7a7-ff5da4ba2d43}'></Provider>
    <EventID>5507</EventID>
    <Version>0</Version>
    <Level>5</Level>
    <Task>0</Task>
    <Opcode>0</Opcode>
    <Keywords>0x4000000000100000</Keywords>
    <TimeCreated SystemTime='2026-07-01T12:35:47.0786874Z'></TimeCreated>
    <EventRecordID>236241</EventRecordID>
    <Correlation ActivityID='{904efead-091e-0008-78c1-59901e09dd01}'></Correlation>
    <Execution ProcessID='6484' ThreadID='22992'></Execution>
    <Channel>Microsoft-Windows-AppXDeploymentServer/Operational</Channel>
    <Computer>DESKTOP-JE7NNEN</Computer>
    <Security UserID='S-1-12-1-1924906136-1125473986-2706025896-676455228'></Security>
  </System>
  <EventData>
    <Data Name='PackageName'>Microsoft.PowerToys.PowerRenameContextMenu_0.100.1.0_neutral__8wekyb3d8bbwe</Data>
    <Data Name='FilePath'>C:\Program Files\WindowsApps\Microsoft.PowerToys.PowerRenameContextMenu_0.100.1.0_neutral__8wekyb3d8bbwe\microsoft.system.package.metadata\Resources.????????.pri</Data>
    <Data Name='Message'>No shared merged files found</Data>
  </EventData>
</Event>


<Event xmlns='http://schemas.microsoft.com/win/2004/08/events/event'>
  <System>
    <Provider Name='Microsoft-Windows-AppXDeployment-Server' Guid='{3f471139-acb7-4a01-b7a7-ff5da4ba2d43}'></Provider>
    <EventID>5507</EventID>
    <Version>0</Version>
    <Level>5</Level>
    <Task>0</Task>
    <Opcode>0</Opcode>
    <Keywords>0x4000000000100000</Keywords>
    <TimeCreated SystemTime='2026-07-01T12:35:47.0788357Z'></TimeCreated>
    <EventRecordID>236242</EventRecordID>
    <Correlation ActivityID='{904efead-091e-0008-78c1-59901e09dd01}'></Correlation>
    <Execution ProcessID='6484' ThreadID='22992'></Execution>
    <Channel>Microsoft-Windows-AppXDeploymentServer/Operational</Channel>
    <Computer>DESKTOP-JE7NNEN</Computer>
    <Security UserID='S-1-12-1-1924906136-1125473986-2706025896-676455228'></Security>
  </System>
  <EventData>
    <Data Name='PackageName'>Microsoft.PowerToys.PowerRenameContextMenu_0.100.1.0_neutral__8wekyb3d8bbwe</Data>
    <Data Name='FilePath'>C:\Program Files\WindowsApps\Microsoft.PowerToys.PowerRenameContextMenu_0.100.1.0_neutral__8wekyb3d8bbwe\microsoft.system.package.metadata\S-1-12-1-1924906136-1125473986-2706025896-676455228-MergedResources-*.pri</Data>
    <Data Name='Message'>No user-specific merged files found</Data>
  </EventData>
</Event>


<Event xmlns='http://schemas.microsoft.com/win/2004/08/events/event'>
  <System>
    <Provider Name='Microsoft-Windows-AppXDeployment-Server' Guid='{3f471139-acb7-4a01-b7a7-ff5da4ba2d43}'></Provider>
    <EventID>5507</EventID>
    <Version>0</Version>
    <Level>5</Level>
    <Task>0</Task>
    <Opcode>0</Opcode>
    <Keywords>0x4000000000100000</Keywords>
    <TimeCreated SystemTime='2026-07-01T12:35:47.0789488Z'></TimeCreated>
    <EventRecordID>236243</EventRecordID>
    <Correlation ActivityID='{904efead-091e-0008-78c1-59901e09dd01}'></Correlation>
    <Execution ProcessID='6484' ThreadID='22992'></Execution>
    <Channel>Microsoft-Windows-AppXDeploymentServer/Operational</Channel>
    <Computer>DESKTOP-JE7NNEN</Computer>
    <Security UserID='S-1-12-1-1924906136-1125473986-2706025896-676455228'></Security>
  </System>
  <EventData>
    <Data Name='PackageName'>Microsoft.PowerToys.PowerRenameContextMenu_0.100.1.0_neutral__8wekyb3d8bbwe</Data>
    <Data Name='FilePath'>C:\Program Files\WindowsApps\Microsoft.PowerToys.PowerRenameContextMenu_0.100.1.0_neutral__8wekyb3d8bbwe\microsoft.system.package.metadata\Resources.????????.pri</Data>
    <Data Name='Message'>No shared merged files found</Data>
  </EventData>
</Event>


<Event xmlns='http://schemas.microsoft.com/win/2004/08/events/event'>
  <System>
    <Provider Name='Microsoft-Windows-AppXDeployment-Server' Guid='{3f471139-acb7-4a01-b7a7-ff5da4ba2d43}'></Provider>
    <EventID>10001</EventID>
    <Version>0</Version>
    <Level>5</Level>
    <Task>4</Task>
    <Opcode>0</Opcode>
    <Keywords>0x4000000000000001</Keywords>
    <TimeCreated SystemTime='2026-07-01T12:35:47.2894221Z'></TimeCreated>
    <EventRecordID>236244</EventRecordID>
    <Correlation ActivityID='{904efead-091e-0008-78c1-59901e09dd01}'></Correlation>
    <Execution ProcessID='6484' ThreadID='22992'></Execution>
    <Channel>Microsoft-Windows-AppXDeploymentServer/Operational</Channel>
    <Computer>DESKTOP-JE7NNEN</Computer>
    <Security UserID='S-1-5-18'></Security>
  </System>
  <EventData>
    <Data Name='PackageFullName'>Microsoft.PowerToys.PowerRenameContextMenu_0.100.1.0_neutral__8wekyb3d8bbwe</Data>
    <Data Name='ErrorCode'>0x0</Data>
  </EventData>
</Event>


<Event xmlns='http://schemas.microsoft.com/win/2004/08/events/event'>
  <System>
    <Provider Name='Microsoft-Windows-AppXDeployment-Server' Guid='{3f471139-acb7-4a01-b7a7-ff5da4ba2d43}'></Provider>
    <EventID>10001</EventID>
    <Version>0</Version>
    <Level>5</Level>
    <Task>4</Task>
    <Opcode>0</Opcode>
    <Keywords>0x4000000000000001</Keywords>
    <TimeCreated SystemTime='2026-07-01T12:35:47.2895451Z'></TimeCreated>
    <EventRecordID>236245</EventRecordID>
    <Correlation ActivityID='{904efead-091e-0008-78c1-59901e09dd01}'></Correlation>
    <Execution ProcessID='6484' ThreadID='22992'></Execution>
    <Channel>Microsoft-Windows-AppXDeploymentServer/Operational</Channel>
    <Computer>DESKTOP-JE7NNEN</Computer>
    <Security UserID='S-1-5-18'></Security>
  </System>
  <EventData>
    <Data Name='PackageFullName'>Microsoft.PowerToys.PowerRenameContextMenu_0.100.1.0_neutral__8wekyb3d8bbwe</Data>
    <Data Name='ErrorCode'>0x0</Data>
  </EventData>
</Event>


