<Event xmlns='http://schemas.microsoft.com/win/2004/08/events/event'>
  <System>
    <Provider Name='Microsoft-Windows-AppXDeployment-Server' Guid='{3f471139-acb7-4a01-b7a7-ff5da4ba2d43}'></Provider>
    <EventID>855</EventID>
    <Version>0</Version>
    <Level>4</Level>
    <Task>4</Task>
    <Opcode>0</Opcode>
    <Keywords>0x4000000000000001</Keywords>
    <TimeCreated SystemTime='2026-06-25T09:22:24.0132247Z'></TimeCreated>
    <EventRecordID>233362</EventRecordID>
    <Correlation ActivityID='{f3813d9a-03cc-0004-7dc4-d6f3cc03dd01}'></Correlation>
    <Execution ProcessID='21068' ThreadID='17576'></Execution>
    <Channel>Microsoft-Windows-AppXDeploymentServer/Operational</Channel>
    <Computer>DESKTOP-JE7NNEN</Computer>
    <Security UserID='S-1-12-1-1924906136-1125473986-2706025896-676455228'></Security>
  </System>
  <EventData>
    <Data Name='PackageMoniker'> addPackageList: Microsoft.PowerToys.ImageResizerContextMenu_0.100.1.0_neutral__8wekyb3d8bbwe destagePackageList: Microsoft.PowerToys.ImageResizerContextMenu_0.100.0.0_neutral__8wekyb3d8bbwe</Data>
  </EventData>
</Event>


<Event xmlns='http://schemas.microsoft.com/win/2004/08/events/event'>
  <System>
    <Provider Name='Microsoft-Windows-AppXDeployment-Server' Guid='{3f471139-acb7-4a01-b7a7-ff5da4ba2d43}'></Provider>
    <EventID>10000</EventID>
    <Version>0</Version>
    <Level>5</Level>
    <Task>4</Task>
    <Opcode>0</Opcode>
    <Keywords>0x4000000000000001</Keywords>
    <TimeCreated SystemTime='2026-06-25T09:22:24.5701973Z'></TimeCreated>
    <EventRecordID>233363</EventRecordID>
    <Correlation ActivityID='{f3813d9a-03cc-0004-7dc4-d6f3cc03dd01}'></Correlation>
    <Execution ProcessID='21068' ThreadID='17576'></Execution>
    <Channel>Microsoft-Windows-AppXDeploymentServer/Operational</Channel>
    <Computer>DESKTOP-JE7NNEN</Computer>
    <Security UserID='S-1-5-18'></Security>
  </System>
  <EventData>
    <Data Name='PackageFullName'>Microsoft.PowerToys.ImageResizerContextMenu_0.100.1.0_neutral__8wekyb3d8bbwe</Data>
    <Data Name='ErrorCode'>0x0</Data>
  </EventData>
</Event>


<Event xmlns='http://schemas.microsoft.com/win/2004/08/events/event'>
  <System>
    <Provider Name='Microsoft-Windows-AppXDeployment-Server' Guid='{3f471139-acb7-4a01-b7a7-ff5da4ba2d43}'></Provider>
    <EventID>5507</EventID>
    <Version>0</Version>
    <Level>5</Level>
    <Task>0</Task>
    <Opcode>0</Opcode>
    <Keywords>0x4000000000100000</Keywords>
    <TimeCreated SystemTime='2026-06-25T09:22:24.6887601Z'></TimeCreated>
    <EventRecordID>233364</EventRecordID>
    <Correlation ActivityID='{f3813d9a-03cc-0004-7dc4-d6f3cc03dd01}'></Correlation>
    <Execution ProcessID='21068' ThreadID='17576'></Execution>
    <Channel>Microsoft-Windows-AppXDeploymentServer/Operational</Channel>
    <Computer>DESKTOP-JE7NNEN</Computer>
    <Security UserID='S-1-12-1-1924906136-1125473986-2706025896-676455228'></Security>
  </System>
  <EventData>
    <Data Name='PackageName'>Microsoft.PowerToys.ImageResizerContextMenu_0.100.1.0_neutral__8wekyb3d8bbwe</Data>
    <Data Name='FilePath'>C:\Program Files\WindowsApps\Microsoft.PowerToys.ImageResizerContextMenu_0.100.1.0_neutral__8wekyb3d8bbwe\microsoft.system.package.metadata\S-1-12-1-1924906136-1125473986-2706025896-676455228-MergedResources-*.pri</Data>
    <Data Name='Message'>No user-specific merged files found</Data>
  </EventData>
</Event>


<Event xmlns='http://schemas.microsoft.com/win/2004/08/events/event'>
  <System>
    <Provider Name='Microsoft-Windows-AppXDeployment-Server' Guid='{3f471139-acb7-4a01-b7a7-ff5da4ba2d43}'></Provider>
    <EventID>5507</EventID>
    <Version>0</Version>
    <Level>5</Level>
    <Task>0</Task>
    <Opcode>0</Opcode>
    <Keywords>0x4000000000100000</Keywords>
    <TimeCreated SystemTime='2026-06-25T09:22:24.6889318Z'></TimeCreated>
    <EventRecordID>233365</EventRecordID>
    <Correlation ActivityID='{f3813d9a-03cc-0004-7dc4-d6f3cc03dd01}'></Correlation>
    <Execution ProcessID='21068' ThreadID='17576'></Execution>
    <Channel>Microsoft-Windows-AppXDeploymentServer/Operational</Channel>
    <Computer>DESKTOP-JE7NNEN</Computer>
    <Security UserID='S-1-12-1-1924906136-1125473986-2706025896-676455228'></Security>
  </System>
  <EventData>
    <Data Name='PackageName'>Microsoft.PowerToys.ImageResizerContextMenu_0.100.1.0_neutral__8wekyb3d8bbwe</Data>
    <Data Name='FilePath'>C:\Program Files\WindowsApps\Microsoft.PowerToys.ImageResizerContextMenu_0.100.1.0_neutral__8wekyb3d8bbwe\microsoft.system.package.metadata\Resources.????????.pri</Data>
    <Data Name='Message'>No shared merged files found</Data>
  </EventData>
</Event>


<Event xmlns='http://schemas.microsoft.com/win/2004/08/events/event'>
  <System>
    <Provider Name='Microsoft-Windows-AppXDeployment-Server' Guid='{3f471139-acb7-4a01-b7a7-ff5da4ba2d43}'></Provider>
    <EventID>5507</EventID>
    <Version>0</Version>
    <Level>5</Level>
    <Task>0</Task>
    <Opcode>0</Opcode>
    <Keywords>0x4000000000100000</Keywords>
    <TimeCreated SystemTime='2026-06-25T09:22:24.6890988Z'></TimeCreated>
    <EventRecordID>233366</EventRecordID>
    <Correlation ActivityID='{f3813d9a-03cc-0004-7dc4-d6f3cc03dd01}'></Correlation>
    <Execution ProcessID='21068' ThreadID='17576'></Execution>
    <Channel>Microsoft-Windows-AppXDeploymentServer/Operational</Channel>
    <Computer>DESKTOP-JE7NNEN</Computer>
    <Security UserID='S-1-12-1-1924906136-1125473986-2706025896-676455228'></Security>
  </System>
  <EventData>
    <Data Name='PackageName'>Microsoft.PowerToys.ImageResizerContextMenu_0.100.1.0_neutral__8wekyb3d8bbwe</Data>
    <Data Name='FilePath'>C:\Program Files\WindowsApps\Microsoft.PowerToys.ImageResizerContextMenu_0.100.1.0_neutral__8wekyb3d8bbwe\microsoft.system.package.metadata\S-1-12-1-1924906136-1125473986-2706025896-676455228-MergedResources-*.pri</Data>
    <Data Name='Message'>No user-specific merged files found</Data>
  </EventData>
</Event>


<Event xmlns='http://schemas.microsoft.com/win/2004/08/events/event'>
  <System>
    <Provider Name='Microsoft-Windows-AppXDeployment-Server' Guid='{3f471139-acb7-4a01-b7a7-ff5da4ba2d43}'></Provider>
    <EventID>5507</EventID>
    <Version>0</Version>
    <Level>5</Level>
    <Task>0</Task>
    <Opcode>0</Opcode>
    <Keywords>0x4000000000100000</Keywords>
    <TimeCreated SystemTime='2026-06-25T09:22:24.6892283Z'></TimeCreated>
    <EventRecordID>233367</EventRecordID>
    <Correlation ActivityID='{f3813d9a-03cc-0004-7dc4-d6f3cc03dd01}'></Correlation>
    <Execution ProcessID='21068' ThreadID='17576'></Execution>
    <Channel>Microsoft-Windows-AppXDeploymentServer/Operational</Channel>
    <Computer>DESKTOP-JE7NNEN</Computer>
    <Security UserID='S-1-12-1-1924906136-1125473986-2706025896-676455228'></Security>
  </System>
  <EventData>
    <Data Name='PackageName'>Microsoft.PowerToys.ImageResizerContextMenu_0.100.1.0_neutral__8wekyb3d8bbwe</Data>
    <Data Name='FilePath'>C:\Program Files\WindowsApps\Microsoft.PowerToys.ImageResizerContextMenu_0.100.1.0_neutral__8wekyb3d8bbwe\microsoft.system.package.metadata\Resources.????????.pri</Data>
    <Data Name='Message'>No shared merged files found</Data>
  </EventData>
</Event>


<Event xmlns='http://schemas.microsoft.com/win/2004/08/events/event'>
  <System>
    <Provider Name='Microsoft-Windows-AppXDeployment-Server' Guid='{3f471139-acb7-4a01-b7a7-ff5da4ba2d43}'></Provider>
    <EventID>10001</EventID>
    <Version>0</Version>
    <Level>5</Level>
    <Task>4</Task>
    <Opcode>0</Opcode>
    <Keywords>0x4000000000000001</Keywords>
    <TimeCreated SystemTime='2026-06-25T09:22:25.2409671Z'></TimeCreated>
    <EventRecordID>233368</EventRecordID>
    <Correlation ActivityID='{f3813d9a-03cc-0004-7dc4-d6f3cc03dd01}'></Correlation>
    <Execution ProcessID='21068' ThreadID='17576'></Execution>
    <Channel>Microsoft-Windows-AppXDeploymentServer/Operational</Channel>
    <Computer>DESKTOP-JE7NNEN</Computer>
    <Security UserID='S-1-5-18'></Security>
  </System>
  <EventData>
    <Data Name='PackageFullName'>Microsoft.PowerToys.ImageResizerContextMenu_0.100.1.0_neutral__8wekyb3d8bbwe</Data>
    <Data Name='ErrorCode'>0x0</Data>
  </EventData>
</Event>


<Event xmlns='http://schemas.microsoft.com/win/2004/08/events/event'>
  <System>
    <Provider Name='Microsoft-Windows-AppXDeployment-Server' Guid='{3f471139-acb7-4a01-b7a7-ff5da4ba2d43}'></Provider>
    <EventID>10001</EventID>
    <Version>0</Version>
    <Level>5</Level>
    <Task>4</Task>
    <Opcode>0</Opcode>
    <Keywords>0x4000000000000001</Keywords>
    <TimeCreated SystemTime='2026-06-25T09:22:25.2410967Z'></TimeCreated>
    <EventRecordID>233369</EventRecordID>
    <Correlation ActivityID='{f3813d9a-03cc-0004-7dc4-d6f3cc03dd01}'></Correlation>
    <Execution ProcessID='21068' ThreadID='17576'></Execution>
    <Channel>Microsoft-Windows-AppXDeploymentServer/Operational</Channel>
    <Computer>DESKTOP-JE7NNEN</Computer>
    <Security UserID='S-1-5-18'></Security>
  </System>
  <EventData>
    <Data Name='PackageFullName'>Microsoft.PowerToys.ImageResizerContextMenu_0.100.1.0_neutral__8wekyb3d8bbwe</Data>
    <Data Name='ErrorCode'>0x0</Data>
  </EventData>
</Event>


<Event xmlns='http://schemas.microsoft.com/win/2004/08/events/event'>
  <System>
    <Provider Name='Microsoft-Windows-AppXDeployment-Server' Guid='{3f471139-acb7-4a01-b7a7-ff5da4ba2d43}'></Provider>
    <EventID>400</EventID>
    <Version>0</Version>
    <Level>4</Level>
    <Task>3</Task>
    <Opcode>2</Opcode>
    <Keywords>0x4000000000000001</Keywords>
    <TimeCreated SystemTime='2026-06-25T09:22:25.3203093Z'></TimeCreated>
    <EventRecordID>233370</EventRecordID>
    <Correlation ActivityID='{f3813d9a-03cc-0004-7dc4-d6f3cc03dd01}'></Correlation>
    <Execution ProcessID='21068' ThreadID='17576'></Execution>
    <Channel>Microsoft-Windows-AppXDeploymentServer/Operational</Channel>
    <Computer>DESKTOP-JE7NNEN</Computer>
    <Security UserID='S-1-12-1-1924906136-1125473986-2706025896-676455228'></Security>
  </System>
  <EventData>
    <Data Name='DeploymentOperation'>1</Data>
    <Data Name='PackageFullName'>Microsoft.PowerToys.ImageResizerContextMenu_0.100.1.0_neutral__8wekyb3d8bbwe</Data>
    <Data Name='Path'> (ImageResizerContextMenuPackage.msix) </Data>
    <Data Name='MountPoint'>C:</Data>
    <Data Name='TargetPlatform'>0x3</Data>
    <Data Name='SystemVolume'>true</Data>
    <Data Name='StorageId'>\\?\Volume{a148554c-efac-4b17-b694-ad743f18daf6}</Data>
    <Data Name='IsCentennial'>true</Data>
    <Data Name='PackageType'>0x1</Data>
    <Data Name='IsPackageEncrypted'>false</Data>
    <Data Name='DeploymentOptions'>0x40000000040000</Data>
    <Data Name='IsStreamingPackage'>false</Data>
    <Data Name='IsInRelatedSet'>false</Data>
    <Data Name='IsPackageUsingBDC'>false</Data>
    <Data Name='MainPackageFamilyName'>NULL</Data>
    <Data Name='CallingProcess'>PowerToys.exe</Data>
    <Data Name='IsOptional'>false</Data>
    <Data Name='PackageFlags'>0xb0004c</Data>
    <Data Name='PackageFlags2'>0x0</Data>
    <Data Name='HasWin32alacarte'>true</Data>
    <Data Name='HasFullTrust'>true</Data>
    <Data Name='ExternalLocation'>WinUI3Apps</Data>
    <Data Name='PackageSourceUri'>file:///C:/Users/mimichalis/AppData/Local/PowerToys/WinUI3Apps/ImageResizerContextMenuPackage.msix</Data>
    <Data Name='PackageDisplayName'>PowerToys ImageResizer Context Menu</Data>
  </EventData>
</Event>


<Event xmlns='http://schemas.microsoft.com/win/2004/08/events/event'>
  <System>
    <Provider Name='Microsoft-Windows-AppXDeployment-Server' Guid='{3f471139-acb7-4a01-b7a7-ff5da4ba2d43}'></Provider>
    <EventID>472</EventID>
    <Version>0</Version>
    <Level>5</Level>
    <Task>5</Task>
    <Opcode>0</Opcode>
    <Keywords>0x4000000000000001</Keywords>
    <TimeCreated SystemTime='2026-06-25T09:22:25.5482586Z'></TimeCreated>
    <EventRecordID>233371</EventRecordID>
    <Correlation ActivityID='{f3813d9a-03cc-0004-7dc4-d6f3cc03dd01}'></Correlation>
    <Execution ProcessID='21068' ThreadID='17576'></Execution>
    <Channel>Microsoft-Windows-AppXDeploymentServer/Operational</Channel>
    <Computer>DESKTOP-JE7NNEN</Computer>
    <Security UserID='S-1-5-18'></Security>
  </System>
  <EventData>
    <Data Name='SourceFolderPath'>\\?\C:\Program Files\WindowsApps\Microsoft.PowerToys.ImageResizerContextMenu_0.100.0.0_neutral__8wekyb3d8bbwe</Data>
    <Data Name='DestinationFolderPath'>\\?\C:\Program Files\WindowsApps\Deleted\Microsoft.PowerToys.ImageResizerContextMenu_0.100.0.0_neutral__8wekyb3d8bbwedd5a0bcb-6e3a-4c91-b9ec-308fb82958de</Data>
    <Data Name='ErrorCode'>0x0</Data>
  </EventData>
</Event>


<Event xmlns='http://schemas.microsoft.com/win/2004/08/events/event'>
  <System>
    <Provider Name='Microsoft-Windows-AppXDeployment-Server' Guid='{3f471139-acb7-4a01-b7a7-ff5da4ba2d43}'></Provider>
    <EventID>613</EventID>
    <Version>0</Version>
    <Level>4</Level>
    <Task>3</Task>
    <Opcode>0</Opcode>
    <Keywords>0x4000000000000001</Keywords>
    <TimeCreated SystemTime='2026-06-25T09:22:25.6098756Z'></TimeCreated>
    <EventRecordID>233372</EventRecordID>
    <Correlation ActivityID='{f3813d9a-03cc-0004-7dc4-d6f3cc03dd01}'></Correlation>
    <Execution ProcessID='21068' ThreadID='17576'></Execution>
    <Channel>Microsoft-Windows-AppXDeploymentServer/Operational</Channel>
    <Computer>DESKTOP-JE7NNEN</Computer>
    <Security UserID='S-1-12-1-1924906136-1125473986-2706025896-676455228'></Security>
  </System>
  <EventData>
    <Data Name='DeploymentOperation'>1</Data>
    <Data Name='PackageFullName'>Microsoft.PowerToys.ImageResizerContextMenu_0.100.1.0_neutral__8wekyb3d8bbwe</Data>
    <Data Name='Summary'>
Overall time: 1781 ms
Enqueue cost: 62 ms
Dequeue delay: 16 ms
Bundle processing cost: 0 ms
Indexing cost: 94 ms
Resolve dependency cost: 15 ms
Check approval cost: 16 ms
Evaluation cost: 250 ms
Hardlinking evaluation cost: 156 ms
Stage required cost: 15 ms
Flushing and closing files cost: 0 ms
Gap: 297 ms
Machine register cost: 16 ms
Stage user data cost: 0 ms
Registration cost: 94 ms
Gap: 234 ms
Repository commit transaction cost: 297 ms
Gap: 328 ms
Data flush cost: 0 ms
Post DeStage repository commit transaction cost: 31 ms
Remaining cost: 16 ms
</Data>
  </EventData>
</Event>


<Event xmlns='http://schemas.microsoft.com/win/2004/08/events/event'>
  <System>
    <Provider Name='Microsoft-Windows-AppXDeployment-Server' Guid='{3f471139-acb7-4a01-b7a7-ff5da4ba2d43}'></Provider>
    <EventID>603</EventID>
    <Version>0</Version>
    <Level>4</Level>
    <Task>3</Task>
    <Opcode>0</Opcode>
    <Keywords>0x4000000000000001</Keywords>
    <TimeCreated SystemTime='2026-06-25T09:22:26.0116432Z'></TimeCreated>
    <EventRecordID>233373</EventRecordID>
    <Correlation ActivityID='{f3813d9a-03cc-000d-b46c-aef3cc03dd01}'></Correlation>
    <Execution ProcessID='21068' ThreadID='9184'></Execution>
    <Channel>Microsoft-Windows-AppXDeploymentServer/Operational</Channel>
    <Computer>DESKTOP-JE7NNEN</Computer>
    <Security UserID='S-1-12-1-1924906136-1125473986-2706025896-676455228'></Security>
  </System>
  <EventData>
    <Data Name='DeploymentOperation'>1</Data>
    <Data Name='Path'>PowerRenameContextMenuPackage.msix</Data>
    <Data Name='Flags'>262144</Data>
    <Data Name='FlagsHigh'>0</Data>
    <Data Name='CallingProcess'>PowerToys.exe</Data>
    <Data Name='ExternalLocation'>WinUI3Apps</Data>
  </EventData>
</Event>


<Event xmlns='http://schemas.microsoft.com/win/2004/08/events/event'>
  <System>
    <Provider Name='Microsoft-Windows-AppXDeployment-Server' Guid='{3f471139-acb7-4a01-b7a7-ff5da4ba2d43}'></Provider>
    <EventID>10002</EventID>
    <Version>0</Version>
    <Level>5</Level>
    <Task>3</Task>
    <Opcode>0</Opcode>
    <Keywords>0x4000000000000001</Keywords>
    <TimeCreated SystemTime='2026-06-25T09:22:26.1530109Z'></TimeCreated>
    <EventRecordID>233374</EventRecordID>
    <Correlation ActivityID='{f3813d9a-03cc-000d-b46c-aef3cc03dd01}'></Correlation>
    <Execution ProcessID='21068' ThreadID='17576'></Execution>
    <Channel>Microsoft-Windows-AppXDeploymentServer/Operational</Channel>
    <Computer>DESKTOP-JE7NNEN</Computer>
    <Security UserID='S-1-5-18'></Security>
  </System>
  <EventData>
    <Data Name='DeploymentOperation'>1</Data>
    <Data Name='MainPackageMoniker'>Microsoft.PowerToys.PowerRenameContextMenu_0.100.1.0_neutral__8wekyb3d8bbwe</Data>
    <Data Name='ResiliencyFilePath'>C:\ProgramData\Microsoft\Windows\AppRepository\bd2a2f2f-b4a4-48e6-bffc-848602648dc4_S-1-12-1-1924906136-1125473986-2706025896-676455228_9.rslc</Data>
  </EventData>
</Event>


<Event xmlns='http://schemas.microsoft.com/win/2004/08/events/event'>
  <System>
    <Provider Name='Microsoft-Windows-AppXDeployment-Server' Guid='{3f471139-acb7-4a01-b7a7-ff5da4ba2d43}'></Provider>
    <EventID>607</EventID>
    <Version>0</Version>
    <Level>4</Level>
    <Task>0</Task>
    <Opcode>0</Opcode>
    <Keywords>0x4000000000000001</Keywords>
    <TimeCreated SystemTime='2026-06-25T09:22:26.1546552Z'></TimeCreated>
    <EventRecordID>233375</EventRecordID>
    <Correlation ActivityID='{f3813d9a-03cc-000d-b46c-aef3cc03dd01}'></Correlation>
    <Execution ProcessID='21068' ThreadID='17576'></Execution>
    <Channel>Microsoft-Windows-AppXDeploymentServer/Operational</Channel>
    <Computer>DESKTOP-JE7NNEN</Computer>
    <Security UserID='S-1-12-1-1924906136-1125473986-2706025896-676455228'></Security>
  </System>
  <EventData>
    <Data Name='DeploymentOperation'>1</Data>
    <Data Name='PackageFullName'>Microsoft.PowerToys.PowerRenameContextMenu_0.100.1.0_neutral__8wekyb3d8bbwe</Data>
    <Data Name='UserSid'>S-1-12-1-1924906136-1125473986-2706025896-676455228</Data>
    <Data Name='CallingProcess'>PowerToys.exe</Data>
  </EventData>
</Event>


<Event xmlns='http://schemas.microsoft.com/win/2004/08/events/event'>
  <System>
    <Provider Name='Microsoft-Windows-AppXDeployment-Server' Guid='{3f471139-acb7-4a01-b7a7-ff5da4ba2d43}'></Provider>
    <EventID>854</EventID>
    <Version>0</Version>
    <Level>4</Level>
    <Task>3</Task>
    <Opcode>0</Opcode>
    <Keywords>0x4000000000000001</Keywords>
    <TimeCreated SystemTime='2026-06-25T09:22:26.1552742Z'></TimeCreated>
    <EventRecordID>233376</EventRecordID>
    <Correlation ActivityID='{f3813d9a-03cc-000d-b46c-aef3cc03dd01}'></Correlation>
    <Execution ProcessID='21068' ThreadID='17576'></Execution>
    <Channel>Microsoft-Windows-AppXDeploymentServer/Operational</Channel>
    <Computer>DESKTOP-JE7NNEN</Computer>
    <Security UserID='S-1-12-1-1924906136-1125473986-2706025896-676455228'></Security>
  </System>
  <EventData>
    <Data Name='Path'> file:///C:/Users/mimichalis/AppData/Local/PowerToys/WinUI3Apps/PowerRenameContextMenuPackage.msix</Data>
  </EventData>
</Event>


<Event xmlns='http://schemas.microsoft.com/win/2004/08/events/event'>
  <System>
    <Provider Name='Microsoft-Windows-AppXDeployment-Server' Guid='{3f471139-acb7-4a01-b7a7-ff5da4ba2d43}'></Provider>
    <EventID>855</EventID>
    <Version>0</Version>
    <Level>4</Level>
    <Task>4</Task>
    <Opcode>0</Opcode>
    <Keywords>0x4000000000000001</Keywords>
    <TimeCreated SystemTime='2026-06-25T09:22:26.4889150Z'></TimeCreated>
    <EventRecordID>233377</EventRecordID>
    <Correlation ActivityID='{f3813d9a-03cc-000d-b46c-aef3cc03dd01}'></Correlation>
    <Execution ProcessID='21068' ThreadID='17576'></Execution>
    <Channel>Microsoft-Windows-AppXDeploymentServer/Operational</Channel>
    <Computer>DESKTOP-JE7NNEN</Computer>
    <Security UserID='S-1-12-1-1924906136-1125473986-2706025896-676455228'></Security>
  </System>
  <EventData>
    <Data Name='PackageMoniker'> addPackageList: Microsoft.PowerToys.PowerRenameContextMenu_0.100.1.0_neutral__8wekyb3d8bbwe destagePackageList: Microsoft.PowerToys.PowerRenameContextMenu_0.100.0.0_neutral__8wekyb3d8bbwe</Data>
  </EventData>
</Event>


<Event xmlns='http://schemas.microsoft.com/win/2004/08/events/event'>
  <System>
    <Provider Name='Microsoft-Windows-AppXDeployment-Server' Guid='{3f471139-acb7-4a01-b7a7-ff5da4ba2d43}'></Provider>
    <EventID>10000</EventID>
    <Version>0</Version>
    <Level>5</Level>
    <Task>4</Task>
    <Opcode>0</Opcode>
    <Keywords>0x4000000000000001</Keywords>
    <TimeCreated SystemTime='2026-06-25T09:22:28.9672744Z'></TimeCreated>
    <EventRecordID>233378</EventRecordID>
    <Correlation ActivityID='{f3813d9a-03cc-000d-b46c-aef3cc03dd01}'></Correlation>
    <Execution ProcessID='21068' ThreadID='17576'></Execution>
    <Channel>Microsoft-Windows-AppXDeploymentServer/Operational</Channel>
    <Computer>DESKTOP-JE7NNEN</Computer>
    <Security UserID='S-1-5-18'></Security>
  </System>
  <EventData>
    <Data Name='PackageFullName'>Microsoft.PowerToys.PowerRenameContextMenu_0.100.1.0_neutral__8wekyb3d8bbwe</Data>
    <Data Name='ErrorCode'>0x0</Data>
  </EventData>
</Event>


<Event xmlns='http://schemas.microsoft.com/win/2004/08/events/event'>
  <System>
    <Provider Name='Microsoft-Windows-AppXDeployment-Server' Guid='{3f471139-acb7-4a01-b7a7-ff5da4ba2d43}'></Provider>
    <EventID>5507</EventID>
    <Version>0</Version>
    <Level>5</Level>
    <Task>0</Task>
    <Opcode>0</Opcode>
    <Keywords>0x4000000000100000</Keywords>
    <TimeCreated SystemTime='2026-06-25T09:22:29.2855128Z'></TimeCreated>
    <EventRecordID>233379</EventRecordID>
    <Correlation ActivityID='{f3813d9a-03cc-000d-b46c-aef3cc03dd01}'></Correlation>
    <Execution ProcessID='21068' ThreadID='17576'></Execution>
    <Channel>Microsoft-Windows-AppXDeploymentServer/Operational</Channel>
    <Computer>DESKTOP-JE7NNEN</Computer>
    <Security UserID='S-1-12-1-1924906136-1125473986-2706025896-676455228'></Security>
  </System>
  <EventData>
    <Data Name='PackageName'>Microsoft.PowerToys.PowerRenameContextMenu_0.100.1.0_neutral__8wekyb3d8bbwe</Data>
    <Data Name='FilePath'>C:\Program Files\WindowsApps\Microsoft.PowerToys.PowerRenameContextMenu_0.100.1.0_neutral__8wekyb3d8bbwe\microsoft.system.package.metadata\S-1-12-1-1924906136-1125473986-2706025896-676455228-MergedResources-*.pri</Data>
    <Data Name='Message'>No user-specific merged files found</Data>
  </EventData>
</Event>


<Event xmlns='http://schemas.microsoft.com/win/2004/08/events/event'>
  <System>
    <Provider Name='Microsoft-Windows-AppXDeployment-Server' Guid='{3f471139-acb7-4a01-b7a7-ff5da4ba2d43}'></Provider>
    <EventID>5507</EventID>
    <Version>0</Version>
    <Level>5</Level>
    <Task>0</Task>
    <Opcode>0</Opcode>
    <Keywords>0x4000000000100000</Keywords>
    <TimeCreated SystemTime='2026-06-25T09:22:29.2858247Z'></TimeCreated>
    <EventRecordID>233380</EventRecordID>
    <Correlation ActivityID='{f3813d9a-03cc-000d-b46c-aef3cc03dd01}'></Correlation>
    <Execution ProcessID='21068' ThreadID='17576'></Execution>
    <Channel>Microsoft-Windows-AppXDeploymentServer/Operational</Channel>
    <Computer>DESKTOP-JE7NNEN</Computer>
    <Security UserID='S-1-12-1-1924906136-1125473986-2706025896-676455228'></Security>
  </System>
  <EventData>
    <Data Name='PackageName'>Microsoft.PowerToys.PowerRenameContextMenu_0.100.1.0_neutral__8wekyb3d8bbwe</Data>
    <Data Name='FilePath'>C:\Program Files\WindowsApps\Microsoft.PowerToys.PowerRenameContextMenu_0.100.1.0_neutral__8wekyb3d8bbwe\microsoft.system.package.metadata\Resources.????????.pri</Data>
    <Data Name='Message'>No shared merged files found</Data>
  </EventData>
</Event>


<Event xmlns='http://schemas.microsoft.com/win/2004/08/events/event'>
  <System>
    <Provider Name='Microsoft-Windows-AppXDeployment-Server' Guid='{3f471139-acb7-4a01-b7a7-ff5da4ba2d43}'></Provider>
    <EventID>5507</EventID>
    <Version>0</Version>
    <Level>5</Level>
    <Task>0</Task>
    <Opcode>0</Opcode>
    <Keywords>0x4000000000100000</Keywords>
    <TimeCreated SystemTime='2026-06-25T09:22:29.2861019Z'></TimeCreated>
    <EventRecordID>233381</EventRecordID>
    <Correlation ActivityID='{f3813d9a-03cc-000d-b46c-aef3cc03dd01}'></Correlation>
    <Execution ProcessID='21068' ThreadID='17576'></Execution>
    <Channel>Microsoft-Windows-AppXDeploymentServer/Operational</Channel>
    <Computer>DESKTOP-JE7NNEN</Computer>
    <Security UserID='S-1-12-1-1924906136-1125473986-2706025896-676455228'></Security>
  </System>
  <EventData>
    <Data Name='PackageName'>Microsoft.PowerToys.PowerRenameContextMenu_0.100.1.0_neutral__8wekyb3d8bbwe</Data>
    <Data Name='FilePath'>C:\Program Files\WindowsApps\Microsoft.PowerToys.PowerRenameContextMenu_0.100.1.0_neutral__8wekyb3d8bbwe\microsoft.system.package.metadata\S-1-12-1-1924906136-1125473986-2706025896-676455228-MergedResources-*.pri</Data>
    <Data Name='Message'>No user-specific merged files found</Data>
  </EventData>
</Event>


<Event xmlns='http://schemas.microsoft.com/win/2004/08/events/event'>
  <System>
    <Provider Name='Microsoft-Windows-AppXDeployment-Server' Guid='{3f471139-acb7-4a01-b7a7-ff5da4ba2d43}'></Provider>
    <EventID>5507</EventID>
    <Version>0</Version>
    <Level>5</Level>
    <Task>0</Task>
    <Opcode>0</Opcode>
    <Keywords>0x4000000000100000</Keywords>
    <TimeCreated SystemTime='2026-06-25T09:22:29.2863179Z'></TimeCreated>
    <EventRecordID>233382</EventRecordID>
    <Correlation ActivityID='{f3813d9a-03cc-000d-b46c-aef3cc03dd01}'></Correlation>
    <Execution ProcessID='21068' ThreadID='17576'></Execution>
    <Channel>Microsoft-Windows-AppXDeploymentServer/Operational</Channel>
    <Computer>DESKTOP-JE7NNEN</Computer>
    <Security UserID='S-1-12-1-1924906136-1125473986-2706025896-676455228'></Security>
  </System>
  <EventData>
    <Data Name='PackageName'>Microsoft.PowerToys.PowerRenameContextMenu_0.100.1.0_neutral__8wekyb3d8bbwe</Data>
    <Data Name='FilePath'>C:\Program Files\WindowsApps\Microsoft.PowerToys.PowerRenameContextMenu_0.100.1.0_neutral__8wekyb3d8bbwe\microsoft.system.package.metadata\Resources.????????.pri</Data>
    <Data Name='Message'>No shared merged files found</Data>
  </EventData>
</Event>


<Event xmlns='http://schemas.microsoft.com/win/2004/08/events/event'>
  <System>
    <Provider Name='Microsoft-Windows-AppXDeployment-Server' Guid='{3f471139-acb7-4a01-b7a7-ff5da4ba2d43}'></Provider>
    <EventID>10001</EventID>
    <Version>0</Version>
    <Level>5</Level>
    <Task>4</Task>
    <Opcode>0</Opcode>
    <Keywords>0x4000000000000001</Keywords>
    <TimeCreated SystemTime='2026-06-25T09:22:30.6131530Z'></TimeCreated>
    <EventRecordID>233383</EventRecordID>
    <Correlation ActivityID='{f3813d9a-03cc-000d-b46c-aef3cc03dd01}'></Correlation>
    <Execution ProcessID='21068' ThreadID='17576'></Execution>
    <Channel>Microsoft-Windows-AppXDeploymentServer/Operational</Channel>
    <Computer>DESKTOP-JE7NNEN</Computer>
    <Security UserID='S-1-5-18'></Security>
  </System>
  <EventData>
    <Data Name='PackageFullName'>Microsoft.PowerToys.PowerRenameContextMenu_0.100.1.0_neutral__8wekyb3d8bbwe</Data>
    <Data Name='ErrorCode'>0x0</Data>
  </EventData>
</Event>


<Event xmlns='http://schemas.microsoft.com/win/2004/08/events/event'>
  <System>
    <Provider Name='Microsoft-Windows-AppXDeployment-Server' Guid='{3f471139-acb7-4a01-b7a7-ff5da4ba2d43}'></Provider>
    <EventID>10001</EventID>
    <Version>0</Version>
    <Level>5</Level>
    <Task>4</Task>
    <Opcode>0</Opcode>
    <Keywords>0x4000000000000001</Keywords>
    <TimeCreated SystemTime='2026-06-25T09:22:30.6132303Z'></TimeCreated>
    <EventRecordID>233384</EventRecordID>
    <Correlation ActivityID='{f3813d9a-03cc-000d-b46c-aef3cc03dd01}'></Correlation>
    <Execution ProcessID='21068' ThreadID='17576'></Execution>
    <Channel>Microsoft-Windows-AppXDeploymentServer/Operational</Channel>
    <Computer>DESKTOP-JE7NNEN</Computer>
    <Security UserID='S-1-5-18'></Security>
  </System>
  <EventData>
    <Data Name='PackageFullName'>Microsoft.PowerToys.PowerRenameContextMenu_0.100.1.0_neutral__8wekyb3d8bbwe</Data>
    <Data Name='ErrorCode'>0x0</Data>
  </EventData>
</Event>


<Event xmlns='http://schemas.microsoft.com/win/2004/08/events/event'>
  <System>
    <Provider Name='Microsoft-Windows-AppXDeployment-Server' Guid='{3f471139-acb7-4a01-b7a7-ff5da4ba2d43}'></Provider>
    <EventID>400</EventID>
    <Version>0</Version>
    <Level>4</Level>
    <Task>3</Task>
    <Opcode>2</Opcode>
    <Keywords>0x4000000000000001</Keywords>
    <TimeCreated SystemTime='2026-06-25T09:22:30.6674269Z'></TimeCreated>
    <EventRecordID>233385</EventRecordID>
    <Correlation ActivityID='{f3813d9a-03cc-000d-b46c-aef3cc03dd01}'></Correlation>
    <Execution ProcessID='21068' ThreadID='17576'></Execution>
    <Channel>Microsoft-Windows-AppXDeploymentServer/Operational</Channel>
    <Computer>DESKTOP-JE7NNEN</Computer>
    <Security UserID='S-1-12-1-1924906136-1125473986-2706025896-676455228'></Security>
  </System>
  <EventData>
    <Data Name='DeploymentOperation'>1</Data>
    <Data Name='PackageFullName'>Microsoft.PowerToys.PowerRenameContextMenu_0.100.1.0_neutral__8wekyb3d8bbwe</Data>
    <Data Name='Path'> (PowerRenameContextMenuPackage.msix) </Data>
    <Data Name='MountPoint'>C:</Data>
    <Data Name='TargetPlatform'>0x3</Data>
    <Data Name='SystemVolume'>true</Data>
    <Data Name='StorageId'>\\?\Volume{a148554c-efac-4b17-b694-ad743f18daf6}</Data>
    <Data Name='IsCentennial'>true</Data>
    <Data Name='PackageType'>0x1</Data>
    <Data Name='IsPackageEncrypted'>false</Data>
    <Data Name='DeploymentOptions'>0x40000000040000</Data>
    <Data Name='IsStreamingPackage'>false</Data>
    <Data Name='IsInRelatedSet'>false</Data>
    <Data Name='IsPackageUsingBDC'>false</Data>
    <Data Name='MainPackageFamilyName'>NULL</Data>
    <Data Name='CallingProcess'>PowerToys.exe</Data>
    <Data Name='IsOptional'>false</Data>
    <Data Name='PackageFlags'>0xb0004c</Data>
    <Data Name='PackageFlags2'>0x0</Data>
    <Data Name='HasWin32alacarte'>true</Data>
    <Data Name='HasFullTrust'>true</Data>
    <Data Name='ExternalLocation'>WinUI3Apps</Data>
    <Data Name='PackageSourceUri'>file:///C:/Users/mimichalis/AppData/Local/PowerToys/WinUI3Apps/PowerRenameContextMenuPackage.msix</Data>
    <Data Name='PackageDisplayName'>PowerToys PowerRename Context Menu</Data>
  </EventData>
</Event>


<Event xmlns='http://schemas.microsoft.com/win/2004/08/events/event'>
  <System>
    <Provider Name='Microsoft-Windows-AppXDeployment-Server' Guid='{3f471139-acb7-4a01-b7a7-ff5da4ba2d43}'></Provider>
    <EventID>472</EventID>
    <Version>0</Version>
    <Level>5</Level>
    <Task>5</Task>
    <Opcode>0</Opcode>
    <Keywords>0x4000000000000001</Keywords>
    <TimeCreated SystemTime='2026-06-25T09:22:30.8581728Z'></TimeCreated>
    <EventRecordID>233386</EventRecordID>
    <Correlation ActivityID='{f3813d9a-03cc-000d-b46c-aef3cc03dd01}'></Correlation>
    <Execution ProcessID='21068' ThreadID='17576'></Execution>
    <Channel>Microsoft-Windows-AppXDeploymentServer/Operational</Channel>
    <Computer>DESKTOP-JE7NNEN</Computer>
    <Security UserID='S-1-5-18'></Security>
  </System>
  <EventData>
    <Data Name='SourceFolderPath'>\\?\C:\Program Files\WindowsApps\Microsoft.PowerToys.PowerRenameContextMenu_0.100.0.0_neutral__8wekyb3d8bbwe</Data>
    <Data Name='DestinationFolderPath'>\\?\C:\Program Files\WindowsApps\Deleted\Microsoft.PowerToys.PowerRenameContextMenu_0.100.0.0_neutral__8wekyb3d8bbwe846c06d3-cbba-480d-8998-a61fac04ad29</Data>
    <Data Name='ErrorCode'>0x0</Data>
  </EventData>
</Event>


<Event xmlns='http://schemas.microsoft.com/win/2004/08/events/event'>
  <System>
    <Provider Name='Microsoft-Windows-AppXDeployment-Server' Guid='{3f471139-acb7-4a01-b7a7-ff5da4ba2d43}'></Provider>
    <EventID>613</EventID>
    <Version>0</Version>
    <Level>4</Level>
    <Task>3</Task>
    <Opcode>0</Opcode>
    <Keywords>0x4000000000000001</Keywords>
    <TimeCreated SystemTime='2026-06-25T09:22:30.9253938Z'></TimeCreated>
    <EventRecordID>233387</EventRecordID>
    <Correlation ActivityID='{f3813d9a-03cc-000d-b46c-aef3cc03dd01}'></Correlation>
    <Execution ProcessID='21068' ThreadID='17576'></Execution>
    <Channel>Microsoft-Windows-AppXDeploymentServer/Operational</Channel>
    <Computer>DESKTOP-JE7NNEN</Computer>
    <Security UserID='S-1-12-1-1924906136-1125473986-2706025896-676455228'></Security>
  </System>
  <EventData>
    <Data Name='DeploymentOperation'>1</Data>
    <Data Name='PackageFullName'>Microsoft.PowerToys.PowerRenameContextMenu_0.100.1.0_neutral__8wekyb3d8bbwe</Data>
    <Data Name='Summary'>
Overall time: 4906 ms
Enqueue cost: 141 ms
Dequeue delay: 0 ms
Bundle processing cost: 0 ms
Indexing cost: 265 ms
Resolve dependency cost: 79 ms
Check approval cost: 15 ms
Evaluation cost: 1016 ms
Hardlinking evaluation cost: 562 ms
Stage required cost: 78 ms
Flushing and closing files cost: 0 ms
Gap: 1516 ms
Machine register cost: 46 ms
Stage user data cost: 0 ms
Registration cost: 125 ms
Gap: 891 ms
Repository commit transaction cost: 422 ms
Gap: 250 ms
Data flush cost: 0 ms
Post DeStage repository commit transaction cost: 47 ms
Remaining cost: 15 ms
</Data>
  </EventData>
</Event>


<Event xmlns='http://schemas.microsoft.com/win/2004/08/events/event'>
  <System>
    <Provider Name='Microsoft-Windows-AppXDeployment-Server' Guid='{3f471139-acb7-4a01-b7a7-ff5da4ba2d43}'></Provider>
    <EventID>603</EventID>
    <Version>0</Version>
    <Level>4</Level>
    <Task>3</Task>
    <Opcode>0</Opcode>
    <Keywords>0x4000000000000001</Keywords>
    <TimeCreated SystemTime='2026-06-25T11:56:06.7480220Z'></TimeCreated>
    <EventRecordID>233404</EventRecordID>
    <Correlation ActivityID='{f3813d9a-03cc-0010-7592-c7f3cc03dd01}'></Correlation>
    <Execution ProcessID='22328' ThreadID='29600'></Execution>
    <Channel>Microsoft-Windows-AppXDeploymentServer/Operational</Channel>
    <Computer>DESKTOP-JE7NNEN</Computer>
    <Security UserID='S-1-12-1-1924906136-1125473986-2706025896-676455228'></Security>
  </System>
  <EventData>
    <Data Name='DeploymentOperation'>1</Data>
    <Data Name='Path'>FileLocksmithContextMenuPackage.msix</Data>
    <Data Name='Flags'>262144</Data>
    <Data Name='FlagsHigh'>0</Data>
    <Data Name='CallingProcess'>PowerToys.exe</Data>
    <Data Name='ExternalLocation'>WinUI3Apps</Data>
  </EventData>
</Event>


<Event xmlns='http://schemas.microsoft.com/win/2004/08/events/event'>
  <System>
    <Provider Name='Microsoft-Windows-AppXDeployment-Server' Guid='{3f471139-acb7-4a01-b7a7-ff5da4ba2d43}'></Provider>
    <EventID>10002</EventID>
    <Version>0</Version>
    <Level>5</Level>
    <Task>3</Task>
    <Opcode>0</Opcode>
    <Keywords>0x4000000000000001</Keywords>
    <TimeCreated SystemTime='2026-06-25T11:56:07.0897186Z'></TimeCreated>
    <EventRecordID>233405</EventRecordID>
    <Correlation ActivityID='{f3813d9a-03cc-0010-7592-c7f3cc03dd01}'></Correlation>
    <Execution ProcessID='22328' ThreadID='5876'></Execution>
    <Channel>Microsoft-Windows-AppXDeploymentServer/Operational</Channel>
    <Computer>DESKTOP-JE7NNEN</Computer>
    <Security UserID='S-1-5-18'></Security>
  </System>
  <EventData>
    <Data Name='DeploymentOperation'>1</Data>
    <Data Name='MainPackageMoniker'>Microsoft.PowerToys.FileLocksmithContextMenu_0.100.1.0_neutral__8wekyb3d8bbwe</Data>
    <Data Name='ResiliencyFilePath'>C:\ProgramData\Microsoft\Windows\AppRepository\46d2240a-36f0-4298-93f7-91ac66806e95_S-1-12-1-1924906136-1125473986-2706025896-676455228_1.rslc</Data>
  </EventData>
</Event>


<Event xmlns='http://schemas.microsoft.com/win/2004/08/events/event'>
  <System>
    <Provider Name='Microsoft-Windows-AppXDeployment-Server' Guid='{3f471139-acb7-4a01-b7a7-ff5da4ba2d43}'></Provider>
    <EventID>607</EventID>
    <Version>0</Version>
    <Level>4</Level>
    <Task>0</Task>
    <Opcode>0</Opcode>
    <Keywords>0x4000000000000001</Keywords>
    <TimeCreated SystemTime='2026-06-25T11:56:07.0928442Z'></TimeCreated>
    <EventRecordID>233406</EventRecordID>
    <Correlation ActivityID='{f3813d9a-03cc-0010-7592-c7f3cc03dd01}'></Correlation>
    <Execution ProcessID='22328' ThreadID='5876'></Execution>
    <Channel>Microsoft-Windows-AppXDeploymentServer/Operational</Channel>
    <Computer>DESKTOP-JE7NNEN</Computer>
    <Security UserID='S-1-12-1-1924906136-1125473986-2706025896-676455228'></Security>
  </System>
  <EventData>
    <Data Name='DeploymentOperation'>1</Data>
    <Data Name='PackageFullName'>Microsoft.PowerToys.FileLocksmithContextMenu_0.100.1.0_neutral__8wekyb3d8bbwe</Data>
    <Data Name='UserSid'>S-1-12-1-1924906136-1125473986-2706025896-676455228</Data>
    <Data Name='CallingProcess'>PowerToys.exe</Data>
  </EventData>
</Event>


<Event xmlns='http://schemas.microsoft.com/win/2004/08/events/event'>
  <System>
    <Provider Name='Microsoft-Windows-AppXDeployment-Server' Guid='{3f471139-acb7-4a01-b7a7-ff5da4ba2d43}'></Provider>
    <EventID>854</EventID>
    <Version>0</Version>
    <Level>4</Level>
    <Task>3</Task>
    <Opcode>0</Opcode>
    <Keywords>0x4000000000000001</Keywords>
    <TimeCreated SystemTime='2026-06-25T11:56:07.0941182Z'></TimeCreated>
    <EventRecordID>233407</EventRecordID>
    <Correlation ActivityID='{f3813d9a-03cc-0010-7592-c7f3cc03dd01}'></Correlation>
    <Execution ProcessID='22328' ThreadID='5876'></Execution>
    <Channel>Microsoft-Windows-AppXDeploymentServer/Operational</Channel>
    <Computer>DESKTOP-JE7NNEN</Computer>
    <Security UserID='S-1-12-1-1924906136-1125473986-2706025896-676455228'></Security>
  </System>
  <EventData>
    <Data Name='Path'> file:///C:/Users/mimichalis/AppData/Local/PowerToys/WinUI3Apps/FileLocksmithContextMenuPackage.msix</Data>
  </EventData>
</Event>


<Event xmlns='http://schemas.microsoft.com/win/2004/08/events/event'>
  <System>
    <Provider Name='Microsoft-Windows-AppXDeployment-Server' Guid='{3f471139-acb7-4a01-b7a7-ff5da4ba2d43}'></Provider>
    <EventID>855</EventID>
    <Version>0</Version>
    <Level>4</Level>
    <Task>4</Task>
    <Opcode>0</Opcode>
    <Keywords>0x4000000000000001</Keywords>
    <TimeCreated SystemTime='2026-06-25T11:56:07.1633197Z'></TimeCreated>
    <EventRecordID>233408</EventRecordID>
    <Correlation ActivityID='{f3813d9a-03cc-0010-7592-c7f3cc03dd01}'></Correlation>
    <Execution ProcessID='22328' ThreadID='5876'></Execution>
    <Channel>Microsoft-Windows-AppXDeploymentServer/Operational</Channel>
    <Computer>DESKTOP-JE7NNEN</Computer>
    <Security UserID='S-1-12-1-1924906136-1125473986-2706025896-676455228'></Security>
  </System>
  <EventData>
    <Data Name='PackageMoniker'> addPackageList: Microsoft.PowerToys.FileLocksmithContextMenu_0.100.1.0_neutral__8wekyb3d8bbwe</Data>
  </EventData>
</Event>


<Event xmlns='http://schemas.microsoft.com/win/2004/08/events/event'>
  <System>
    <Provider Name='Microsoft-Windows-AppXDeployment-Server' Guid='{3f471139-acb7-4a01-b7a7-ff5da4ba2d43}'></Provider>
    <EventID>10000</EventID>
    <Version>0</Version>
    <Level>5</Level>
    <Task>4</Task>
    <Opcode>0</Opcode>
    <Keywords>0x4000000000000001</Keywords>
    <TimeCreated SystemTime='2026-06-25T11:56:07.2439262Z'></TimeCreated>
    <EventRecordID>233409</EventRecordID>
    <Correlation ActivityID='{f3813d9a-03cc-0010-7592-c7f3cc03dd01}'></Correlation>
    <Execution ProcessID='22328' ThreadID='5876'></Execution>
    <Channel>Microsoft-Windows-AppXDeploymentServer/Operational</Channel>
    <Computer>DESKTOP-JE7NNEN</Computer>
    <Security UserID='S-1-5-18'></Security>
  </System>
  <EventData>
    <Data Name='PackageFullName'>Microsoft.PowerToys.FileLocksmithContextMenu_0.100.1.0_neutral__8wekyb3d8bbwe</Data>
    <Data Name='ErrorCode'>0x0</Data>
  </EventData>
</Event>


<Event xmlns='http://schemas.microsoft.com/win/2004/08/events/event'>
  <System>
    <Provider Name='Microsoft-Windows-AppXDeployment-Server' Guid='{3f471139-acb7-4a01-b7a7-ff5da4ba2d43}'></Provider>
    <EventID>5507</EventID>
    <Version>0</Version>
    <Level>5</Level>
    <Task>0</Task>
    <Opcode>0</Opcode>
    <Keywords>0x4000000000100000</Keywords>
    <TimeCreated SystemTime='2026-06-25T11:56:07.7612276Z'></TimeCreated>
    <EventRecordID>233410</EventRecordID>
    <Correlation ActivityID='{f3813d9a-03cc-0010-7592-c7f3cc03dd01}'></Correlation>
    <Execution ProcessID='22328' ThreadID='5876'></Execution>
    <Channel>Microsoft-Windows-AppXDeploymentServer/Operational</Channel>
    <Computer>DESKTOP-JE7NNEN</Computer>
    <Security UserID='S-1-12-1-1924906136-1125473986-2706025896-676455228'></Security>
  </System>
  <EventData>
    <Data Name='PackageName'>Microsoft.PowerToys.FileLocksmithContextMenu_0.100.1.0_neutral__8wekyb3d8bbwe</Data>
    <Data Name='FilePath'>C:\Program Files\WindowsApps\Microsoft.PowerToys.FileLocksmithContextMenu_0.100.1.0_neutral__8wekyb3d8bbwe\microsoft.system.package.metadata\S-1-12-1-1924906136-1125473986-2706025896-676455228-MergedResources-*.pri</Data>
    <Data Name='Message'>No user-specific merged files found</Data>
  </EventData>
</Event>


<Event xmlns='http://schemas.microsoft.com/win/2004/08/events/event'>
  <System>
    <Provider Name='Microsoft-Windows-AppXDeployment-Server' Guid='{3f471139-acb7-4a01-b7a7-ff5da4ba2d43}'></Provider>
    <EventID>5507</EventID>
    <Version>0</Version>
    <Level>5</Level>
    <Task>0</Task>
    <Opcode>0</Opcode>
    <Keywords>0x4000000000100000</Keywords>
    <TimeCreated SystemTime='2026-06-25T11:56:07.7613657Z'></TimeCreated>
    <EventRecordID>233411</EventRecordID>
    <Correlation ActivityID='{f3813d9a-03cc-0010-7592-c7f3cc03dd01}'></Correlation>
    <Execution ProcessID='22328' ThreadID='5876'></Execution>
    <Channel>Microsoft-Windows-AppXDeploymentServer/Operational</Channel>
    <Computer>DESKTOP-JE7NNEN</Computer>
    <Security UserID='S-1-12-1-1924906136-1125473986-2706025896-676455228'></Security>
  </System>
  <EventData>
    <Data Name='PackageName'>Microsoft.PowerToys.FileLocksmithContextMenu_0.100.1.0_neutral__8wekyb3d8bbwe</Data>
    <Data Name='FilePath'>C:\Program Files\WindowsApps\Microsoft.PowerToys.FileLocksmithContextMenu_0.100.1.0_neutral__8wekyb3d8bbwe\microsoft.system.package.metadata\Resources.????????.pri</Data>
    <Data Name='Message'>No shared merged files found</Data>
  </EventData>
</Event>


<Event xmlns='http://schemas.microsoft.com/win/2004/08/events/event'>
  <System>
    <Provider Name='Microsoft-Windows-AppXDeployment-Server' Guid='{3f471139-acb7-4a01-b7a7-ff5da4ba2d43}'></Provider>
    <EventID>5507</EventID>
    <Version>0</Version>
    <Level>5</Level>
    <Task>0</Task>
    <Opcode>0</Opcode>
    <Keywords>0x4000000000100000</Keywords>
    <TimeCreated SystemTime='2026-06-25T11:56:07.7614930Z'></TimeCreated>
    <EventRecordID>233412</EventRecordID>
    <Correlation ActivityID='{f3813d9a-03cc-0010-7592-c7f3cc03dd01}'></Correlation>
    <Execution ProcessID='22328' ThreadID='5876'></Execution>
    <Channel>Microsoft-Windows-AppXDeploymentServer/Operational</Channel>
    <Computer>DESKTOP-JE7NNEN</Computer>
    <Security UserID='S-1-12-1-1924906136-1125473986-2706025896-676455228'></Security>
  </System>
  <EventData>
    <Data Name='PackageName'>Microsoft.PowerToys.FileLocksmithContextMenu_0.100.1.0_neutral__8wekyb3d8bbwe</Data>
    <Data Name='FilePath'>C:\Program Files\WindowsApps\Microsoft.PowerToys.FileLocksmithContextMenu_0.100.1.0_neutral__8wekyb3d8bbwe\microsoft.system.package.metadata\S-1-12-1-1924906136-1125473986-2706025896-676455228-MergedResources-*.pri</Data>
    <Data Name='Message'>No user-specific merged files found</Data>
  </EventData>
</Event>


<Event xmlns='http://schemas.microsoft.com/win/2004/08/events/event'>
  <System>
    <Provider Name='Microsoft-Windows-AppXDeployment-Server' Guid='{3f471139-acb7-4a01-b7a7-ff5da4ba2d43}'></Provider>
    <EventID>5507</EventID>
    <Version>0</Version>
    <Level>5</Level>
    <Task>0</Task>
    <Opcode>0</Opcode>
    <Keywords>0x4000000000100000</Keywords>
    <TimeCreated SystemTime='2026-06-25T11:56:07.7615966Z'></TimeCreated>
    <EventRecordID>233413</EventRecordID>
    <Correlation ActivityID='{f3813d9a-03cc-0010-7592-c7f3cc03dd01}'></Correlation>
    <Execution ProcessID='22328' ThreadID='5876'></Execution>
    <Channel>Microsoft-Windows-AppXDeploymentServer/Operational</Channel>
    <Computer>DESKTOP-JE7NNEN</Computer>
    <Security UserID='S-1-12-1-1924906136-1125473986-2706025896-676455228'></Security>
  </System>
  <EventData>
    <Data Name='PackageName'>Microsoft.PowerToys.FileLocksmithContextMenu_0.100.1.0_neutral__8wekyb3d8bbwe</Data>
    <Data Name='FilePath'>C:\Program Files\WindowsApps\Microsoft.PowerToys.FileLocksmithContextMenu_0.100.1.0_neutral__8wekyb3d8bbwe\microsoft.system.package.metadata\Resources.????????.pri</Data>
    <Data Name='Message'>No shared merged files found</Data>
  </EventData>
</Event>


<Event xmlns='http://schemas.microsoft.com/win/2004/08/events/event'>
  <System>
    <Provider Name='Microsoft-Windows-AppXDeployment-Server' Guid='{3f471139-acb7-4a01-b7a7-ff5da4ba2d43}'></Provider>
    <EventID>10001</EventID>
    <Version>0</Version>
    <Level>5</Level>
    <Task>4</Task>
    <Opcode>0</Opcode>
    <Keywords>0x4000000000000001</Keywords>
    <TimeCreated SystemTime='2026-06-25T11:56:08.3955658Z'></TimeCreated>
    <EventRecordID>233414</EventRecordID>
    <Correlation ActivityID='{f3813d9a-03cc-0010-7592-c7f3cc03dd01}'></Correlation>
    <Execution ProcessID='22328' ThreadID='5876'></Execution>
    <Channel>Microsoft-Windows-AppXDeploymentServer/Operational</Channel>
    <Computer>DESKTOP-JE7NNEN</Computer>
    <Security UserID='S-1-5-18'></Security>
  </System>
  <EventData>
    <Data Name='PackageFullName'>Microsoft.PowerToys.FileLocksmithContextMenu_0.100.1.0_neutral__8wekyb3d8bbwe</Data>
    <Data Name='ErrorCode'>0x0</Data>
  </EventData>
</Event>


<Event xmlns='http://schemas.microsoft.com/win/2004/08/events/event'>
  <System>
    <Provider Name='Microsoft-Windows-AppXDeployment-Server' Guid='{3f471139-acb7-4a01-b7a7-ff5da4ba2d43}'></Provider>
    <EventID>10001</EventID>
    <Version>0</Version>
    <Level>5</Level>
    <Task>4</Task>
    <Opcode>0</Opcode>
    <Keywords>0x4000000000000001</Keywords>
    <TimeCreated SystemTime='2026-06-25T11:56:08.3956599Z'></TimeCreated>
    <EventRecordID>233415</EventRecordID>
    <Correlation ActivityID='{f3813d9a-03cc-0010-7592-c7f3cc03dd01}'></Correlation>
    <Execution ProcessID='22328' ThreadID='5876'></Execution>
    <Channel>Microsoft-Windows-AppXDeploymentServer/Operational</Channel>
    <Computer>DESKTOP-JE7NNEN</Computer>
    <Security UserID='S-1-5-18'></Security>
  </System>
  <EventData>
    <Data Name='PackageFullName'>Microsoft.PowerToys.FileLocksmithContextMenu_0.100.1.0_neutral__8wekyb3d8bbwe</Data>
    <Data Name='ErrorCode'>0x0</Data>
  </EventData>
</Event>


<Event xmlns='http://schemas.microsoft.com/win/2004/08/events/event'>
  <System>
    <Provider Name='Microsoft-Windows-AppXDeployment-Server' Guid='{3f471139-acb7-4a01-b7a7-ff5da4ba2d43}'></Provider>
    <EventID>400</EventID>
    <Version>0</Version>
    <Level>4</Level>
    <Task>3</Task>
    <Opcode>2</Opcode>
    <Keywords>0x4000000000000001</Keywords>
    <TimeCreated SystemTime='2026-06-25T11:56:08.4517304Z'></TimeCreated>
    <EventRecordID>233416</EventRecordID>
    <Correlation ActivityID='{f3813d9a-03cc-0010-7592-c7f3cc03dd01}'></Correlation>
    <Execution ProcessID='22328' ThreadID='5876'></Execution>
    <Channel>Microsoft-Windows-AppXDeploymentServer/Operational</Channel>
    <Computer>DESKTOP-JE7NNEN</Computer>
    <Security UserID='S-1-12-1-1924906136-1125473986-2706025896-676455228'></Security>
  </System>
  <EventData>
    <Data Name='DeploymentOperation'>1</Data>
    <Data Name='PackageFullName'>Microsoft.PowerToys.FileLocksmithContextMenu_0.100.1.0_neutral__8wekyb3d8bbwe</Data>
    <Data Name='Path'> (FileLocksmithContextMenuPackage.msix) </Data>
    <Data Name='MountPoint'>C:</Data>
    <Data Name='TargetPlatform'>0x3</Data>
    <Data Name='SystemVolume'>true</Data>
    <Data Name='StorageId'>\\?\Volume{a148554c-efac-4b17-b694-ad743f18daf6}</Data>
    <Data Name='IsCentennial'>true</Data>
    <Data Name='PackageType'>0x1</Data>
    <Data Name='IsPackageEncrypted'>false</Data>
    <Data Name='DeploymentOptions'>0x40000000040000</Data>
    <Data Name='IsStreamingPackage'>false</Data>
    <Data Name='IsInRelatedSet'>false</Data>
    <Data Name='IsPackageUsingBDC'>false</Data>
    <Data Name='MainPackageFamilyName'>NULL</Data>
    <Data Name='CallingProcess'>PowerToys.exe</Data>
    <Data Name='IsOptional'>false</Data>
    <Data Name='PackageFlags'>0xb0044c</Data>
    <Data Name='PackageFlags2'>0x0</Data>
    <Data Name='HasWin32alacarte'>true</Data>
    <Data Name='HasFullTrust'>true</Data>
    <Data Name='ExternalLocation'>WinUI3Apps</Data>
    <Data Name='PackageSourceUri'>file:///C:/Users/mimichalis/AppData/Local/PowerToys/WinUI3Apps/FileLocksmithContextMenuPackage.msix</Data>
    <Data Name='PackageDisplayName'>PowerToys FileLocksmith Context Menu</Data>
  </EventData>
</Event>


